#
# There is insufficient memory for the Java Runtime Environment to continue.
# Native memory allocation (malloc) failed to allocate 820976 bytes for Chunk::new
# Possible reasons:
#   The system is out of physical RAM or swap space
#   The process is running with CompressedOops enabled, and the Java Heap may be blocking the growth of the native heap
# Possible solutions:
#   Reduce memory load on the system
#   Increase physical memory or swap space
#   Check if swap backing store is full
#   Decrease Java heap size (-Xmx/-Xms)
#   Decrease number of Java threads
#   Decrease Java thread stack sizes (-Xss)
#   Set larger code cache with -XX:ReservedCodeCacheSize=
#   JVM is running with Unscaled Compressed Oops mode in which the Java heap is
#     placed in the first 4GB address space. The Java Heap base address is the
#     maximum limit for the native heap growth. Please use -XX:HeapBaseMinAddress
#     to set the Java Heap base and to place the Java Heap above 4GB virtual address.
# This output file may be truncated or incomplete.
#
#  Out of Memory Error (allocation.cpp:389), pid=6876, tid=0x00000000000016f4
#
# JRE version: Java(TM) SE Runtime Environment (8.0_371) (build 1.8.0_371-b11)
# Java VM: Java HotSpot(TM) 64-Bit Server VM (25.371-b11 mixed mode windows-amd64 compressed oops)
# Failed to write core dump. Minidumps are not enabled by default on client versions of Windows
#

---------------  T H R E A D  ---------------

Current thread (0x0000021a185c0000):  JavaThread "C2 CompilerThread1" daemon [_thread_in_native, id=5876, stack(0x00000028f4300000,0x00000028f4400000)]

Stack: [0x00000028f4300000,0x00000028f4400000]
Native frames: (J=compiled Java code, j=interpreted, Vv=VM code, C=native code)
V  [jvm.dll+0x34d9f9]
V  [jvm.dll+0x28aa12]
V  [jvm.dll+0x28b5dd]
V  [jvm.dll+0x281da5]
V  [jvm.dll+0xdb51c]
V  [jvm.dll+0xdbd2c]
V  [jvm.dll+0x4779e2]
V  [jvm.dll+0x4b7f0b]
V  [jvm.dll+0x466126]
V  [jvm.dll+0x463622]
V  [jvm.dll+0x44d45b]
V  [jvm.dll+0xb02c6]
V  [jvm.dll+0xae99f]
V  [jvm.dll+0x24e572]
V  [jvm.dll+0x2a76ac]
C  [ucrtbase.dll+0x210b2]
C  [KERNEL32.DLL+0x17c24]
C  [ntdll.dll+0x6d721]


Current CompileTask:
C2:  10799 2279       4       javax.swing.plaf.nimbus.NimbusStyle::validate (1178 bytes)


---------------  P R O C E S S  ---------------

Java Threads: ( => current thread )
  0x0000021a1a317000 JavaThread "Abandoned connection cleanup thread" daemon [_thread_blocked, id=6476, stack(0x00000028f5000000,0x00000028f5100000)]
  0x0000021a19f1c800 JavaThread "TimerQueue" daemon [_thread_blocked, id=2712, stack(0x00000028f4b00000,0x00000028f4c00000)]
  0x0000021a04a79800 JavaThread "DestroyJavaVM" [_thread_blocked, id=3804, stack(0x00000028f3800000,0x00000028f3900000)]
  0x0000021a1954a800 JavaThread "AWT-EventQueue-0" [_thread_blocked, id=10524, stack(0x00000028f4a00000,0x00000028f4b00000)]
  0x0000021a194a5000 JavaThread "AWT-Windows" daemon [_thread_in_vm, id=6072, stack(0x00000028f4900000,0x00000028f4a00000)]
  0x0000021a194a2800 JavaThread "AWT-Shutdown" [_thread_blocked, id=5504, stack(0x00000028f4800000,0x00000028f4900000)]
  0x0000021a1948b000 JavaThread "Java2D Disposer" daemon [_thread_blocked, id=5864, stack(0x00000028f4700000,0x00000028f4800000)]
  0x0000021a18649800 JavaThread "Service Thread" daemon [_thread_blocked, id=8108, stack(0x00000028f4500000,0x00000028f4600000)]
  0x0000021a185ce000 JavaThread "C1 CompilerThread2" daemon [_thread_blocked, id=6512, stack(0x00000028f4400000,0x00000028f4500000)]
=>0x0000021a185c0000 JavaThread "C2 CompilerThread1" daemon [_thread_in_native, id=5876, stack(0x00000028f4300000,0x00000028f4400000)]
  0x0000021a185be000 JavaThread "C2 CompilerThread0" daemon [_thread_blocked, id=3900, stack(0x00000028f4200000,0x00000028f4300000)]
  0x0000021a185bb000 JavaThread "Attach Listener" daemon [_thread_blocked, id=8376, stack(0x00000028f4100000,0x00000028f4200000)]
  0x0000021a185ba000 JavaThread "Signal Dispatcher" daemon [_thread_blocked, id=9900, stack(0x00000028f4000000,0x00000028f4100000)]
  0x0000021a17e5a800 JavaThread "Finalizer" daemon [_thread_blocked, id=9444, stack(0x00000028f3f00000,0x00000028f4000000)]
  0x0000021a17e5a000 JavaThread "Reference Handler" daemon [_thread_blocked, id=7436, stack(0x00000028f3e00000,0x00000028f3f00000)]

Other Threads:
  0x0000021a18574000 VMThread [stack: 0x00000028f3d00000,0x00000028f3e00000] [id=9352]
  0x0000021a1865d000 WatcherThread [stack: 0x00000028f4600000,0x00000028f4700000] [id=9268]

VM state:not at safepoint (normal execution)

VM Mutex/Monitor currently owned by a thread: None

heap address: 0x00000000cbc00000, size: 836 MB, Compressed Oops mode: 32-bit
Narrow klass base: 0x0000000000000000, Narrow klass shift: 3
Compressed class space size: 1073741824 Address: 0x0000000100000000

Heap:
 PSYoungGen      total 71680K, used 43603K [0x00000000ee980000, 0x00000000f7580000, 0x0000000100000000)
  eden space 57344K, 74% used [0x00000000ee980000,0x00000000f1349fa0,0x00000000f2180000)
  from space 14336K, 5% used [0x00000000f2180000,0x00000000f224ad60,0x00000000f2f80000)
  to   space 14336K, 0% used [0x00000000f6780000,0x00000000f6780000,0x00000000f7580000)
 ParOldGen       total 36864K, used 22520K [0x00000000cbc00000, 0x00000000ce000000, 0x00000000ee980000)
  object space 36864K, 61% used [0x00000000cbc00000,0x00000000cd1fe2d8,0x00000000ce000000)
 Metaspace       used 19723K, capacity 20026K, committed 20352K, reserved 1067008K
  class space    used 2495K, capacity 2577K, committed 2688K, reserved 1048576K

Card table byte_map: [0x0000021a156c0000,0x0000021a15870000] byte_map_base: 0x0000021a15062000

Marking Bits: (ParMarkBitMap*) 0x000000006e90d980
 Begin Bits: [0x0000021a15990000, 0x0000021a166a0000)
 End Bits:   [0x0000021a166a0000, 0x0000021a173b0000)

Polling page: 0x0000021a04980000

CodeCache: size=245760Kb used=7777Kb max_used=7777Kb free=237983Kb
 bounds [0x0000021a06300000, 0x0000021a06aa0000, 0x0000021a15300000]
 total_blobs=2955 nmethods=2388 adapters=478
 compilation: enabled

Compilation events (10 events):
Event: 10.329 Thread 0x0000021a185ce000 2365       1       javax.swing.JSpinner::getUIClassID (3 bytes)
Event: 10.329 Thread 0x0000021a185ce000 nmethod 2365 0x0000021a06a6bb50 code [0x0000021a06a6bca0, 0x0000021a06a6bdb8]
Event: 10.329 Thread 0x0000021a185ce000 2367       3       java.util.IdentityHashMap$KeyIterator::next (13 bytes)
Event: 10.330 Thread 0x0000021a185ce000 nmethod 2367 0x0000021a06a74810 code [0x0000021a06a74980, 0x0000021a06a74c70]
Event: 10.330 Thread 0x0000021a185ce000 2370       3       sun.font.FontDesignMetrics::charsWidth (201 bytes)
Event: 10.332 Thread 0x0000021a185ce000 nmethod 2370 0x0000021a06a74d90 code [0x0000021a06a750a0, 0x0000021a06a763b0]
Event: 10.332 Thread 0x0000021a185ce000 2369       3       java.awt.Window::isOpaque (29 bytes)
Event: 10.333 Thread 0x0000021a185ce000 nmethod 2369 0x0000021a06a77010 code [0x0000021a06a771c0, 0x0000021a06a77800]
Event: 10.333 Thread 0x0000021a185ce000 2368       3       java.util.IdentityHashMap::unmaskNull (13 bytes)
Event: 10.333 Thread 0x0000021a185ce000 nmethod 2368 0x0000021a06a779d0 code [0x0000021a06a77b20, 0x0000021a06a77cb8]

GC Heap History (10 events):
Event: 3.541 GC heap before
{Heap before GC invocations=3 (full 0):
 PSYoungGen      total 16384K, used 16267K [0x00000000ee980000, 0x00000000efb80000, 0x0000000100000000)
  eden space 14336K, 99% used [0x00000000ee980000,0x00000000ef765d30,0x00000000ef780000)
  from space 2048K, 99% used [0x00000000ef980000,0x00000000efb7d080,0x00000000efb80000)
  to   space 2048K, 0% used [0x00000000ef780000,0x00000000ef780000,0x00000000ef980000)
 ParOldGen       total 36864K, used 5276K [0x00000000cbc00000, 0x00000000ce000000, 0x00000000ee980000)
  object space 36864K, 14% used [0x00000000cbc00000,0x00000000cc1270e8,0x00000000ce000000)
 Metaspace       used 18886K, capacity 19162K, committed 19456K, reserved 1067008K
  class space    used 2455K, capacity 2545K, committed 2560K, reserved 1048576K
Event: 3.552 GC heap after
Heap after GC invocations=3 (full 0):
 PSYoungGen      total 16384K, used 2035K [0x00000000ee980000, 0x00000000f0980000, 0x0000000100000000)
  eden space 14336K, 0% used [0x00000000ee980000,0x00000000ee980000,0x00000000ef780000)
  from space 2048K, 99% used [0x00000000ef780000,0x00000000ef97cdd8,0x00000000ef980000)
  to   space 2048K, 0% used [0x00000000f0780000,0x00000000f0780000,0x00000000f0980000)
 ParOldGen       total 36864K, used 18183K [0x00000000cbc00000, 0x00000000ce000000, 0x00000000ee980000)
  object space 36864K, 49% used [0x00000000cbc00000,0x00000000ccdc1d68,0x00000000ce000000)
 Metaspace       used 18886K, capacity 19162K, committed 19456K, reserved 1067008K
  class space    used 2455K, capacity 2545K, committed 2560K, reserved 1048576K
}
Event: 3.654 GC heap before
{Heap before GC invocations=4 (full 0):
 PSYoungGen      total 16384K, used 16284K [0x00000000ee980000, 0x00000000f0980000, 0x0000000100000000)
  eden space 14336K, 99% used [0x00000000ee980000,0x00000000ef76a288,0x00000000ef780000)
  from space 2048K, 99% used [0x00000000ef780000,0x00000000ef97cdd8,0x00000000ef980000)
  to   space 2048K, 0% used [0x00000000f0780000,0x00000000f0780000,0x00000000f0980000)
 ParOldGen       total 36864K, used 18183K [0x00000000cbc00000, 0x00000000ce000000, 0x00000000ee980000)
  object space 36864K, 49% used [0x00000000cbc00000,0x00000000ccdc1d68,0x00000000ce000000)
 Metaspace       used 18899K, capacity 19226K, committed 19456K, reserved 1067008K
  class space    used 2455K, capacity 2545K, committed 2560K, reserved 1048576K
Event: 3.658 GC heap after
Heap after GC invocations=4 (full 0):
 PSYoungGen      total 30720K, used 2019K [0x00000000ee980000, 0x00000000f0980000, 0x0000000100000000)
  eden space 28672K, 0% used [0x00000000ee980000,0x00000000ee980000,0x00000000f0580000)
  from space 2048K, 98% used [0x00000000f0780000,0x00000000f0978de8,0x00000000f0980000)
  to   space 2048K, 0% used [0x00000000f0580000,0x00000000f0580000,0x00000000f0780000)
 ParOldGen       total 36864K, used 19377K [0x00000000cbc00000, 0x00000000ce000000, 0x00000000ee980000)
  object space 36864K, 52% used [0x00000000cbc00000,0x00000000cceec588,0x00000000ce000000)
 Metaspace       used 18899K, capacity 19226K, committed 19456K, reserved 1067008K
  class space    used 2455K, capacity 2545K, committed 2560K, reserved 1048576K
}
Event: 5.654 GC heap before
{Heap before GC invocations=5 (full 0):
 PSYoungGen      total 30720K, used 30553K [0x00000000ee980000, 0x00000000f0980000, 0x0000000100000000)
  eden space 28672K, 99% used [0x00000000ee980000,0x00000000f055d798,0x00000000f0580000)
  from space 2048K, 98% used [0x00000000f0780000,0x00000000f0978de8,0x00000000f0980000)
  to   space 2048K, 0% used [0x00000000f0580000,0x00000000f0580000,0x00000000f0780000)
 ParOldGen       total 36864K, used 19377K [0x00000000cbc00000, 0x00000000ce000000, 0x00000000ee980000)
  object space 36864K, 52% used [0x00000000cbc00000,0x00000000cceec588,0x00000000ce000000)
 Metaspace       used 19021K, capacity 19290K, committed 19456K, reserved 1067008K
  class space    used 2458K, capacity 2545K, committed 2560K, reserved 1048576K
Event: 5.663 GC heap after
Heap after GC invocations=5 (full 0):
 PSYoungGen      total 30720K, used 2035K [0x00000000ee980000, 0x00000000f3e80000, 0x0000000100000000)
  eden space 28672K, 0% used [0x00000000ee980000,0x00000000ee980000,0x00000000f0580000)
  from space 2048K, 99% used [0x00000000f0580000,0x00000000f077cdd8,0x00000000f0780000)
  to   space 14848K, 0% used [0x00000000f3000000,0x00000000f3000000,0x00000000f3e80000)
 ParOldGen       total 36864K, used 20606K [0x00000000cbc00000, 0x00000000ce000000, 0x00000000ee980000)
  object space 36864K, 55% used [0x00000000cbc00000,0x00000000cd01fb78,0x00000000ce000000)
 Metaspace       used 19021K, capacity 19290K, committed 19456K, reserved 1067008K
  class space    used 2458K, capacity 2545K, committed 2560K, reserved 1048576K
}
Event: 5.927 GC heap before
{Heap before GC invocations=6 (full 0):
 PSYoungGen      total 30720K, used 30549K [0x00000000ee980000, 0x00000000f3e80000, 0x0000000100000000)
  eden space 28672K, 99% used [0x00000000ee980000,0x00000000f0558668,0x00000000f0580000)
  from space 2048K, 99% used [0x00000000f0580000,0x00000000f077cdd8,0x00000000f0780000)
  to   space 14848K, 0% used [0x00000000f3000000,0x00000000f3000000,0x00000000f3e80000)
 ParOldGen       total 36864K, used 20606K [0x00000000cbc00000, 0x00000000ce000000, 0x00000000ee980000)
  object space 36864K, 55% used [0x00000000cbc00000,0x00000000cd01fb78,0x00000000ce000000)
 Metaspace       used 19043K, capacity 19354K, committed 19712K, reserved 1067008K
  class space    used 2459K, capacity 2545K, committed 2560K, reserved 1048576K
Event: 5.933 GC heap after
Heap after GC invocations=6 (full 0):
 PSYoungGen      total 71168K, used 3237K [0x00000000ee980000, 0x00000000f3d80000, 0x0000000100000000)
  eden space 57344K, 0% used [0x00000000ee980000,0x00000000ee980000,0x00000000f2180000)
  from space 13824K, 23% used [0x00000000f3000000,0x00000000f3329608,0x00000000f3d80000)
  to   space 14336K, 0% used [0x00000000f2180000,0x00000000f2180000,0x00000000f2f80000)
 ParOldGen       total 36864K, used 20606K [0x00000000cbc00000, 0x00000000ce000000, 0x00000000ee980000)
  object space 36864K, 55% used [0x00000000cbc00000,0x00000000cd01fb78,0x00000000ce000000)
 Metaspace       used 19043K, capacity 19354K, committed 19712K, reserved 1067008K
  class space    used 2459K, capacity 2545K, committed 2560K, reserved 1048576K
}
Event: 9.219 GC heap before
{Heap before GC invocations=7 (full 0):
 PSYoungGen      total 71168K, used 60390K [0x00000000ee980000, 0x00000000f3d80000, 0x0000000100000000)
  eden space 57344K, 99% used [0x00000000ee980000,0x00000000f21502a0,0x00000000f2180000)
  from space 13824K, 23% used [0x00000000f3000000,0x00000000f3329608,0x00000000f3d80000)
  to   space 14336K, 0% used [0x00000000f2180000,0x00000000f2180000,0x00000000f2f80000)
 ParOldGen       total 36864K, used 20606K [0x00000000cbc00000, 0x00000000ce000000, 0x00000000ee980000)
  object space 36864K, 55% used [0x00000000cbc00000,0x00000000cd01fb78,0x00000000ce000000)
 Metaspace       used 19538K, capacity 19834K, committed 20096K, reserved 1067008K
  class space    used 2495K, capacity 2577K, committed 2688K, reserved 1048576K
Event: 9.226 GC heap after
Heap after GC invocations=7 (full 0):
 PSYoungGen      total 71680K, used 811K [0x00000000ee980000, 0x00000000f7580000, 0x0000000100000000)
  eden space 57344K, 0% used [0x00000000ee980000,0x00000000ee980000,0x00000000f2180000)
  from space 14336K, 5% used [0x00000000f2180000,0x00000000f224ad60,0x00000000f2f80000)
  to   space 14336K, 0% used [0x00000000f6780000,0x00000000f6780000,0x00000000f7580000)
 ParOldGen       total 36864K, used 22520K [0x00000000cbc00000, 0x00000000ce000000, 0x00000000ee980000)
  object space 36864K, 61% used [0x00000000cbc00000,0x00000000cd1fe2d8,0x00000000ce000000)
 Metaspace       used 19538K, capacity 19834K, committed 20096K, reserved 1067008K
  class space    used 2495K, capacity 2577K, committed 2688K, reserved 1048576K
}

Deoptimization events (10 events):
Event: 3.468 Thread 0x0000021a1954a800 Uncommon trap: reason=unstable_if action=reinterpret pc=0x0000021a067f7d18 method=efectos.FastGaussianBlur.boxBlurT_4([I[IIID)V @ 239
Event: 5.552 Thread 0x0000021a1954a800 Uncommon trap: reason=class_check action=maybe_recompile pc=0x0000021a06476d94 method=java.lang.String.equals(Ljava/lang/Object;)Z @ 8
Event: 5.565 Thread 0x0000021a1954a800 Uncommon trap: reason=unstable_if action=reinterpret pc=0x0000021a068458ec method=sun.java2d.pipe.AlphaPaintPipe.renderPathTile(Ljava/lang/Object;[BIIIIII)V @ 38
Event: 5.565 Thread 0x0000021a1954a800 Uncommon trap: reason=unstable_if action=reinterpret pc=0x0000021a067cccac method=java.awt.MultipleGradientPaintContext.indexIntoGradientsArrays(F)I @ 13
Event: 5.701 Thread 0x0000021a1954a800 Uncommon trap: reason=class_check action=maybe_recompile pc=0x0000021a06476d94 method=java.lang.String.equals(Ljava/lang/Object;)Z @ 8
Event: 7.564 Thread 0x0000021a1954a800 Uncommon trap: reason=class_check action=maybe_recompile pc=0x0000021a06476d94 method=java.lang.String.equals(Ljava/lang/Object;)Z @ 8
Event: 7.583 Thread 0x0000021a1954a800 Uncommon trap: reason=class_check action=maybe_recompile pc=0x0000021a06476d94 method=java.lang.String.equals(Ljava/lang/Object;)Z @ 8
Event: 7.759 Thread 0x0000021a1954a800 Uncommon trap: reason=unstable_if action=reinterpret pc=0x0000021a06953d90 method=java.awt.MultipleGradientPaintContext.indexIntoGradientsArrays(F)I @ 24
Event: 7.759 Thread 0x0000021a1954a800 Uncommon trap: reason=unstable_if action=reinterpret pc=0x0000021a068ed9d8 method=java.awt.MultipleGradientPaintContext.indexIntoGradientsArrays(F)I @ 24
Event: 8.924 Thread 0x0000021a1954a800 Uncommon trap: reason=unstable_if action=reinterpret pc=0x0000021a065e7f98 method=java.util.Calendar.getSetStateFields()I @ 19

Classes redefined (0 events):
No events

Internal exceptions (10 events):
Event: 0.461 Thread 0x0000021a04a79800 Exception <a 'java/lang/ClassNotFoundException': ToolBarSeparator> (0x00000000eed043b0) thrown at [C:\jenkins\workspace\8-2-build-windows-x64-cygwin\jdk8u371\3355\hotspot\src\share\vm\classfile\systemDictionary.cpp, line 212]
Event: 0.461 Thread 0x0000021a04a79800 Exception <a 'java/lang/ClassNotFoundException': ToolTip> (0x00000000eed04af0) thrown at [C:\jenkins\workspace\8-2-build-windows-x64-cygwin\jdk8u371\3355\hotspot\src\share\vm\classfile\systemDictionary.cpp, line 212]
Event: 0.462 Thread 0x0000021a04a79800 Exception <a 'java/lang/ClassNotFoundException': Tree> (0x00000000eed05710) thrown at [C:\jenkins\workspace\8-2-build-windows-x64-cygwin\jdk8u371\3355\hotspot\src\share\vm\classfile\systemDictionary.cpp, line 212]
Event: 0.463 Thread 0x0000021a04a79800 Exception <a 'java/lang/ClassNotFoundException': Tree> (0x00000000eed05e50) thrown at [C:\jenkins\workspace\8-2-build-windows-x64-cygwin\jdk8u371\3355\hotspot\src\share\vm\classfile\systemDictionary.cpp, line 212]
Event: 0.463 Thread 0x0000021a04a79800 Exception <a 'java/lang/ClassNotFoundException': javax/swing/JTreeCell> (0x00000000eed061d0) thrown at [C:\jenkins\workspace\8-2-build-windows-x64-cygwin\jdk8u371\3355\hotspot\src\share\vm\classfile\systemDictionary.cpp, line 212]
Event: 0.463 Thread 0x0000021a04a79800 Exception <a 'java/lang/ClassNotFoundException': TreeCell> (0x00000000eed06658) thrown at [C:\jenkins\workspace\8-2-build-windows-x64-cygwin\jdk8u371\3355\hotspot\src\share\vm\classfile\systemDictionary.cpp, line 212]
Event: 0.464 Thread 0x0000021a04a79800 Exception <a 'java/lang/ClassNotFoundException': RootPane> (0x00000000eed070b8) thrown at [C:\jenkins\workspace\8-2-build-windows-x64-cygwin\jdk8u371\3355\hotspot\src\share\vm\classfile\systemDictionary.cpp, line 212]
Event: 1.732 Thread 0x0000021a1954a800 Implicit null exception at 0x0000021a06558379 to 0x0000021a06558584
Event: 3.445 Thread 0x0000021a1954a800 Implicit null exception at 0x0000021a068009d9 to 0x0000021a06800aad
Event: 5.565 Thread 0x0000021a1954a800 Implicit null exception at 0x0000021a0684492a to 0x0000021a068458b1

Events (10 events):
Event: 8.924 Thread 0x0000021a1954a800 DEOPT PACKING pc=0x0000021a065e7f98 sp=0x00000028f4afbd00
Event: 8.924 Thread 0x0000021a1954a800 DEOPT UNPACKING pc=0x0000021a063458c3 sp=0x00000028f4afbc90 mode 2
Event: 8.934 Thread 0x0000021a1954a800 DEOPT PACKING pc=0x0000021a06979ce6 sp=0x00000028f4afb5d0
Event: 8.934 Thread 0x0000021a1954a800 DEOPT UNPACKING pc=0x0000021a06347918 sp=0x00000028f4afb2d0 mode 0
Event: 8.936 loading class java/awt/KeyboardFocusManager$4
Event: 8.936 loading class java/awt/KeyboardFocusManager$4 done
Event: 9.219 Executing VM operation: ParallelGCFailedAllocation
Event: 9.226 Executing VM operation: ParallelGCFailedAllocation done
Event: 10.007 Thread 0x0000021a1954a800 DEOPT PACKING pc=0x0000021a06979ce6 sp=0x00000028f4afbbc0
Event: 10.007 Thread 0x0000021a1954a800 DEOPT UNPACKING pc=0x0000021a06347918 sp=0x00000028f4afb8c0 mode 0


Dynamic libraries:
0x00007ff7ec0d0000 - 0x00007ff7ec11a000 	C:\Program Files\Java\jdk-1.8\bin\java.exe
0x00007ffe26000000 - 0x00007ffe261f0000 	C:\WINDOWS\SYSTEM32\ntdll.dll
0x00007ffe24af0000 - 0x00007ffe24ba2000 	C:\WINDOWS\System32\KERNEL32.DLL
0x00007ffe23d80000 - 0x00007ffe24025000 	C:\WINDOWS\System32\KERNELBASE.dll
0x00007ffe25c20000 - 0x00007ffe25cc3000 	C:\WINDOWS\System32\ADVAPI32.dll
0x00007ffe24ef0000 - 0x00007ffe24f8e000 	C:\WINDOWS\System32\msvcrt.dll
0x00007ffe259e0000 - 0x00007ffe25a77000 	C:\WINDOWS\System32\sechost.dll
0x00007ffe241a0000 - 0x00007ffe242bf000 	C:\WINDOWS\System32\RPCRT4.dll
0x00007ffe25de0000 - 0x00007ffe25f74000 	C:\WINDOWS\System32\USER32.dll
0x00007ffe23d50000 - 0x00007ffe23d71000 	C:\WINDOWS\System32\win32u.dll
0x00007ffe25560000 - 0x00007ffe25586000 	C:\WINDOWS\System32\GDI32.dll
0x00007ffe22ff0000 - 0x00007ffe23188000 	C:\WINDOWS\System32\gdi32full.dll
0x00007ffe23ad0000 - 0x00007ffe23b6e000 	C:\WINDOWS\System32\msvcp_win.dll
0x00007ffe23c50000 - 0x00007ffe23d4a000 	C:\WINDOWS\System32\ucrtbase.dll
0x00007ffe13b90000 - 0x00007ffe13e14000 	C:\WINDOWS\WinSxS\amd64_microsoft.windows.common-controls_6595b64144ccf1df_6.0.18362.1556_none_9e7e372fe45e41d5\COMCTL32.dll
0x00007ffe24bb0000 - 0x00007ffe24ee6000 	C:\WINDOWS\System32\combase.dll
0x00007ffe23b70000 - 0x00007ffe23bf1000 	C:\WINDOWS\System32\bcryptPrimitives.dll
0x00007ffe25530000 - 0x00007ffe2555e000 	C:\WINDOWS\System32\IMM32.DLL
0x00007ffe0dca0000 - 0x00007ffe0dcbb000 	C:\Program Files\Java\jdk-1.8\jre\bin\vcruntime140.dll
0x00007ffe0f7f0000 - 0x00007ffe0f7fc000 	C:\Program Files\Java\jdk-1.8\jre\bin\vcruntime140_1.dll
0x00007ffdf3970000 - 0x00007ffdf39fe000 	C:\Program Files\Java\jdk-1.8\jre\bin\msvcp140.dll
0x000000006e0e0000 - 0x000000006e987000 	C:\Program Files\Java\jdk-1.8\jre\bin\server\jvm.dll
0x00007ffe25fb0000 - 0x00007ffe25fb8000 	C:\WINDOWS\System32\PSAPI.DLL
0x00007ffe206f0000 - 0x00007ffe20714000 	C:\WINDOWS\SYSTEM32\WINMM.dll
0x00007ffe11220000 - 0x00007ffe11229000 	C:\WINDOWS\SYSTEM32\WSOCK32.dll
0x00007ffe1b8e0000 - 0x00007ffe1b8ea000 	C:\WINDOWS\SYSTEM32\VERSION.dll
0x00007ffe24130000 - 0x00007ffe2419f000 	C:\WINDOWS\System32\WS2_32.dll
0x00007ffe206c0000 - 0x00007ffe206ed000 	C:\WINDOWS\SYSTEM32\winmmbase.dll
0x00007ffe240e0000 - 0x00007ffe2412a000 	C:\WINDOWS\System32\cfgmgr32.dll
0x00007ffe22f40000 - 0x00007ffe22f51000 	C:\WINDOWS\System32\kernel.appcore.dll
0x00007ffe146d0000 - 0x00007ffe146e0000 	C:\Program Files\Java\jdk-1.8\jre\bin\verify.dll
0x00007ffdf7590000 - 0x00007ffdf75bb000 	C:\Program Files\Java\jdk-1.8\jre\bin\java.dll
0x00007ffe035a0000 - 0x00007ffe035b8000 	C:\Program Files\Java\jdk-1.8\jre\bin\zip.dll
0x00007ffe24330000 - 0x00007ffe24a17000 	C:\WINDOWS\System32\SHELL32.dll
0x00007ffe25930000 - 0x00007ffe259d8000 	C:\WINDOWS\System32\shcore.dll
0x00007ffe232f0000 - 0x00007ffe23a6b000 	C:\WINDOWS\System32\windows.storage.dll
0x00007ffe22fb0000 - 0x00007ffe22fce000 	C:\WINDOWS\System32\profapi.dll
0x00007ffe22f60000 - 0x00007ffe22faa000 	C:\WINDOWS\System32\powrprof.dll
0x00007ffe22f30000 - 0x00007ffe22f40000 	C:\WINDOWS\System32\UMPDC.dll
0x00007ffe25bc0000 - 0x00007ffe25c12000 	C:\WINDOWS\System32\shlwapi.dll
0x00007ffe23c30000 - 0x00007ffe23c47000 	C:\WINDOWS\System32\cryptsp.dll
0x00007ffde0e80000 - 0x00007ffde0ffe000 	C:\Program Files\Java\jdk-1.8\jre\bin\awt.dll
0x00007ffe24f90000 - 0x00007ffe25055000 	C:\WINDOWS\System32\OLEAUT32.dll
0x00007ffe20d70000 - 0x00007ffe20dff000 	C:\WINDOWS\SYSTEM32\apphelp.dll
0x00007ffe20f20000 - 0x00007ffe20fb9000 	C:\WINDOWS\system32\uxtheme.dll
0x00007ffe25a80000 - 0x00007ffe25bb5000 	C:\WINDOWS\System32\MSCTF.dll
0x00007ffe25740000 - 0x00007ffe25897000 	C:\WINDOWS\System32\ole32.dll
0x00007ffe21530000 - 0x00007ffe2155d000 	C:\WINDOWS\system32\DWMAPI.DLL
0x00007ffdf3570000 - 0x00007ffdf35bf000 	C:\Program Files\Java\jdk-1.8\jre\bin\fontmanager.dll
0x00007ffdfea50000 - 0x00007ffdfeba6000 	C:\WINDOWS\system32\opengl32.dll
0x00007ffe11890000 - 0x00007ffe118bc000 	C:\WINDOWS\SYSTEM32\GLU32.dll
0x00007ffe21b70000 - 0x00007ffe21b90000 	C:\WINDOWS\SYSTEM32\dxcore.dll
0x00007ffe005b0000 - 0x00007ffe005cc000 	C:\Program Files\Java\jdk-1.8\jre\bin\net.dll
0x00007ffe22770000 - 0x00007ffe227d7000 	C:\WINDOWS\system32\mswsock.dll
0x00007ffdffa00000 - 0x00007ffdffa13000 	C:\Program Files\Java\jdk-1.8\jre\bin\nio.dll
0x00007ffdf27b0000 - 0x00007ffdf27f3000 	C:\Program Files\Java\jdk-1.8\jre\bin\t2k.dll
0x00007ffe22290000 - 0x00007ffe222c3000 	C:\WINDOWS\system32\rsaenh.dll
0x00007ffe23c00000 - 0x00007ffe23c26000 	C:\WINDOWS\System32\bcrypt.dll
0x00007ffe22e50000 - 0x00007ffe22e75000 	C:\WINDOWS\SYSTEM32\USERENV.dll
0x00007ffe22940000 - 0x00007ffe2294c000 	C:\WINDOWS\SYSTEM32\CRYPTBASE.dll
0x00007ffe22480000 - 0x00007ffe224ba000 	C:\WINDOWS\SYSTEM32\IPHLPAPI.DLL
0x00007ffe25fa0000 - 0x00007ffe25fa8000 	C:\WINDOWS\System32\NSI.dll
0x00007ffe16b00000 - 0x00007ffe16b16000 	C:\WINDOWS\SYSTEM32\dhcpcsvc6.DLL
0x00007ffe16de0000 - 0x00007ffe16dfc000 	C:\WINDOWS\SYSTEM32\dhcpcsvc.DLL
0x00007ffe224d0000 - 0x00007ffe2259b000 	C:\WINDOWS\SYSTEM32\DNSAPI.dll
0x00007ffe25cd0000 - 0x00007ffe25d72000 	C:\WINDOWS\System32\clbcatq.dll
0x00007ffe1e9f0000 - 0x00007ffe1eb9f000 	C:\WINDOWS\SYSTEM32\WindowsCodecs.dll
0x00007ffe0d760000 - 0x00007ffe0d79b000 	C:\WINDOWS\system32\dataexchange.dll
0x00007ffe20280000 - 0x00007ffe204db000 	C:\WINDOWS\system32\d3d11.dll
0x00007ffe204e0000 - 0x00007ffe206bd000 	C:\WINDOWS\system32\dcomp.dll
0x00007ffe21c00000 - 0x00007ffe21ceb000 	C:\WINDOWS\system32\dxgi.dll
0x00007ffe21000000 - 0x00007ffe2125a000 	C:\WINDOWS\system32\twinapi.appcore.dll
0x00007ffe21360000 - 0x00007ffe21389000 	C:\WINDOWS\system32\RMCLIENT.dll
0x00007ffe16330000 - 0x00007ffe1633a000 	C:\Windows\System32\rasadhlp.dll
0x00007ffe16a20000 - 0x00007ffe16a97000 	C:\WINDOWS\System32\fwpuclnt.dll
0x00007ffe1c6b0000 - 0x00007ffe1c74b000 	C:\WINDOWS\System32\TextInputFramework.dll
0x00007ffe20b60000 - 0x00007ffe20c34000 	C:\WINDOWS\System32\CoreMessaging.dll
0x00007ffe1ed60000 - 0x00007ffe1f08a000 	C:\WINDOWS\System32\CoreUIComponents.dll
0x00007ffe1ebd0000 - 0x00007ffe1ed22000 	C:\WINDOWS\SYSTEM32\wintypes.dll
0x00007ffe21f70000 - 0x00007ffe21fa1000 	C:\WINDOWS\SYSTEM32\ntmarta.dll
0x00007ffdfb470000 - 0x00007ffdfb49a000 	C:\Program Files\Java\jdk-1.8\jre\bin\dcpr.dll
0x00007ffe136e0000 - 0x00007ffe13987000 	C:\WINDOWS\System32\iertutil.dll
0x00007ffe0f5f0000 - 0x00007ffe0f7e4000 	C:\WINDOWS\SYSTEM32\dbghelp.dll

VM Arguments:
jvm_args: -Dfile.encoding=UTF-8 -Djava.security.policy=applet.policy 
java_command: jframe.ViewAllRecord
java_class_path (initial): C:\Program Files\NetBeans-18\netbeans\java\modules\ext\AbsoluteLayout.jar;C:\Users\Oumaima_Rzini\Downloads\1515879047_RSCalendar\RSCalendar.jar;C:\Users\Oumaima_Rzini\Downloads\1515878801_RojeruSan.parte1.jar\RojeruSan.parte1.jar;C:\Users\Oumaima_Rzini\Downloads\JFreeChart;C:\Users\Oumaima_Rzini\Downloads\JFreeChart.zip;C:\Users\Oumaima_Rzini\Downloads\jcalendar-1.4.jar\jcalendar-1.4.jar;C:\Users\Oumaima_Rzini\Downloads\mysql-connector-java-8.0.11.jar;C:\Users\Oumaima_Rzini\Documents\NetBeansProjects\Library_Management_System\build\classes
Launcher Type: SUN_STANDARD

Environment Variables:
PATH=C:\WINDOWS\system32;C:\WINDOWS;C:\WINDOWS\System32\Wbem;C:\WINDOWS\System32\WindowsPowerShell\v1.0\;C:\WINDOWS\System32\OpenSSH\;C:\Program Files\Microsoft SQL Server\Client SDK\ODBC\170\Tools\Binn\;C:\Program Files (x86)\Microsoft SQL Server\150\Tools\Binn\;C:\Program Files\Microsoft SQL Server\150\Tools\Binn\;C:\Program Files\Microsoft SQL Server\150\DTS\Binn\;C:\Program Files (x86)\Microsoft SQL Server\150\DTS\Binn\;C:\Program Files\Azure Data Studio\bin;C:\Program Files\dotnet\;C:\Program Files\Microsoft SQL Server\110\Tools\Binn\;C:\Program Files\Git\cmd;C:\Program Files\MATLAB\R2023a\bin;C:\Users\Oumaima_Rzini\AppData\Local\Programs\Python\Python311\Scripts\;C:\Users\Oumaima_Rzini\AppData\Local\Programs\Python\Python311\;C:\Users\Oumaima_Rzini\AppData\Local\Microsoft\WindowsApps;;C:\Program Files\Azure Data Studio\bin;C:\Users\Oumaima_Rzini\.dotnet\tools;C:\Users\Oumaima_Rzini\AppData\Local\Programs\Microsoft VS Code\bin
USERNAME=Oumaima_Rzini
OS=Windows_NT
PROCESSOR_IDENTIFIER=Intel64 Family 6 Model 142 Stepping 10, GenuineIntel



---------------  S Y S T E M  ---------------

OS: Windows 10 , 64 bit Build 18362 (10.0.18362.1500)

CPU:total 4 (initial active 4) (2 cores per cpu, 2 threads per core) family 6 model 142 stepping 10, cmov, cx8, fxsr, mmx, sse, sse2, sse3, ssse3, sse4.1, sse4.2, popcnt, avx, avx2, aes, clmul, erms, 3dnowpref, lzcnt, ht, tsc, tscinvbit, bmi1, bmi2, adx

Memory: 4k page, physical 3422132k(357636k free), swap 5519284k(2904k free)

vm_info: Java HotSpot(TM) 64-Bit Server VM (25.371-b11) for windows-amd64 JRE (1.8.0_371-b11), built on Mar 17 2023 04:03:45 by "java_re" with MS VC++ 17.1 (VS2022)

time: Sun Jul 16 22:27:15 2023
timezone: Maroc (heure d’été)
elapsed time: 10.842113 seconds (0d 0h 0m 10s)

