#
# There is insufficient memory for the Java Runtime Environment to continue.
# Native memory allocation (malloc) failed to allocate 869136 bytes for Chunk::new
# Possible reasons:
#   The system is out of physical RAM or swap space
#   The process is running with CompressedOops enabled, and the Java Heap may be blocking the growth of the native heap
# Possible solutions:
#   Reduce memory load on the system
#   Increase physical memory or swap space
#   Check if swap backing store is full
#   Decrease Java heap size (-Xmx/-Xms)
#   Decrease number of Java threads
#   Decrease Java thread stack sizes (-Xss)
#   Set larger code cache with -XX:ReservedCodeCacheSize=
#   JVM is running with Unscaled Compressed Oops mode in which the Java heap is
#     placed in the first 4GB address space. The Java Heap base address is the
#     maximum limit for the native heap growth. Please use -XX:HeapBaseMinAddress
#     to set the Java Heap base and to place the Java Heap above 4GB virtual address.
# This output file may be truncated or incomplete.
#
#  Out of Memory Error (allocation.cpp:389), pid=7552, tid=0x000000000000043c
#
# JRE version: Java(TM) SE Runtime Environment (8.0_371) (build 1.8.0_371-b11)
# Java VM: Java HotSpot(TM) 64-Bit Server VM (25.371-b11 mixed mode windows-amd64 compressed oops)
# Failed to write core dump. Minidumps are not enabled by default on client versions of Windows
#

---------------  T H R E A D  ---------------

Current thread (0x000001c32c09d000):  JavaThread "C2 CompilerThread0" daemon [_thread_in_native, id=1084, stack(0x0000007857000000,0x0000007857100000)]

Stack: [0x0000007857000000,0x0000007857100000]
Native frames: (J=compiled Java code, j=interpreted, Vv=VM code, C=native code)
V  [jvm.dll+0x34d9f9]
V  [jvm.dll+0x28aa12]
V  [jvm.dll+0x28b5dd]
V  [jvm.dll+0x281da5]
V  [jvm.dll+0xdb51c]
V  [jvm.dll+0xdbd2c]
V  [jvm.dll+0x4779e2]
V  [jvm.dll+0x4b7f0b]
V  [jvm.dll+0x466791]
V  [jvm.dll+0x463622]
V  [jvm.dll+0x44d45b]
V  [jvm.dll+0xb02c6]
V  [jvm.dll+0xae99f]
V  [jvm.dll+0x24e572]
V  [jvm.dll+0x2a76ac]
C  [ucrtbase.dll+0x210b2]
C  [KERNEL32.DLL+0x17c24]
C  [ntdll.dll+0x6d721]


Current CompileTask:
C2:  49649 2473   !   4       java.awt.EventQueue::getNextEvent (84 bytes)


---------------  P R O C E S S  ---------------

Java Threads: ( => current thread )
  0x000001c32dc8f800 JavaThread "Abandoned connection cleanup thread" daemon [_thread_blocked, id=5332, stack(0x0000007857b00000,0x0000007857c00000)]
  0x000001c32d96f800 JavaThread "TimerQueue" daemon [_thread_blocked, id=9244, stack(0x0000007857900000,0x0000007857a00000)]
  0x000001c3184f7000 JavaThread "DestroyJavaVM" [_thread_blocked, id=8764, stack(0x0000007856600000,0x0000007856700000)]
  0x000001c32d070000 JavaThread "AWT-EventQueue-0" [_thread_blocked, id=9360, stack(0x0000007857800000,0x0000007857900000)]
  0x000001c32d008000 JavaThread "AWT-Windows" daemon [_thread_in_native, id=9936, stack(0x0000007857700000,0x0000007857800000)]
  0x000001c32cff8000 JavaThread "AWT-Shutdown" [_thread_blocked, id=9344, stack(0x0000007857600000,0x0000007857700000)]
  0x000001c32cff7000 JavaThread "Java2D Disposer" daemon [_thread_blocked, id=9300, stack(0x0000007857500000,0x0000007857600000)]
  0x000001c32c131000 JavaThread "Service Thread" daemon [_thread_blocked, id=2204, stack(0x0000007857300000,0x0000007857400000)]
  0x000001c32c0ac000 JavaThread "C1 CompilerThread2" daemon [_thread_blocked, id=8224, stack(0x0000007857200000,0x0000007857300000)]
  0x000001c32c09f800 JavaThread "C2 CompilerThread1" daemon [_thread_in_native, id=124, stack(0x0000007857100000,0x0000007857200000)]
=>0x000001c32c09d000 JavaThread "C2 CompilerThread0" daemon [_thread_in_native, id=1084, stack(0x0000007857000000,0x0000007857100000)]
  0x000001c32c099800 JavaThread "Attach Listener" daemon [_thread_blocked, id=6052, stack(0x0000007856f00000,0x0000007857000000)]
  0x000001c32c098800 JavaThread "Signal Dispatcher" daemon [_thread_blocked, id=4444, stack(0x0000007856e00000,0x0000007856f00000)]
  0x000001c32b93c800 JavaThread "Finalizer" daemon [_thread_blocked, id=6868, stack(0x0000007856d00000,0x0000007856e00000)]
  0x000001c32c075800 JavaThread "Reference Handler" daemon [_thread_blocked, id=9096, stack(0x0000007856c00000,0x0000007856d00000)]

Other Threads:
  0x000001c32c054000 VMThread [stack: 0x0000007856b00000,0x0000007856c00000] [id=6768]
  0x000001c32c144800 WatcherThread [stack: 0x0000007857400000,0x0000007857500000] [id=3252]

VM state:not at safepoint (normal execution)

VM Mutex/Monitor currently owned by a thread: None

heap address: 0x00000000cbc00000, size: 836 MB, Compressed Oops mode: 32-bit
Narrow klass base: 0x0000000000000000, Narrow klass shift: 3
Compressed class space size: 1073741824 Address: 0x0000000100000000

Heap:
 PSYoungGen      total 46592K, used 23408K [0x00000000ee980000, 0x00000000f2680000, 0x0000000100000000)
  eden space 30720K, 74% used [0x00000000ee980000,0x00000000effda348,0x00000000f0780000)
  from space 15872K, 3% used [0x00000000f0780000,0x00000000f0801cc0,0x00000000f1700000)
  to   space 15360K, 0% used [0x00000000f1780000,0x00000000f1780000,0x00000000f2680000)
 ParOldGen       total 36864K, used 20580K [0x00000000cbc00000, 0x00000000ce000000, 0x00000000ee980000)
  object space 36864K, 55% used [0x00000000cbc00000,0x00000000cd019310,0x00000000ce000000)
 Metaspace       used 19516K, capacity 19770K, committed 20224K, reserved 1067008K
  class space    used 2437K, capacity 2505K, committed 2560K, reserved 1048576K

Card table byte_map: [0x000001c329180000,0x000001c329330000] byte_map_base: 0x000001c328b22000

Marking Bits: (ParMarkBitMap*) 0x000000006be5d980
 Begin Bits: [0x000001c329450000, 0x000001c32a160000)
 End Bits:   [0x000001c32a160000, 0x000001c32ae70000)

Polling page: 0x000001c319d90000

CodeCache: size=245760Kb used=8069Kb max_used=8100Kb free=237691Kb
 bounds [0x000001c319dc0000, 0x000001c31a5b0000, 0x000001c328dc0000]
 total_blobs=3018 nmethods=2454 adapters=475
 compilation: enabled

Compilation events (10 events):
Event: 48.612 Thread 0x000001c32c0ac000 nmethod 2470 0x000001c31a5a8510 code [0x000001c31a5a8720, 0x000001c31a5a9650]
Event: 48.750 Thread 0x000001c32c0ac000 2472   !   3       java.awt.EventDispatchThread::pumpOneEventForFilters (190 bytes)
Event: 48.751 Thread 0x000001c32c09d000 2473   !   4       java.awt.EventQueue::getNextEvent (84 bytes)
Event: 48.752 Thread 0x000001c32c0ac000 nmethod 2472 0x000001c31a5a9e90 code [0x000001c31a5aa1a0, 0x000001c31a5ab890]
Event: 48.758 Thread 0x000001c32c09f800 2474       4       java.awt.EventQueue::getNextEventPrivate (76 bytes)
Event: 48.765 Thread 0x000001c32c09f800 nmethod 2474 0x000001c31a597a90 code [0x000001c31a597be0, 0x000001c31a597e58]
Event: 48.798 Thread 0x000001c32c09f800 2475       4       java.awt.EventQueue::cacheEQItem (60 bytes)
Event: 48.802 Thread 0x000001c32c09f800 nmethod 2475 0x000001c31a5a7f50 code [0x000001c31a5a80a0, 0x000001c31a5a8338]
Event: 48.889 Thread 0x000001c32c0ac000 2476       3       javax.swing.JComponent::contains (27 bytes)
Event: 48.890 Thread 0x000001c32c0ac000 nmethod 2476 0x000001c319edea50 code [0x000001c319edebe0, 0x000001c319edf0d0]

GC Heap History (10 events):
Event: 46.261 GC heap before
{Heap before GC invocations=5 (full 0):
 PSYoungGen      total 16384K, used 16371K [0x00000000ee980000, 0x00000000efb80000, 0x0000000100000000)
  eden space 14336K, 100% used [0x00000000ee980000,0x00000000ef780000,0x00000000ef780000)
  from space 2048K, 99% used [0x00000000ef980000,0x00000000efb7cdd8,0x00000000efb80000)
  to   space 2048K, 0% used [0x00000000ef780000,0x00000000ef780000,0x00000000ef980000)
 ParOldGen       total 36864K, used 18164K [0x00000000cbc00000, 0x00000000ce000000, 0x00000000ee980000)
  object space 36864K, 49% used [0x00000000cbc00000,0x00000000ccdbd288,0x00000000ce000000)
 Metaspace       used 18976K, capacity 19270K, committed 19712K, reserved 1067008K
  class space    used 2362K, capacity 2469K, committed 2560K, reserved 1048576K
Event: 46.265 GC heap after
Heap after GC invocations=5 (full 0):
 PSYoungGen      total 16384K, used 2035K [0x00000000ee980000, 0x00000000f1a80000, 0x0000000100000000)
  eden space 14336K, 0% used [0x00000000ee980000,0x00000000ee980000,0x00000000ef780000)
  from space 2048K, 99% used [0x00000000ef780000,0x00000000ef97cdd8,0x00000000ef980000)
  to   space 17920K, 0% used [0x00000000f0900000,0x00000000f0900000,0x00000000f1a80000)
 ParOldGen       total 36864K, used 18497K [0x00000000cbc00000, 0x00000000ce000000, 0x00000000ee980000)
  object space 36864K, 50% used [0x00000000cbc00000,0x00000000cce10648,0x00000000ce000000)
 Metaspace       used 18976K, capacity 19270K, committed 19712K, reserved 1067008K
  class space    used 2362K, capacity 2469K, committed 2560K, reserved 1048576K
}
Event: 46.374 GC heap before
{Heap before GC invocations=6 (full 0):
 PSYoungGen      total 16384K, used 16338K [0x00000000ee980000, 0x00000000f1a80000, 0x0000000100000000)
  eden space 14336K, 99% used [0x00000000ee980000,0x00000000ef777a28,0x00000000ef780000)
  from space 2048K, 99% used [0x00000000ef780000,0x00000000ef97cdd8,0x00000000ef980000)
  to   space 17920K, 0% used [0x00000000f0900000,0x00000000f0900000,0x00000000f1a80000)
 ParOldGen       total 36864K, used 18497K [0x00000000cbc00000, 0x00000000ce000000, 0x00000000ee980000)
  object space 36864K, 50% used [0x00000000cbc00000,0x00000000cce10648,0x00000000ce000000)
 Metaspace       used 18985K, capacity 19270K, committed 19712K, reserved 1067008K
  class space    used 2362K, capacity 2469K, committed 2560K, reserved 1048576K
Event: 46.379 GC heap after
Heap after GC invocations=6 (full 0):
 PSYoungGen      total 33280K, used 2273K [0x00000000ee980000, 0x00000000f2680000, 0x0000000100000000)
  eden space 15360K, 0% used [0x00000000ee980000,0x00000000ee980000,0x00000000ef880000)
  from space 17920K, 12% used [0x00000000f0900000,0x00000000f0b38718,0x00000000f1a80000)
  to   space 16896K, 0% used [0x00000000ef880000,0x00000000ef880000,0x00000000f0900000)
 ParOldGen       total 36864K, used 18497K [0x00000000cbc00000, 0x00000000ce000000, 0x00000000ee980000)
  object space 36864K, 50% used [0x00000000cbc00000,0x00000000cce10648,0x00000000ce000000)
 Metaspace       used 18985K, capacity 19270K, committed 19712K, reserved 1067008K
  class space    used 2362K, capacity 2469K, committed 2560K, reserved 1048576K
}
Event: 46.497 GC heap before
{Heap before GC invocations=7 (full 0):
 PSYoungGen      total 33280K, used 17633K [0x00000000ee980000, 0x00000000f2680000, 0x0000000100000000)
  eden space 15360K, 100% used [0x00000000ee980000,0x00000000ef880000,0x00000000ef880000)
  from space 17920K, 12% used [0x00000000f0900000,0x00000000f0b38718,0x00000000f1a80000)
  to   space 16896K, 0% used [0x00000000ef880000,0x00000000ef880000,0x00000000f0900000)
 ParOldGen       total 36864K, used 18497K [0x00000000cbc00000, 0x00000000ce000000, 0x00000000ee980000)
  object space 36864K, 50% used [0x00000000cbc00000,0x00000000cce10648,0x00000000ce000000)
 Metaspace       used 18988K, capacity 19270K, committed 19712K, reserved 1067008K
  class space    used 2362K, capacity 2469K, committed 2560K, reserved 1048576K
Event: 46.502 GC heap after
Heap after GC invocations=7 (full 0):
 PSYoungGen      total 32256K, used 263K [0x00000000ee980000, 0x00000000f2780000, 0x0000000100000000)
  eden space 15360K, 0% used [0x00000000ee980000,0x00000000ee980000,0x00000000ef880000)
  from space 16896K, 1% used [0x00000000ef880000,0x00000000ef8c1ca0,0x00000000f0900000)
  to   space 16384K, 0% used [0x00000000f1780000,0x00000000f1780000,0x00000000f2780000)
 ParOldGen       total 36864K, used 20497K [0x00000000cbc00000, 0x00000000ce000000, 0x00000000ee980000)
  object space 36864K, 55% used [0x00000000cbc00000,0x00000000cd004540,0x00000000ce000000)
 Metaspace       used 18988K, capacity 19270K, committed 19712K, reserved 1067008K
  class space    used 2362K, capacity 2469K, committed 2560K, reserved 1048576K
}
Event: 46.661 GC heap before
{Heap before GC invocations=8 (full 0):
 PSYoungGen      total 32256K, used 15590K [0x00000000ee980000, 0x00000000f2780000, 0x0000000100000000)
  eden space 15360K, 99% used [0x00000000ee980000,0x00000000ef877c10,0x00000000ef880000)
  from space 16896K, 1% used [0x00000000ef880000,0x00000000ef8c1ca0,0x00000000f0900000)
  to   space 16384K, 0% used [0x00000000f1780000,0x00000000f1780000,0x00000000f2780000)
 ParOldGen       total 36864K, used 20497K [0x00000000cbc00000, 0x00000000ce000000, 0x00000000ee980000)
  object space 36864K, 55% used [0x00000000cbc00000,0x00000000cd004540,0x00000000ce000000)
 Metaspace       used 19000K, capacity 19278K, committed 19712K, reserved 1067008K
  class space    used 2362K, capacity 2469K, committed 2560K, reserved 1048576K
Event: 46.662 GC heap after
Heap after GC invocations=8 (full 0):
 PSYoungGen      total 46080K, used 334K [0x00000000ee980000, 0x00000000f2680000, 0x0000000100000000)
  eden space 30720K, 0% used [0x00000000ee980000,0x00000000ee980000,0x00000000f0780000)
  from space 15360K, 2% used [0x00000000f1780000,0x00000000f17d3940,0x00000000f2680000)
  to   space 15872K, 0% used [0x00000000f0780000,0x00000000f0780000,0x00000000f1700000)
 ParOldGen       total 36864K, used 20537K [0x00000000cbc00000, 0x00000000ce000000, 0x00000000ee980000)
  object space 36864K, 55% used [0x00000000cbc00000,0x00000000cd00e540,0x00000000ce000000)
 Metaspace       used 19000K, capacity 19278K, committed 19712K, reserved 1067008K
  class space    used 2362K, capacity 2469K, committed 2560K, reserved 1048576K
}
Event: 47.790 GC heap before
{Heap before GC invocations=9 (full 0):
 PSYoungGen      total 46080K, used 31054K [0x00000000ee980000, 0x00000000f2680000, 0x0000000100000000)
  eden space 30720K, 100% used [0x00000000ee980000,0x00000000f0780000,0x00000000f0780000)
  from space 15360K, 2% used [0x00000000f1780000,0x00000000f17d3940,0x00000000f2680000)
  to   space 15872K, 0% used [0x00000000f0780000,0x00000000f0780000,0x00000000f1700000)
 ParOldGen       total 36864K, used 20537K [0x00000000cbc00000, 0x00000000ce000000, 0x00000000ee980000)
  object space 36864K, 55% used [0x00000000cbc00000,0x00000000cd00e540,0x00000000ce000000)
 Metaspace       used 19492K, capacity 19770K, committed 20224K, reserved 1067008K
  class space    used 2437K, capacity 2505K, committed 2560K, reserved 1048576K
Event: 47.793 GC heap after
Heap after GC invocations=9 (full 0):
 PSYoungGen      total 46592K, used 519K [0x00000000ee980000, 0x00000000f2680000, 0x0000000100000000)
  eden space 30720K, 0% used [0x00000000ee980000,0x00000000ee980000,0x00000000f0780000)
  from space 15872K, 3% used [0x00000000f0780000,0x00000000f0801cc0,0x00000000f1700000)
  to   space 15360K, 0% used [0x00000000f1780000,0x00000000f1780000,0x00000000f2680000)
 ParOldGen       total 36864K, used 20580K [0x00000000cbc00000, 0x00000000ce000000, 0x00000000ee980000)
  object space 36864K, 55% used [0x00000000cbc00000,0x00000000cd019310,0x00000000ce000000)
 Metaspace       used 19492K, capacity 19770K, committed 20224K, reserved 1067008K
  class space    used 2437K, capacity 2505K, committed 2560K, reserved 1048576K
}

Deoptimization events (10 events):
Event: 47.549 Thread 0x000001c32d070000 Uncommon trap: reason=class_check action=maybe_recompile pc=0x000001c31a35ff9c method=java.awt.EventQueue.uncacheEQItem(Lsun/awt/EventQueueItem;)V @ 20
Event: 48.588 Thread 0x000001c32d070000 Uncommon trap: reason=class_check action=maybe_recompile pc=0x000001c31a40721c method=java.awt.EventQueue.cacheEQItem(Lsun/awt/EventQueueItem;)V @ 20
Event: 48.588 Thread 0x000001c32d070000 Uncommon trap: reason=class_check action=maybe_recompile pc=0x000001c31a35ff9c method=java.awt.EventQueue.uncacheEQItem(Lsun/awt/EventQueueItem;)V @ 20
Event: 48.588 Thread 0x000001c32d070000 Uncommon trap: reason=unstable_if action=reinterpret pc=0x000001c31a58f048 method=java.awt.EventDispatchThread.filterAndCheckEvent(Ljava/awt/AWTEvent;)Z @ 67
Event: 48.595 Thread 0x000001c32d96f800 Uncommon trap: reason=class_check action=maybe_recompile pc=0x000001c31a40721c method=java.awt.EventQueue.cacheEQItem(Lsun/awt/EventQueueItem;)V @ 20
Event: 48.595 Thread 0x000001c32d070000 Uncommon trap: reason=class_check action=maybe_recompile pc=0x000001c31a35ff9c method=java.awt.EventQueue.uncacheEQItem(Lsun/awt/EventQueueItem;)V @ 20
Event: 48.602 Thread 0x000001c32d070000 Uncommon trap: reason=class_check action=maybe_recompile pc=0x000001c31a40721c method=java.awt.EventQueue.cacheEQItem(Lsun/awt/EventQueueItem;)V @ 20
Event: 48.602 Thread 0x000001c32d070000 Uncommon trap: reason=class_check action=maybe_recompile pc=0x000001c31a35ff9c method=java.awt.EventQueue.uncacheEQItem(Lsun/awt/EventQueueItem;)V @ 20
Event: 48.610 Thread 0x000001c32d070000 Uncommon trap: reason=class_check action=maybe_recompile pc=0x000001c31a30fdc4 method=java.awt.EventQueue.uncacheEQItem(Lsun/awt/EventQueueItem;)V @ 20
Event: 48.874 Thread 0x000001c32d070000 Uncommon trap: reason=unstable_if action=reinterpret pc=0x000001c31a30b838 method=java.awt.Component.inside(II)Z @ 13

Classes redefined (0 events):
No events

Internal exceptions (10 events):
Event: 1.256 Thread 0x000001c3184f7000 Exception <a 'java/lang/ClassNotFoundException': ToolTip> (0x00000000eed04b48) thrown at [C:\jenkins\workspace\8-2-build-windows-x64-cygwin\jdk8u371\3355\hotspot\src\share\vm\classfile\systemDictionary.cpp, line 212]
Event: 1.259 Thread 0x000001c3184f7000 Exception <a 'java/lang/ClassNotFoundException': Tree> (0x00000000eed05768) thrown at [C:\jenkins\workspace\8-2-build-windows-x64-cygwin\jdk8u371\3355\hotspot\src\share\vm\classfile\systemDictionary.cpp, line 212]
Event: 1.259 Thread 0x000001c3184f7000 Exception <a 'java/lang/ClassNotFoundException': Tree> (0x00000000eed05ea8) thrown at [C:\jenkins\workspace\8-2-build-windows-x64-cygwin\jdk8u371\3355\hotspot\src\share\vm\classfile\systemDictionary.cpp, line 212]
Event: 1.259 Thread 0x000001c3184f7000 Exception <a 'java/lang/ClassNotFoundException': javax/swing/JTreeCell> (0x00000000eed06228) thrown at [C:\jenkins\workspace\8-2-build-windows-x64-cygwin\jdk8u371\3355\hotspot\src\share\vm\classfile\systemDictionary.cpp, line 212]
Event: 1.259 Thread 0x000001c3184f7000 Exception <a 'java/lang/ClassNotFoundException': TreeCell> (0x00000000eed066b0) thrown at [C:\jenkins\workspace\8-2-build-windows-x64-cygwin\jdk8u371\3355\hotspot\src\share\vm\classfile\systemDictionary.cpp, line 212]
Event: 1.260 Thread 0x000001c3184f7000 Exception <a 'java/lang/ClassNotFoundException': RootPane> (0x00000000eed07110) thrown at [C:\jenkins\workspace\8-2-build-windows-x64-cygwin\jdk8u371\3355\hotspot\src\share\vm\classfile\systemDictionary.cpp, line 212]
Event: 27.994 Thread 0x000001c32d070000 Implicit null exception at 0x000001c31a3b53d9 to 0x000001c31a3b54ad
Event: 28.349 Thread 0x000001c32d070000 Implicit null exception at 0x000001c31a41a9a5 to 0x000001c31a41bc31
Event: 45.963 Thread 0x000001c32d070000 Implicit null exception at 0x000001c31a42dd0d to 0x000001c31a42ef85
Event: 47.510 Thread 0x000001c32d070000 Implicit null exception at 0x000001c31a343b59 to 0x000001c31a3446fd

Events (10 events):
Event: 48.803 Thread 0x000001c32c09f800 flushing nmethod 0x000001c319ee15d0
Event: 48.803 Thread 0x000001c32c09f800 flushing nmethod 0x000001c319ee2650
Event: 48.803 Thread 0x000001c32c09f800 flushing nmethod 0x000001c319ee4b90
Event: 48.803 Thread 0x000001c32c09f800 flushing nmethod 0x000001c319ef5290
Event: 48.803 Thread 0x000001c32c09f800 flushing nmethod 0x000001c319ef7250
Event: 48.874 Thread 0x000001c32d070000 Uncommon trap: trap_request=0xffffff65 fr.pc=0x000001c31a30b838
Event: 48.874 Thread 0x000001c32d070000 DEOPT PACKING pc=0x000001c31a30b838 sp=0x00000078578fa630
Event: 48.874 Thread 0x000001c32d070000 DEOPT UNPACKING pc=0x000001c319e058c3 sp=0x00000078578fa4f0 mode 2
Event: 48.890 Thread 0x000001c32c0ac000 flushing nmethod 0x000001c319f0aa90
Event: 48.890 Thread 0x000001c32c0ac000 flushing nmethod 0x000001c319f48e10


Dynamic libraries:
0x00007ff6860d0000 - 0x00007ff68611a000 	C:\Program Files\Java\jdk-1.8\bin\java.exe
0x00007ffdfbf20000 - 0x00007ffdfc110000 	C:\WINDOWS\SYSTEM32\ntdll.dll
0x00007ffdfb910000 - 0x00007ffdfb9c2000 	C:\WINDOWS\System32\KERNEL32.DLL
0x00007ffdf8fd0000 - 0x00007ffdf9275000 	C:\WINDOWS\System32\KERNELBASE.dll
0x00007ffdfbd60000 - 0x00007ffdfbe03000 	C:\WINDOWS\System32\ADVAPI32.dll
0x00007ffdfa4b0000 - 0x00007ffdfa54e000 	C:\WINDOWS\System32\msvcrt.dll
0x00007ffdfa550000 - 0x00007ffdfa5e7000 	C:\WINDOWS\System32\sechost.dll
0x00007ffdfb480000 - 0x00007ffdfb59f000 	C:\WINDOWS\System32\RPCRT4.dll
0x00007ffdfbbb0000 - 0x00007ffdfbd44000 	C:\WINDOWS\System32\USER32.dll
0x00007ffdf9280000 - 0x00007ffdf92a1000 	C:\WINDOWS\System32\win32u.dll
0x00007ffdfbb20000 - 0x00007ffdfbb46000 	C:\WINDOWS\System32\GDI32.dll
0x00007ffdf9f10000 - 0x00007ffdfa0a8000 	C:\WINDOWS\System32\gdi32full.dll
0x00007ffdf95f0000 - 0x00007ffdf968e000 	C:\WINDOWS\System32\msvcp_win.dll
0x00007ffdf9e10000 - 0x00007ffdf9f0a000 	C:\WINDOWS\System32\ucrtbase.dll
0x00007ffdf7c40000 - 0x00007ffdf7ec4000 	C:\WINDOWS\WinSxS\amd64_microsoft.windows.common-controls_6595b64144ccf1df_6.0.18362.1556_none_9e7e372fe45e41d5\COMCTL32.dll
0x00007ffdfa170000 - 0x00007ffdfa4a6000 	C:\WINDOWS\System32\combase.dll
0x00007ffdf93b0000 - 0x00007ffdf9431000 	C:\WINDOWS\System32\bcryptPrimitives.dll
0x00007ffdfa0b0000 - 0x00007ffdfa0de000 	C:\WINDOWS\System32\IMM32.DLL
0x00007ffdd4d60000 - 0x00007ffdd4d7b000 	C:\Program Files\Java\jdk-1.8\jre\bin\vcruntime140.dll
0x00007ffdd2220000 - 0x00007ffdd222c000 	C:\Program Files\Java\jdk-1.8\jre\bin\vcruntime140_1.dll
0x00007ffdc6bd0000 - 0x00007ffdc6c5e000 	C:\Program Files\Java\jdk-1.8\jre\bin\msvcp140.dll
0x000000006b630000 - 0x000000006bed7000 	C:\Program Files\Java\jdk-1.8\jre\bin\server\jvm.dll
0x00007ffdfa160000 - 0x00007ffdfa168000 	C:\WINDOWS\System32\PSAPI.DLL
0x00007ffdf6530000 - 0x00007ffdf6554000 	C:\WINDOWS\SYSTEM32\WINMM.dll
0x00007ffde57c0000 - 0x00007ffde57c9000 	C:\WINDOWS\SYSTEM32\WSOCK32.dll
0x00007ffdfa0e0000 - 0x00007ffdfa14f000 	C:\WINDOWS\System32\WS2_32.dll
0x00007ffdf17b0000 - 0x00007ffdf17ba000 	C:\WINDOWS\SYSTEM32\VERSION.dll
0x00007ffdf6500000 - 0x00007ffdf652d000 	C:\WINDOWS\SYSTEM32\WINMMBASE.dll
0x00007ffdf95a0000 - 0x00007ffdf95ea000 	C:\WINDOWS\System32\cfgmgr32.dll
0x00007ffdf8ee0000 - 0x00007ffdf8ef1000 	C:\WINDOWS\System32\kernel.appcore.dll
0x00007ffdd4ae0000 - 0x00007ffdd4af0000 	C:\Program Files\Java\jdk-1.8\jre\bin\verify.dll
0x00007ffdc8fd0000 - 0x00007ffdc8ffb000 	C:\Program Files\Java\jdk-1.8\jre\bin\java.dll
0x00007ffdc8fb0000 - 0x00007ffdc8fc8000 	C:\Program Files\Java\jdk-1.8\jre\bin\zip.dll
0x00007ffdface0000 - 0x00007ffdfb3c7000 	C:\WINDOWS\System32\SHELL32.dll
0x00007ffdfbe30000 - 0x00007ffdfbed8000 	C:\WINDOWS\System32\shcore.dll
0x00007ffdf9690000 - 0x00007ffdf9e0b000 	C:\WINDOWS\System32\windows.storage.dll
0x00007ffdf8f50000 - 0x00007ffdf8f6e000 	C:\WINDOWS\System32\profapi.dll
0x00007ffdf8f00000 - 0x00007ffdf8f4a000 	C:\WINDOWS\System32\powrprof.dll
0x00007ffdf8eb0000 - 0x00007ffdf8ec0000 	C:\WINDOWS\System32\UMPDC.dll
0x00007ffdfac80000 - 0x00007ffdfacd2000 	C:\WINDOWS\System32\shlwapi.dll
0x00007ffdf9390000 - 0x00007ffdf93a7000 	C:\WINDOWS\System32\cryptsp.dll
0x00007ffdc59e0000 - 0x00007ffdc5b5e000 	C:\Program Files\Java\jdk-1.8\jre\bin\awt.dll
0x00007ffdfb5a0000 - 0x00007ffdfb665000 	C:\WINDOWS\System32\OLEAUT32.dll
0x00007ffdf6760000 - 0x00007ffdf67ef000 	C:\WINDOWS\SYSTEM32\apphelp.dll
0x00007ffdf6930000 - 0x00007ffdf69c9000 	C:\WINDOWS\system32\uxtheme.dll
0x00007ffdfb670000 - 0x00007ffdfb7a5000 	C:\WINDOWS\System32\MSCTF.dll
0x00007ffdfb7b0000 - 0x00007ffdfb907000 	C:\WINDOWS\System32\ole32.dll
0x00007ffdf6e40000 - 0x00007ffdf6e6d000 	C:\WINDOWS\system32\DWMAPI.DLL
0x00007ffdc6b80000 - 0x00007ffdc6bcf000 	C:\Program Files\Java\jdk-1.8\jre\bin\fontmanager.dll
0x00007ffdd1360000 - 0x00007ffdd14b6000 	C:\WINDOWS\system32\opengl32.dll
0x00007ffdd12f0000 - 0x00007ffdd131c000 	C:\WINDOWS\SYSTEM32\GLU32.dll
0x00007ffdf74d0000 - 0x00007ffdf74f0000 	C:\WINDOWS\SYSTEM32\dxcore.dll
0x00007ffdf7bb0000 - 0x00007ffdf7be3000 	C:\WINDOWS\system32\rsaenh.dll
0x00007ffdf92b0000 - 0x00007ffdf92d6000 	C:\WINDOWS\System32\bcrypt.dll
0x00007ffdf8dd0000 - 0x00007ffdf8df5000 	C:\WINDOWS\SYSTEM32\USERENV.dll
0x00007ffdf8660000 - 0x00007ffdf866c000 	C:\WINDOWS\SYSTEM32\CRYPTBASE.dll
0x00007ffdc8f90000 - 0x00007ffdc8fac000 	C:\Program Files\Java\jdk-1.8\jre\bin\net.dll
0x00007ffdf82c0000 - 0x00007ffdf8327000 	C:\WINDOWS\system32\mswsock.dll
0x00007ffdf7fd0000 - 0x00007ffdf800a000 	C:\WINDOWS\SYSTEM32\IPHLPAPI.DLL
0x00007ffdfbd50000 - 0x00007ffdfbd58000 	C:\WINDOWS\System32\NSI.dll
0x00007ffdec540000 - 0x00007ffdec556000 	C:\WINDOWS\SYSTEM32\dhcpcsvc6.DLL
0x00007ffdec790000 - 0x00007ffdec7ac000 	C:\WINDOWS\SYSTEM32\dhcpcsvc.DLL
0x00007ffdf8010000 - 0x00007ffdf80db000 	C:\WINDOWS\SYSTEM32\DNSAPI.dll
0x00007ffdc8b50000 - 0x00007ffdc8b63000 	C:\Program Files\Java\jdk-1.8\jre\bin\nio.dll
0x00007ffdebd70000 - 0x00007ffdebd7a000 	C:\Windows\System32\rasadhlp.dll
0x00007ffdec210000 - 0x00007ffdec287000 	C:\WINDOWS\System32\fwpuclnt.dll
0x00007ffdfb3d0000 - 0x00007ffdfb472000 	C:\WINDOWS\System32\clbcatq.dll
0x00007ffdf40d0000 - 0x00007ffdf427f000 	C:\WINDOWS\SYSTEM32\WindowsCodecs.dll
0x00007ffdd0ab0000 - 0x00007ffdd0aeb000 	C:\WINDOWS\system32\dataexchange.dll
0x00007ffdf5c70000 - 0x00007ffdf5ecb000 	C:\WINDOWS\system32\d3d11.dll
0x00007ffdf5ed0000 - 0x00007ffdf60ad000 	C:\WINDOWS\system32\dcomp.dll
0x00007ffdf7560000 - 0x00007ffdf764b000 	C:\WINDOWS\system32\dxgi.dll
0x00007ffdf69d0000 - 0x00007ffdf6c2a000 	C:\WINDOWS\system32\twinapi.appcore.dll
0x00007ffdf6d50000 - 0x00007ffdf6d79000 	C:\WINDOWS\system32\RMCLIENT.dll
0x00007ffdc6b30000 - 0x00007ffdc6b73000 	C:\Program Files\Java\jdk-1.8\jre\bin\t2k.dll
0x00007ffdea720000 - 0x00007ffdea7bb000 	C:\WINDOWS\System32\TextInputFramework.dll
0x00007ffdf6420000 - 0x00007ffdf64f4000 	C:\WINDOWS\System32\CoreMessaging.dll
0x00007ffdf4500000 - 0x00007ffdf482a000 	C:\WINDOWS\System32\CoreUIComponents.dll
0x00007ffdf8c60000 - 0x00007ffdf8c91000 	C:\WINDOWS\SYSTEM32\ntmarta.dll
0x00007ffdf4370000 - 0x00007ffdf44c2000 	C:\WINDOWS\SYSTEM32\wintypes.dll
0x00007ffdc8b20000 - 0x00007ffdc8b4a000 	C:\Program Files\Java\jdk-1.8\jre\bin\dcpr.dll
0x00007ffde91f0000 - 0x00007ffde9497000 	C:\WINDOWS\System32\iertutil.dll
0x00007ffdf8980000 - 0x00007ffdf8b74000 	C:\WINDOWS\SYSTEM32\dbghelp.dll

VM Arguments:
jvm_args: -Dfile.encoding=UTF-8 -Djava.security.policy=applet.policy 
java_command: jframe.ManageBooks
java_class_path (initial): C:\Program Files\NetBeans-18\netbeans\java\modules\ext\AbsoluteLayout.jar;C:\Users\Oumaima_Rzini\Downloads\1515879047_RSCalendar\RSCalendar.jar;C:\Users\Oumaima_Rzini\Downloads\1515878801_RojeruSan.parte1.jar\RojeruSan.parte1.jar;C:\Users\Oumaima_Rzini\Downloads\JFreeChart;C:\Users\Oumaima_Rzini\Downloads\JFreeChart.zip;C:\Users\Oumaima_Rzini\Downloads\jcalendar-1.4.jar\jcalendar-1.4.jar;C:\Users\Oumaima_Rzini\Downloads\mysql-connector-java-8.0.11.jar;C:\Users\Oumaima_Rzini\Documents\NetBeansProjects\Library_Management_System\build\classes
Launcher Type: SUN_STANDARD

Environment Variables:
PATH=C:\WINDOWS\system32;C:\WINDOWS;C:\WINDOWS\System32\Wbem;C:\WINDOWS\System32\WindowsPowerShell\v1.0\;C:\WINDOWS\System32\OpenSSH\;C:\Program Files\Microsoft SQL Server\Client SDK\ODBC\170\Tools\Binn\;C:\Program Files (x86)\Microsoft SQL Server\150\Tools\Binn\;C:\Program Files\Microsoft SQL Server\150\Tools\Binn\;C:\Program Files\Microsoft SQL Server\150\DTS\Binn\;C:\Program Files (x86)\Microsoft SQL Server\150\DTS\Binn\;C:\Program Files\Azure Data Studio\bin;C:\Program Files\dotnet\;C:\Program Files\Microsoft SQL Server\110\Tools\Binn\;C:\Program Files\Git\cmd;C:\Program Files\MATLAB\R2023a\bin;C:\Users\Oumaima_Rzini\AppData\Local\Programs\Python\Python311\Scripts\;C:\Users\Oumaima_Rzini\AppData\Local\Programs\Python\Python311\;C:\Users\Oumaima_Rzini\AppData\Local\Microsoft\WindowsApps;;C:\Program Files\Azure Data Studio\bin;C:\Users\Oumaima_Rzini\.dotnet\tools;C:\Users\Oumaima_Rzini\AppData\Local\Programs\Microsoft VS Code\bin
USERNAME=Oumaima_Rzini
OS=Windows_NT
PROCESSOR_IDENTIFIER=Intel64 Family 6 Model 142 Stepping 10, GenuineIntel



---------------  S Y S T E M  ---------------

OS: Windows 10 , 64 bit Build 18362 (10.0.18362.1500)

CPU:total 4 (initial active 4) (2 cores per cpu, 2 threads per core) family 6 model 142 stepping 10, cmov, cx8, fxsr, mmx, sse, sse2, sse3, ssse3, sse4.1, sse4.2, popcnt, avx, avx2, aes, clmul, erms, 3dnowpref, lzcnt, ht, tsc, tscinvbit, bmi1, bmi2, adx

Memory: 4k page, physical 3422132k(261032k free), swap 5519284k(1472k free)

vm_info: Java HotSpot(TM) 64-Bit Server VM (25.371-b11) for windows-amd64 JRE (1.8.0_371-b11), built on Mar 17 2023 04:03:45 by "java_re" with MS VC++ 17.1 (VS2022)

time: Mon Jul 17 16:29:01 2023
timezone: Maroc (heure d’été)
elapsed time: 49.729731 seconds (0d 0h 0m 49s)

