#
# There is insufficient memory for the Java Runtime Environment to continue.
# Native memory allocation (malloc) failed to allocate 32744 bytes for ChunkPool::allocate
# Possible reasons:
#   The system is out of physical RAM or swap space
#   The process is running with CompressedOops enabled, and the Java Heap may be blocking the growth of the native heap
# Possible solutions:
#   Reduce memory load on the system
#   Increase physical memory or swap space
#   Check if swap backing store is full
#   Decrease Java heap size (-Xmx/-Xms)
#   Decrease number of Java threads
#   Decrease Java thread stack sizes (-Xss)
#   Set larger code cache with -XX:ReservedCodeCacheSize=
#   JVM is running with Unscaled Compressed Oops mode in which the Java heap is
#     placed in the first 4GB address space. The Java Heap base address is the
#     maximum limit for the native heap growth. Please use -XX:HeapBaseMinAddress
#     to set the Java Heap base and to place the Java Heap above 4GB virtual address.
# This output file may be truncated or incomplete.
#
#  Out of Memory Error (allocation.cpp:272), pid=10004, tid=0x0000000000002158
#
# JRE version: Java(TM) SE Runtime Environment (8.0_371) (build 1.8.0_371-b11)
# Java VM: Java HotSpot(TM) 64-Bit Server VM (25.371-b11 mixed mode windows-amd64 compressed oops)
# Failed to write core dump. Minidumps are not enabled by default on client versions of Windows
#

---------------  T H R E A D  ---------------

Current thread (0x0000022015039800):  JavaThread "C2 CompilerThread1" daemon [_thread_in_native, id=8536, stack(0x000000875ca00000,0x000000875cb00000)]

Stack: [0x000000875ca00000,0x000000875cb00000]
Native frames: (J=compiled Java code, j=interpreted, Vv=VM code, C=native code)
V  [jvm.dll+0x34d9f9]
V  [jvm.dll+0x28aa12]
V  [jvm.dll+0x28b5dd]
V  [jvm.dll+0x281da5]
V  [jvm.dll+0xdb9d1]
V  [jvm.dll+0xdbd2c]
V  [jvm.dll+0x4f35b3]
V  [jvm.dll+0x4f3102]
V  [jvm.dll+0x4e5f8b]
V  [jvm.dll+0x48806d]
V  [jvm.dll+0x4865de]
V  [jvm.dll+0x502b13]
V  [jvm.dll+0x50667b]
V  [jvm.dll+0x4fe815]
V  [jvm.dll+0x4fde6a]
V  [jvm.dll+0x4fbe9c]
V  [jvm.dll+0x44f790]
V  [jvm.dll+0x47696f]
V  [jvm.dll+0x5067ce]
V  [jvm.dll+0x4fe815]
V  [jvm.dll+0x4fde6a]
V  [jvm.dll+0x4fbe9c]
V  [jvm.dll+0x44f790]
V  [jvm.dll+0x47696f]
V  [jvm.dll+0x5067ce]
V  [jvm.dll+0x4fe815]
V  [jvm.dll+0x4fde6a]
V  [jvm.dll+0x4fbe9c]
V  [jvm.dll+0x44f790]
V  [jvm.dll+0x47696f]
V  [jvm.dll+0x5067ce]
V  [jvm.dll+0x4fe815]
V  [jvm.dll+0x4fde6a]
V  [jvm.dll+0x4fbe9c]
V  [jvm.dll+0x44f790]
V  [jvm.dll+0x47696f]
V  [jvm.dll+0x5067ce]
V  [jvm.dll+0x4fe815]
V  [jvm.dll+0x4fde6a]
V  [jvm.dll+0x4fbe9c]
V  [jvm.dll+0x44f790]
V  [jvm.dll+0x47696f]
V  [jvm.dll+0x5067ce]
V  [jvm.dll+0x4fe815]
V  [jvm.dll+0x4fde6a]
V  [jvm.dll+0x4fbe9c]
V  [jvm.dll+0x44f790]
V  [jvm.dll+0x47696f]
V  [jvm.dll+0x5067ce]
V  [jvm.dll+0x4fe815]
V  [jvm.dll+0x4fde6a]
V  [jvm.dll+0x4fbe9c]
V  [jvm.dll+0x44f790]
V  [jvm.dll+0x46333e]
V  [jvm.dll+0x44d45b]
V  [jvm.dll+0xb02c6]
V  [jvm.dll+0xae99f]
V  [jvm.dll+0x24e572]
V  [jvm.dll+0x2a76ac]
C  [ucrtbase.dll+0x210b2]
C  [KERNEL32.DLL+0x17c24]
C  [ntdll.dll+0x6d721]


Current CompileTask:
C2:  53698 1943   !   4       java.awt.EventDispatchThread::pumpOneEventForFilters (190 bytes)


---------------  P R O C E S S  ---------------

Java Threads: ( => current thread )
  0x0000022016987000 JavaThread "Abandoned connection cleanup thread" daemon [_thread_blocked, id=5272, stack(0x000000875d300000,0x000000875d400000)]
  0x0000022015fd7000 JavaThread "TimerQueue" daemon [_thread_blocked, id=6956, stack(0x000000875d200000,0x000000875d300000)]
  0x00000220014a8000 JavaThread "DestroyJavaVM" [_thread_blocked, id=740, stack(0x000000875bf00000,0x000000875c000000)]
  0x0000022015faa000 JavaThread "AWT-EventQueue-0" [_thread_blocked, id=8640, stack(0x000000875d100000,0x000000875d200000)]
  0x0000022015f3d800 JavaThread "AWT-Windows" daemon [_thread_in_native, id=7180, stack(0x000000875d000000,0x000000875d100000)]
  0x0000022015f3c800 JavaThread "AWT-Shutdown" [_thread_blocked, id=11132, stack(0x000000875cf00000,0x000000875d000000)]
  0x0000022015f38000 JavaThread "Java2D Disposer" daemon [_thread_blocked, id=9580, stack(0x000000875ce00000,0x000000875cf00000)]
  0x00000220150b5000 JavaThread "Service Thread" daemon [_thread_blocked, id=8556, stack(0x000000875cc00000,0x000000875cd00000)]
  0x0000022015055000 JavaThread "C1 CompilerThread2" daemon [_thread_in_native, id=4056, stack(0x000000875cb00000,0x000000875cc00000)]
=>0x0000022015039800 JavaThread "C2 CompilerThread1" daemon [_thread_in_native, id=8536, stack(0x000000875ca00000,0x000000875cb00000)]
  0x000002201502f800 JavaThread "C2 CompilerThread0" daemon [_thread_in_native, id=7548, stack(0x000000875c900000,0x000000875ca00000)]
  0x000002201502a000 JavaThread "Attach Listener" daemon [_thread_blocked, id=5520, stack(0x000000875c800000,0x000000875c900000)]
  0x0000022015029000 JavaThread "Signal Dispatcher" daemon [_thread_blocked, id=4652, stack(0x000000875c700000,0x000000875c800000)]
  0x00000220148ca000 JavaThread "Finalizer" daemon [_thread_blocked, id=4556, stack(0x000000875c600000,0x000000875c700000)]
  0x0000022015005000 JavaThread "Reference Handler" daemon [_thread_blocked, id=5084, stack(0x000000875c500000,0x000000875c600000)]

Other Threads:
  0x0000022014fe4800 VMThread [stack: 0x000000875c400000,0x000000875c500000] [id=480]
  0x00000220150c8800 WatcherThread [stack: 0x000000875cd00000,0x000000875ce00000] [id=10516]

VM state:not at safepoint (normal execution)

VM Mutex/Monitor currently owned by a thread: None

heap address: 0x00000000cbc00000, size: 836 MB, Compressed Oops mode: 32-bit
Narrow klass base: 0x0000000000000000, Narrow klass shift: 3
Compressed class space size: 1073741824 Address: 0x0000000100000000

Heap:
 PSYoungGen      total 29696K, used 15496K [0x00000000ee980000, 0x00000000f1f80000, 0x0000000100000000)
  eden space 14848K, 72% used [0x00000000ee980000,0x00000000ef413a58,0x00000000ef800000)
  from space 14848K, 31% used [0x00000000f0600000,0x00000000f0a8e6b0,0x00000000f1480000)
  to   space 14336K, 0% used [0x00000000ef800000,0x00000000ef800000,0x00000000f0600000)
 ParOldGen       total 43520K, used 14243K [0x00000000cbc00000, 0x00000000ce680000, 0x00000000ee980000)
  object space 43520K, 32% used [0x00000000cbc00000,0x00000000cc9e8ce0,0x00000000ce680000)
 Metaspace       used 18830K, capacity 19086K, committed 19456K, reserved 1067008K
  class space    used 2370K, capacity 2449K, committed 2560K, reserved 1048576K

Card table byte_map: [0x0000022012130000,0x00000220122e0000] byte_map_base: 0x0000022011ad2000

Marking Bits: (ParMarkBitMap*) 0x000000007640d980
 Begin Bits: [0x0000022012400000, 0x0000022013110000)
 End Bits:   [0x0000022013110000, 0x0000022013e20000)

Polling page: 0x0000022001570000

CodeCache: size=245760Kb used=6093Kb max_used=6106Kb free=239666Kb
 bounds [0x0000022002d70000, 0x0000022003370000, 0x0000022011d70000]
 total_blobs=2437 nmethods=1867 adapters=482
 compilation: enabled

Compilation events (10 events):
Event: 51.495 Thread 0x0000022015039800 1938   !   4       java.awt.EventQueue::setCurrentEventAndMostRecentTimeImpl (185 bytes)
Event: 51.516 Thread 0x0000022015039800 nmethod 1938 0x0000022003363350 code [0x0000022003363520, 0x0000022003363d20]
Event: 51.668 Thread 0x000002201502f800 1939       4       java.awt.EventQueue::dispatchEvent (80 bytes)
Event: 51.690 Thread 0x0000022015039800 1940       4       java.awt.EventQueue::getAccessControlContextFrom (53 bytes)
Event: 51.694 Thread 0x0000022015039800 nmethod 1940 0x0000022003362190 code [0x00000220033622e0, 0x0000022003362398]
Event: 51.710 Thread 0x0000022015039800 1941   !   4       java.awt.EventDispatchThread::filterAndCheckEvent (108 bytes)
Event: 51.743 Thread 0x000002201502f800 nmethod 1939 0x000002200336be90 code [0x000002200336c0e0, 0x000002200336cfe8]
Event: 51.743 Thread 0x000002201502f800 1942   !   4       java.awt.EventQueue::getNextEvent (84 bytes)
Event: 51.746 Thread 0x0000022015039800 nmethod 1941 0x0000022003369110 code [0x0000022003369280, 0x0000022003369a08]
Event: 51.748 Thread 0x0000022015039800 1943   !   4       java.awt.EventDispatchThread::pumpOneEventForFilters (190 bytes)

GC Heap History (10 events):
Event: 42.600 GC heap before
{Heap before GC invocations=5 (full 0):
 PSYoungGen      total 16384K, used 16282K [0x00000000ee980000, 0x00000000efb80000, 0x0000000100000000)
  eden space 14336K, 99% used [0x00000000ee980000,0x00000000ef76eba0,0x00000000ef780000)
  from space 2048K, 98% used [0x00000000ef980000,0x00000000efb78020,0x00000000efb80000)
  to   space 2048K, 0% used [0x00000000ef780000,0x00000000ef780000,0x00000000ef980000)
 ParOldGen       total 36864K, used 19558K [0x00000000cbc00000, 0x00000000ce000000, 0x00000000ee980000)
  object space 36864K, 53% used [0x00000000cbc00000,0x00000000ccf19a00,0x00000000ce000000)
 Metaspace       used 17747K, capacity 18008K, committed 18432K, reserved 1064960K
  class space    used 2194K, capacity 2278K, committed 2304K, reserved 1048576K
Event: 42.617 GC heap after
Heap after GC invocations=5 (full 0):
 PSYoungGen      total 16384K, used 2016K [0x00000000ee980000, 0x00000000f1880000, 0x0000000100000000)
  eden space 14336K, 0% used [0x00000000ee980000,0x00000000ee980000,0x00000000ef780000)
  from space 2048K, 98% used [0x00000000ef780000,0x00000000ef9782a8,0x00000000ef980000)
  to   space 16896K, 0% used [0x00000000f0800000,0x00000000f0800000,0x00000000f1880000)
 ParOldGen       total 36864K, used 23846K [0x00000000cbc00000, 0x00000000ce000000, 0x00000000ee980000)
  object space 36864K, 64% used [0x00000000cbc00000,0x00000000cd349b18,0x00000000ce000000)
 Metaspace       used 17747K, capacity 18008K, committed 18432K, reserved 1064960K
  class space    used 2194K, capacity 2278K, committed 2304K, reserved 1048576K
}
Event: 42.617 GC heap before
{Heap before GC invocations=6 (full 1):
 PSYoungGen      total 16384K, used 2016K [0x00000000ee980000, 0x00000000f1880000, 0x0000000100000000)
  eden space 14336K, 0% used [0x00000000ee980000,0x00000000ee980000,0x00000000ef780000)
  from space 2048K, 98% used [0x00000000ef780000,0x00000000ef9782a8,0x00000000ef980000)
  to   space 16896K, 0% used [0x00000000f0800000,0x00000000f0800000,0x00000000f1880000)
 ParOldGen       total 36864K, used 23846K [0x00000000cbc00000, 0x00000000ce000000, 0x00000000ee980000)
  object space 36864K, 64% used [0x00000000cbc00000,0x00000000cd349b18,0x00000000ce000000)
 Metaspace       used 17747K, capacity 18008K, committed 18432K, reserved 1064960K
  class space    used 2194K, capacity 2278K, committed 2304K, reserved 1048576K
Event: 42.704 GC heap after
Heap after GC invocations=6 (full 1):
 PSYoungGen      total 16384K, used 0K [0x00000000ee980000, 0x00000000f1880000, 0x0000000100000000)
  eden space 14336K, 0% used [0x00000000ee980000,0x00000000ee980000,0x00000000ef780000)
  from space 2048K, 0% used [0x00000000ef780000,0x00000000ef780000,0x00000000ef980000)
  to   space 16896K, 0% used [0x00000000f0800000,0x00000000f0800000,0x00000000f1880000)
 ParOldGen       total 43520K, used 14235K [0x00000000cbc00000, 0x00000000ce680000, 0x00000000ee980000)
  object space 43520K, 32% used [0x00000000cbc00000,0x00000000cc9e6ce0,0x00000000ce680000)
 Metaspace       used 17747K, capacity 18008K, committed 18432K, reserved 1064960K
  class space    used 2194K, capacity 2278K, committed 2304K, reserved 1048576K
}
Event: 42.843 GC heap before
{Heap before GC invocations=7 (full 1):
 PSYoungGen      total 16384K, used 14313K [0x00000000ee980000, 0x00000000f1880000, 0x0000000100000000)
  eden space 14336K, 99% used [0x00000000ee980000,0x00000000ef77a7f8,0x00000000ef780000)
  from space 2048K, 0% used [0x00000000ef780000,0x00000000ef780000,0x00000000ef980000)
  to   space 16896K, 0% used [0x00000000f0800000,0x00000000f0800000,0x00000000f1880000)
 ParOldGen       total 43520K, used 14235K [0x00000000cbc00000, 0x00000000ce680000, 0x00000000ee980000)
  object space 43520K, 32% used [0x00000000cbc00000,0x00000000cc9e6ce0,0x00000000ce680000)
 Metaspace       used 17747K, capacity 18008K, committed 18432K, reserved 1064960K
  class space    used 2194K, capacity 2278K, committed 2304K, reserved 1048576K
Event: 42.846 GC heap after
Heap after GC invocations=7 (full 1):
 PSYoungGen      total 29184K, used 5490K [0x00000000ee980000, 0x00000000f1680000, 0x0000000100000000)
  eden space 14336K, 0% used [0x00000000ee980000,0x00000000ee980000,0x00000000ef780000)
  from space 14848K, 36% used [0x00000000f0800000,0x00000000f0d5cad0,0x00000000f1680000)
  to   space 15872K, 0% used [0x00000000ef780000,0x00000000ef780000,0x00000000f0700000)
 ParOldGen       total 43520K, used 14235K [0x00000000cbc00000, 0x00000000ce680000, 0x00000000ee980000)
  object space 43520K, 32% used [0x00000000cbc00000,0x00000000cc9e6ce0,0x00000000ce680000)
 Metaspace       used 17747K, capacity 18008K, committed 18432K, reserved 1064960K
  class space    used 2194K, capacity 2278K, committed 2304K, reserved 1048576K
}
Event: 42.995 GC heap before
{Heap before GC invocations=8 (full 1):
 PSYoungGen      total 29184K, used 19699K [0x00000000ee980000, 0x00000000f1680000, 0x0000000100000000)
  eden space 14336K, 99% used [0x00000000ee980000,0x00000000ef760170,0x00000000ef780000)
  from space 14848K, 36% used [0x00000000f0800000,0x00000000f0d5cad0,0x00000000f1680000)
  to   space 15872K, 0% used [0x00000000ef780000,0x00000000ef780000,0x00000000f0700000)
 ParOldGen       total 43520K, used 14235K [0x00000000cbc00000, 0x00000000ce680000, 0x00000000ee980000)
  object space 43520K, 32% used [0x00000000cbc00000,0x00000000cc9e6ce0,0x00000000ce680000)
 Metaspace       used 17747K, capacity 18008K, committed 18432K, reserved 1064960K
  class space    used 2194K, capacity 2278K, committed 2304K, reserved 1048576K
Event: 42.997 GC heap after
Heap after GC invocations=8 (full 1):
 PSYoungGen      total 18432K, used 3840K [0x00000000ee980000, 0x00000000f1480000, 0x0000000100000000)
  eden space 14336K, 0% used [0x00000000ee980000,0x00000000ee980000,0x00000000ef780000)
  from space 4096K, 93% used [0x00000000ef780000,0x00000000efb40290,0x00000000efb80000)
  to   space 14848K, 0% used [0x00000000f0600000,0x00000000f0600000,0x00000000f1480000)
 ParOldGen       total 43520K, used 14243K [0x00000000cbc00000, 0x00000000ce680000, 0x00000000ee980000)
  object space 43520K, 32% used [0x00000000cbc00000,0x00000000cc9e8ce0,0x00000000ce680000)
 Metaspace       used 17747K, capacity 18008K, committed 18432K, reserved 1064960K
  class space    used 2194K, capacity 2278K, committed 2304K, reserved 1048576K
}
Event: 43.124 GC heap before
{Heap before GC invocations=9 (full 1):
 PSYoungGen      total 18432K, used 18149K [0x00000000ee980000, 0x00000000f1480000, 0x0000000100000000)
  eden space 14336K, 99% used [0x00000000ee980000,0x00000000ef7792f0,0x00000000ef780000)
  from space 4096K, 93% used [0x00000000ef780000,0x00000000efb40290,0x00000000efb80000)
  to   space 14848K, 0% used [0x00000000f0600000,0x00000000f0600000,0x00000000f1480000)
 ParOldGen       total 43520K, used 14243K [0x00000000cbc00000, 0x00000000ce680000, 0x00000000ee980000)
  object space 43520K, 32% used [0x00000000cbc00000,0x00000000cc9e8ce0,0x00000000ce680000)
 Metaspace       used 17747K, capacity 18008K, committed 18432K, reserved 1064960K
  class space    used 2194K, capacity 2278K, committed 2304K, reserved 1048576K
Event: 43.126 GC heap after
Heap after GC invocations=9 (full 1):
 PSYoungGen      total 29696K, used 4665K [0x00000000ee980000, 0x00000000f1f80000, 0x0000000100000000)
  eden space 14848K, 0% used [0x00000000ee980000,0x00000000ee980000,0x00000000ef800000)
  from space 14848K, 31% used [0x00000000f0600000,0x00000000f0a8e6b0,0x00000000f1480000)
  to   space 14336K, 0% used [0x00000000ef800000,0x00000000ef800000,0x00000000f0600000)
 ParOldGen       total 43520K, used 14243K [0x00000000cbc00000, 0x00000000ce680000, 0x00000000ee980000)
  object space 43520K, 32% used [0x00000000cbc00000,0x00000000cc9e8ce0,0x00000000ce680000)
 Metaspace       used 17747K, capacity 18008K, committed 18432K, reserved 1064960K
  class space    used 2194K, capacity 2278K, committed 2304K, reserved 1048576K
}

Deoptimization events (10 events):
Event: 42.542 Thread 0x0000022015faa000 Uncommon trap: reason=unstable_if action=reinterpret pc=0x0000022002e8d5fc method=java.awt.MultipleGradientPaintContext.indexIntoGradientsArrays(F)I @ 93
Event: 43.203 Thread 0x0000022015faa000 Uncommon trap: reason=class_check action=maybe_recompile pc=0x000002200321ae44 method=java.awt.EventQueue.uncacheEQItem(Lsun/awt/EventQueueItem;)V @ 20
Event: 43.464 Thread 0x0000022015faa000 Uncommon trap: reason=class_check action=maybe_recompile pc=0x000002200321ae44 method=java.awt.EventQueue.uncacheEQItem(Lsun/awt/EventQueueItem;)V @ 20
Event: 43.470 Thread 0x0000022015faa000 Uncommon trap: reason=class_check action=maybe_recompile pc=0x000002200321ae44 method=java.awt.EventQueue.uncacheEQItem(Lsun/awt/EventQueueItem;)V @ 20
Event: 43.477 Thread 0x0000022015faa000 Uncommon trap: reason=class_check action=maybe_recompile pc=0x000002200321ae44 method=java.awt.EventQueue.uncacheEQItem(Lsun/awt/EventQueueItem;)V @ 20
Event: 44.155 Thread 0x0000022015faa000 Uncommon trap: reason=unstable_if action=reinterpret pc=0x0000022003187b98 method=java.security.AccessController.getContext()Ljava/security/AccessControlContext; @ 5
Event: 44.207 Thread 0x0000022015faa000 Uncommon trap: reason=unstable_if action=reinterpret pc=0x000002200315bc3c method=java.awt.EventQueue.eventToCacheIndex(Ljava/awt/AWTEvent;)I @ 71
Event: 45.642 Thread 0x0000022015faa000 Uncommon trap: reason=null_check action=make_not_entrant pc=0x00000220033091d4 method=javax.swing.plaf.nimbus.DerivedColor.equals(Ljava/lang/Object;)Z @ 8
Event: 45.754 Thread 0x0000022016a49800 Uncommon trap: reason=unstable_if action=reinterpret pc=0x00000220030224b0 method=sun.awt.image.PNGImageDecoder.produceImage()V @ 867
Event: 47.210 Thread 0x0000022015faa000 Uncommon trap: reason=unstable_if action=reinterpret pc=0x00000220032c1778 method=java.awt.EventQueue.eventToCacheIndex(Ljava/awt/AWTEvent;)I @ 71

Classes redefined (0 events):
No events

Internal exceptions (10 events):
Event: 2.889 Thread 0x00000220014a8000 Exception <a 'java/lang/ClassNotFoundException': ToolTip> (0x00000000eecf5cb0) thrown at [C:\jenkins\workspace\8-2-build-windows-x64-cygwin\jdk8u371\3355\hotspot\src\share\vm\classfile\systemDictionary.cpp, line 212]
Event: 2.895 Thread 0x00000220014a8000 Exception <a 'java/lang/ClassNotFoundException': Tree> (0x00000000eecf68d0) thrown at [C:\jenkins\workspace\8-2-build-windows-x64-cygwin\jdk8u371\3355\hotspot\src\share\vm\classfile\systemDictionary.cpp, line 212]
Event: 2.895 Thread 0x00000220014a8000 Exception <a 'java/lang/ClassNotFoundException': Tree> (0x00000000eecf7010) thrown at [C:\jenkins\workspace\8-2-build-windows-x64-cygwin\jdk8u371\3355\hotspot\src\share\vm\classfile\systemDictionary.cpp, line 212]
Event: 2.896 Thread 0x00000220014a8000 Exception <a 'java/lang/ClassNotFoundException': javax/swing/JTreeCell> (0x00000000eecf7390) thrown at [C:\jenkins\workspace\8-2-build-windows-x64-cygwin\jdk8u371\3355\hotspot\src\share\vm\classfile\systemDictionary.cpp, line 212]
Event: 2.896 Thread 0x00000220014a8000 Exception <a 'java/lang/ClassNotFoundException': TreeCell> (0x00000000eecf7818) thrown at [C:\jenkins\workspace\8-2-build-windows-x64-cygwin\jdk8u371\3355\hotspot\src\share\vm\classfile\systemDictionary.cpp, line 212]
Event: 2.898 Thread 0x00000220014a8000 Exception <a 'java/lang/ClassNotFoundException': RootPane> (0x00000000eecf8278) thrown at [C:\jenkins\workspace\8-2-build-windows-x64-cygwin\jdk8u371\3355\hotspot\src\share\vm\classfile\systemDictionary.cpp, line 212]
Event: 31.854 Thread 0x0000022015faa000 Implicit null exception at 0x00000220031c5ed9 to 0x00000220031c5fad
Event: 42.420 Thread 0x0000022015faa000 Implicit null exception at 0x0000022002fefc4a to 0x0000022002ff0bc1
Event: 44.155 Thread 0x0000022015faa000 Implicit null exception at 0x0000022003187789 to 0x0000022003187b81
Event: 45.642 Thread 0x0000022015faa000 Implicit null exception at 0x0000022003308fb9 to 0x00000220033091c4

Events (10 events):
Event: 47.210 Thread 0x0000022015faa000 DEOPT PACKING pc=0x00000220032c1778 sp=0x000000875d1ff080
Event: 47.211 Thread 0x0000022015faa000 DEOPT UNPACKING pc=0x0000022002db58c3 sp=0x000000875d1fef48 mode 2
Event: 49.700 loading class java/security/DomainCombiner
Event: 49.978 loading class java/security/DomainCombiner done
Event: 51.099 Executing VM operation: RevokeBias
Event: 51.100 Executing VM operation: RevokeBias done
Event: 51.100 Thread 0x0000022016a49800 Thread exited: 0x0000022016a49800
Event: 51.160 Executing VM operation: RevokeBias
Event: 51.160 Executing VM operation: RevokeBias done
Event: 51.160 Thread 0x0000022018a7f800 Thread exited: 0x0000022018a7f800


Dynamic libraries:
0x00007ff650cc0000 - 0x00007ff650d0a000 	C:\Program Files\Java\jdk-1.8\bin\java.exe
0x00007fffe4520000 - 0x00007fffe4710000 	C:\WINDOWS\SYSTEM32\ntdll.dll
0x00007fffe3f80000 - 0x00007fffe4032000 	C:\WINDOWS\System32\KERNEL32.DLL
0x00007fffe2120000 - 0x00007fffe23c5000 	C:\WINDOWS\System32\KERNELBASE.dll
0x00007fffe26b0000 - 0x00007fffe2753000 	C:\WINDOWS\System32\ADVAPI32.dll
0x00007fffe2e60000 - 0x00007fffe2efe000 	C:\WINDOWS\System32\msvcrt.dll
0x00007fffe27d0000 - 0x00007fffe2867000 	C:\WINDOWS\System32\sechost.dll
0x00007fffe2870000 - 0x00007fffe298f000 	C:\WINDOWS\System32\RPCRT4.dll
0x00007fffe3600000 - 0x00007fffe3794000 	C:\WINDOWS\System32\USER32.dll
0x00007fffe2480000 - 0x00007fffe24a1000 	C:\WINDOWS\System32\win32u.dll
0x00007fffe3850000 - 0x00007fffe3876000 	C:\WINDOWS\System32\GDI32.dll
0x00007fffe24b0000 - 0x00007fffe2648000 	C:\WINDOWS\System32\gdi32full.dll
0x00007fffe1dd0000 - 0x00007fffe1e6e000 	C:\WINDOWS\System32\msvcp_win.dll
0x00007fffe1e70000 - 0x00007fffe1f6a000 	C:\WINDOWS\System32\ucrtbase.dll
0x00007fffe0070000 - 0x00007fffe02f4000 	C:\WINDOWS\WinSxS\amd64_microsoft.windows.common-controls_6595b64144ccf1df_6.0.18362.1556_none_9e7e372fe45e41d5\COMCTL32.dll
0x00007fffe2b20000 - 0x00007fffe2e56000 	C:\WINDOWS\System32\combase.dll
0x00007fffe1570000 - 0x00007fffe15f1000 	C:\WINDOWS\System32\bcryptPrimitives.dll
0x00007fffe3f50000 - 0x00007fffe3f7e000 	C:\WINDOWS\System32\IMM32.DLL
0x00007fffdac50000 - 0x00007fffdac6b000 	C:\Program Files\Java\jdk-1.8\jre\bin\vcruntime140.dll
0x00007fffdb120000 - 0x00007fffdb12c000 	C:\Program Files\Java\jdk-1.8\jre\bin\vcruntime140_1.dll
0x00007fffcc140000 - 0x00007fffcc1ce000 	C:\Program Files\Java\jdk-1.8\jre\bin\msvcp140.dll
0x0000000075be0000 - 0x0000000076487000 	C:\Program Files\Java\jdk-1.8\jre\bin\server\jvm.dll
0x00007fffe2b10000 - 0x00007fffe2b18000 	C:\WINDOWS\System32\PSAPI.DLL
0x00007fffde5e0000 - 0x00007fffde604000 	C:\WINDOWS\SYSTEM32\WINMM.dll
0x00007fffcc670000 - 0x00007fffcc679000 	C:\WINDOWS\SYSTEM32\WSOCK32.dll
0x00007fffd9160000 - 0x00007fffd916a000 	C:\WINDOWS\SYSTEM32\VERSION.dll
0x00007fffe3a40000 - 0x00007fffe3aaf000 	C:\WINDOWS\System32\WS2_32.dll
0x00007fffde350000 - 0x00007fffde37d000 	C:\WINDOWS\SYSTEM32\winmmbase.dll
0x00007fffe1600000 - 0x00007fffe164a000 	C:\WINDOWS\System32\cfgmgr32.dll
0x00007fffe14e0000 - 0x00007fffe14f1000 	C:\WINDOWS\System32\kernel.appcore.dll
0x00007fffdca30000 - 0x00007fffdca40000 	C:\Program Files\Java\jdk-1.8\jre\bin\verify.dll
0x00007fffda8c0000 - 0x00007fffda8eb000 	C:\Program Files\Java\jdk-1.8\jre\bin\java.dll
0x00007fffd0600000 - 0x00007fffd0618000 	C:\Program Files\Java\jdk-1.8\jre\bin\zip.dll
0x00007fffe2f00000 - 0x00007fffe35e7000 	C:\WINDOWS\System32\SHELL32.dll
0x00007fffe37a0000 - 0x00007fffe3848000 	C:\WINDOWS\System32\shcore.dll
0x00007fffe1650000 - 0x00007fffe1dcb000 	C:\WINDOWS\System32\windows.storage.dll
0x00007fffe1550000 - 0x00007fffe156e000 	C:\WINDOWS\System32\profapi.dll
0x00007fffe1500000 - 0x00007fffe154a000 	C:\WINDOWS\System32\powrprof.dll
0x00007fffe14b0000 - 0x00007fffe14c0000 	C:\WINDOWS\System32\UMPDC.dll
0x00007fffe3880000 - 0x00007fffe38d2000 	C:\WINDOWS\System32\shlwapi.dll
0x00007fffe1fa0000 - 0x00007fffe1fb7000 	C:\WINDOWS\System32\cryptsp.dll
0x00007fffcc1d0000 - 0x00007fffcc34e000 	C:\Program Files\Java\jdk-1.8\jre\bin\awt.dll
0x00007fffe2990000 - 0x00007fffe2a55000 	C:\WINDOWS\System32\OLEAUT32.dll
0x00007fffded60000 - 0x00007fffdedef000 	C:\WINDOWS\SYSTEM32\apphelp.dll
0x00007fffdef30000 - 0x00007fffdefc9000 	C:\WINDOWS\system32\uxtheme.dll
0x00007fffe3c60000 - 0x00007fffe3d95000 	C:\WINDOWS\System32\MSCTF.dll
0x00007fffe38e0000 - 0x00007fffe3a37000 	C:\WINDOWS\System32\ole32.dll
0x00007fffdf440000 - 0x00007fffdf46d000 	C:\WINDOWS\system32\DWMAPI.DLL
0x00007fffcf290000 - 0x00007fffcf2df000 	C:\Program Files\Java\jdk-1.8\jre\bin\fontmanager.dll
0x00007fffbc380000 - 0x00007fffbc4d6000 	C:\WINDOWS\system32\opengl32.dll
0x00007fffcc900000 - 0x00007fffcc92c000 	C:\WINDOWS\SYSTEM32\GLU32.dll
0x00007fffdfad0000 - 0x00007fffdfaf0000 	C:\WINDOWS\SYSTEM32\dxcore.dll
0x00007fffe0440000 - 0x00007fffe0473000 	C:\WINDOWS\system32\rsaenh.dll
0x00007fffe1f70000 - 0x00007fffe1f96000 	C:\WINDOWS\System32\bcrypt.dll
0x00007fffe13a0000 - 0x00007fffe13c5000 	C:\WINDOWS\SYSTEM32\USERENV.dll
0x00007fffe0b40000 - 0x00007fffe0b4c000 	C:\WINDOWS\SYSTEM32\CRYPTBASE.dll
0x00007fffd1370000 - 0x00007fffd138c000 	C:\Program Files\Java\jdk-1.8\jre\bin\net.dll
0x00007fffe08c0000 - 0x00007fffe0927000 	C:\WINDOWS\system32\mswsock.dll
0x00007fffe05d0000 - 0x00007fffe060a000 	C:\WINDOWS\SYSTEM32\IPHLPAPI.DLL
0x00007fffe35f0000 - 0x00007fffe35f8000 	C:\WINDOWS\System32\NSI.dll
0x00007fffd8e40000 - 0x00007fffd8e56000 	C:\WINDOWS\SYSTEM32\dhcpcsvc6.DLL
0x00007fffd8f10000 - 0x00007fffd8f2c000 	C:\WINDOWS\SYSTEM32\dhcpcsvc.DLL
0x00007fffe0610000 - 0x00007fffe06db000 	C:\WINDOWS\SYSTEM32\DNSAPI.dll
0x00007fffd03b0000 - 0x00007fffd03c3000 	C:\Program Files\Java\jdk-1.8\jre\bin\nio.dll
0x00007fffe2a60000 - 0x00007fffe2b02000 	C:\WINDOWS\System32\clbcatq.dll
0x00007fffdbcc0000 - 0x00007fffdbe6f000 	C:\WINDOWS\SYSTEM32\WindowsCodecs.dll
0x00007fffbf4b0000 - 0x00007fffbf4eb000 	C:\WINDOWS\system32\dataexchange.dll
0x00007fffde6e0000 - 0x00007fffde8bd000 	C:\WINDOWS\system32\dcomp.dll
0x00007fffde380000 - 0x00007fffde5db000 	C:\WINDOWS\system32\d3d11.dll
0x00007fffdfb60000 - 0x00007fffdfc4b000 	C:\WINDOWS\system32\dxgi.dll
0x00007fffdefd0000 - 0x00007fffdf22a000 	C:\WINDOWS\system32\twinapi.appcore.dll
0x00007fffdf350000 - 0x00007fffdf379000 	C:\WINDOWS\system32\RMCLIENT.dll
0x00007fffcd370000 - 0x00007fffcd3b3000 	C:\Program Files\Java\jdk-1.8\jre\bin\t2k.dll
0x00007fffd2ce0000 - 0x00007fffd2d7b000 	C:\WINDOWS\System32\TextInputFramework.dll
0x00007fffdde10000 - 0x00007fffddee4000 	C:\WINDOWS\System32\CoreMessaging.dll
0x00007fffdc150000 - 0x00007fffdc47a000 	C:\WINDOWS\System32\CoreUIComponents.dll
0x00007fffe1260000 - 0x00007fffe1291000 	C:\WINDOWS\SYSTEM32\ntmarta.dll
0x00007fffdbff0000 - 0x00007fffdc142000 	C:\WINDOWS\SYSTEM32\wintypes.dll
0x00007fffcd780000 - 0x00007fffcd7aa000 	C:\Program Files\Java\jdk-1.8\jre\bin\dcpr.dll
0x00007fffd17e0000 - 0x00007fffd1a87000 	C:\WINDOWS\System32\iertutil.dll
0x00007fffd7d70000 - 0x00007fffd7d7a000 	C:\Windows\System32\rasadhlp.dll
0x00007fffd8d60000 - 0x00007fffd8dd7000 	C:\WINDOWS\System32\fwpuclnt.dll
0x00007fffe0f80000 - 0x00007fffe1174000 	C:\WINDOWS\SYSTEM32\dbghelp.dll

VM Arguments:
jvm_args: -Dfile.encoding=UTF-8 
java_command: jframe.LoginPage
java_class_path (initial): C:\Program Files\NetBeans-18\netbeans\java\modules\ext\AbsoluteLayout.jar;C:\Users\Oumaima_Rzini\Downloads\1515879047_RSCalendar\RSCalendar.jar;C:\Users\Oumaima_Rzini\Downloads\1515878801_RojeruSan.parte1.jar\RojeruSan.parte1.jar;C:\Users\Oumaima_Rzini\Downloads\mysql-connector-java-8.0.11.jar;C:\Users\Oumaima_Rzini\Downloads\JFreeChart;C:\Users\Oumaima_Rzini\Downloads\JFreeChart.zip;C:\Users\Oumaima_Rzini\Documents\NetBeansProjects\Library_Management_System\build\classes
Launcher Type: SUN_STANDARD

Environment Variables:
PATH=C:\WINDOWS\system32;C:\WINDOWS;C:\WINDOWS\System32\Wbem;C:\WINDOWS\System32\WindowsPowerShell\v1.0\;C:\WINDOWS\System32\OpenSSH\;C:\Program Files\Microsoft SQL Server\Client SDK\ODBC\170\Tools\Binn\;C:\Program Files (x86)\Microsoft SQL Server\150\Tools\Binn\;C:\Program Files\Microsoft SQL Server\150\Tools\Binn\;C:\Program Files\Microsoft SQL Server\150\DTS\Binn\;C:\Program Files (x86)\Microsoft SQL Server\150\DTS\Binn\;C:\Program Files\Azure Data Studio\bin;C:\Program Files\dotnet\;C:\Program Files\Microsoft SQL Server\110\Tools\Binn\;C:\Program Files\Git\cmd;C:\Program Files\MATLAB\R2023a\bin;C:\Users\Oumaima_Rzini\AppData\Local\Programs\Python\Python311\Scripts\;C:\Users\Oumaima_Rzini\AppData\Local\Programs\Python\Python311\;C:\Users\Oumaima_Rzini\AppData\Local\Microsoft\WindowsApps;;C:\Program Files\Azure Data Studio\bin;C:\Users\Oumaima_Rzini\.dotnet\tools;C:\Users\Oumaima_Rzini\AppData\Local\Programs\Microsoft VS Code\bin
USERNAME=Oumaima_Rzini
OS=Windows_NT
PROCESSOR_IDENTIFIER=Intel64 Family 6 Model 142 Stepping 10, GenuineIntel



---------------  S Y S T E M  ---------------

OS: Windows 10 , 64 bit Build 18362 (10.0.18362.1500)

CPU:total 4 (initial active 4) (2 cores per cpu, 2 threads per core) family 6 model 142 stepping 10, cmov, cx8, fxsr, mmx, sse, sse2, sse3, ssse3, sse4.1, sse4.2, popcnt, avx, avx2, aes, clmul, erms, 3dnowpref, lzcnt, ht, tsc, tscinvbit, bmi1, bmi2, adx

Memory: 4k page, physical 3422132k(275448k free), swap 5519284k(3068k free)

vm_info: Java HotSpot(TM) 64-Bit Server VM (25.371-b11) for windows-amd64 JRE (1.8.0_371-b11), built on Mar 17 2023 04:03:45 by "java_re" with MS VC++ 17.1 (VS2022)

time: Wed Jun 21 15:49:59 2023
timezone: Maroc (heure d’été)
elapsed time: 53.870356 seconds (0d 0h 0m 53s)

