#
# There is insufficient memory for the Java Runtime Environment to continue.
# Native memory allocation (malloc) failed to allocate 32744 bytes for ChunkPool::allocate
# Possible reasons:
#   The system is out of physical RAM or swap space
#   The process is running with CompressedOops enabled, and the Java Heap may be blocking the growth of the native heap
# Possible solutions:
#   Reduce memory load on the system
#   Increase physical memory or swap space
#   Check if swap backing store is full
#   Decrease Java heap size (-Xmx/-Xms)
#   Decrease number of Java threads
#   Decrease Java thread stack sizes (-Xss)
#   Set larger code cache with -XX:ReservedCodeCacheSize=
#   JVM is running with Unscaled Compressed Oops mode in which the Java heap is
#     placed in the first 4GB address space. The Java Heap base address is the
#     maximum limit for the native heap growth. Please use -XX:HeapBaseMinAddress
#     to set the Java Heap base and to place the Java Heap above 4GB virtual address.
# This output file may be truncated or incomplete.
#
#  Out of Memory Error (allocation.cpp:272), pid=6560, tid=0x00000000000025e4
#
# JRE version: Java(TM) SE Runtime Environment (8.0_371) (build 1.8.0_371-b11)
# Java VM: Java HotSpot(TM) 64-Bit Server VM (25.371-b11 mixed mode windows-amd64 compressed oops)
# Failed to write core dump. Minidumps are not enabled by default on client versions of Windows
#

---------------  T H R E A D  ---------------

Current thread (0x00000287653c0000):  JavaThread "C2 CompilerThread1" daemon [_thread_in_native, id=9700, stack(0x000000afd9000000,0x000000afd9100000)]

Stack: [0x000000afd9000000,0x000000afd9100000]
Native frames: (J=compiled Java code, j=interpreted, Vv=VM code, C=native code)
V  [jvm.dll+0x34d9f9]
V  [jvm.dll+0x28aa12]
V  [jvm.dll+0x28b5dd]
V  [jvm.dll+0x281da5]
V  [jvm.dll+0xdb9d1]
V  [jvm.dll+0xdbd2c]
V  [jvm.dll+0x49b330]
V  [jvm.dll+0x49ab5f]
V  [jvm.dll+0x45dcad]
V  [jvm.dll+0x497960]
V  [jvm.dll+0x496d29]
V  [jvm.dll+0x45b09f]
V  [jvm.dll+0x46433f]
V  [jvm.dll+0x463739]
V  [jvm.dll+0x44d45b]
V  [jvm.dll+0xb02c6]
V  [jvm.dll+0xae99f]
V  [jvm.dll+0x24e572]
V  [jvm.dll+0x2a76ac]
C  [ucrtbase.dll+0x210b2]
C  [KERNEL32.DLL+0x17c24]
C  [ntdll.dll+0x6d721]


Current CompileTask:
C2:  33756 2762   !   4       java.awt.EventQueue::getNextEvent (84 bytes)


---------------  P R O C E S S  ---------------

Java Threads: ( => current thread )
  0x000002876627a800 JavaThread "Abandoned connection cleanup thread" daemon [_thread_blocked, id=2260, stack(0x000000afd9d00000,0x000000afd9e00000)]
  0x0000028766cb7800 JavaThread "TimerQueue" daemon [_thread_blocked, id=9748, stack(0x000000afd9800000,0x000000afd9900000)]
  0x0000028751728800 JavaThread "DestroyJavaVM" [_thread_blocked, id=8208, stack(0x000000afd8500000,0x000000afd8600000)]
  0x0000028766356800 JavaThread "AWT-EventQueue-0" [_thread_blocked, id=9908, stack(0x000000afd9700000,0x000000afd9800000)]
  0x00000287662f0000 JavaThread "AWT-Windows" daemon [_thread_in_native, id=9432, stack(0x000000afd9600000,0x000000afd9700000)]
  0x00000287662ef800 JavaThread "AWT-Shutdown" [_thread_blocked, id=7292, stack(0x000000afd9500000,0x000000afd9600000)]
  0x00000287662ec000 JavaThread "Java2D Disposer" daemon [_thread_blocked, id=5696, stack(0x000000afd9400000,0x000000afd9500000)]
  0x0000028765453800 JavaThread "Service Thread" daemon [_thread_blocked, id=3400, stack(0x000000afd9200000,0x000000afd9300000)]
  0x00000287653c4000 JavaThread "C1 CompilerThread2" daemon [_thread_blocked, id=1832, stack(0x000000afd9100000,0x000000afd9200000)]
=>0x00000287653c0000 JavaThread "C2 CompilerThread1" daemon [_thread_in_native, id=9700, stack(0x000000afd9000000,0x000000afd9100000)]
  0x00000287653be000 JavaThread "C2 CompilerThread0" daemon [_thread_in_native, id=944, stack(0x000000afd8f00000,0x000000afd9000000)]
  0x00000287653bb000 JavaThread "Attach Listener" daemon [_thread_blocked, id=5412, stack(0x000000afd8e00000,0x000000afd8f00000)]
  0x00000287653b9800 JavaThread "Signal Dispatcher" daemon [_thread_blocked, id=4916, stack(0x000000afd8d00000,0x000000afd8e00000)]
  0x0000028765396000 JavaThread "Finalizer" daemon [_thread_blocked, id=7296, stack(0x000000afd8c00000,0x000000afd8d00000)]
  0x0000028765395000 JavaThread "Reference Handler" daemon [_thread_blocked, id=8240, stack(0x000000afd8b00000,0x000000afd8c00000)]

Other Threads:
  0x0000028765374000 VMThread [stack: 0x000000afd8a00000,0x000000afd8b00000] [id=1248]
  0x0000028765468000 WatcherThread [stack: 0x000000afd9300000,0x000000afd9400000] [id=2136]

VM state:not at safepoint (normal execution)

VM Mutex/Monitor currently owned by a thread: None

heap address: 0x00000000cbc00000, size: 836 MB, Compressed Oops mode: 32-bit
Narrow klass base: 0x0000000000000000, Narrow klass shift: 3
Compressed class space size: 1073741824 Address: 0x0000000100000000

Heap:
 PSYoungGen      total 68096K, used 11093K [0x00000000ee980000, 0x00000000f3680000, 0x0000000100000000)
  eden space 57344K, 14% used [0x00000000ee980000,0x00000000ef1c67a0,0x00000000f2180000)
  from space 10752K, 24% used [0x00000000f2180000,0x00000000f240eed0,0x00000000f2c00000)
  to   space 10752K, 0% used [0x00000000f2c00000,0x00000000f2c00000,0x00000000f3680000)
 ParOldGen       total 36864K, used 28892K [0x00000000cbc00000, 0x00000000ce000000, 0x00000000ee980000)
  object space 36864K, 78% used [0x00000000cbc00000,0x00000000cd8370c8,0x00000000ce000000)
 Metaspace       used 20083K, capacity 20398K, committed 20864K, reserved 1067008K
  class space    used 2479K, capacity 2571K, committed 2688K, reserved 1048576K

Card table byte_map: [0x00000287624d0000,0x0000028762680000] byte_map_base: 0x0000028761e72000

Marking Bits: (ParMarkBitMap*) 0x000000006be5d980
 Begin Bits: [0x00000287627a0000, 0x00000287634b0000)
 End Bits:   [0x00000287634b0000, 0x00000287641c0000)

Polling page: 0x0000028751690000

CodeCache: size=245760Kb used=9064Kb max_used=9077Kb free=236696Kb
 bounds [0x0000028753110000, 0x0000028753a00000, 0x0000028762110000]
 total_blobs=3323 nmethods=2753 adapters=482
 compilation: enabled

Compilation events (10 events):
Event: 32.823 Thread 0x00000287653c4000 2758       3       java.awt.EventQueue::getNextEventPrivate (76 bytes)
Event: 32.824 Thread 0x00000287653c4000 nmethod 2758 0x00000287539eca90 code [0x00000287539ecc20, 0x00000287539ecf70]
Event: 32.885 Thread 0x00000287653c0000 2759       4       java.awt.EventQueue::dispatchEvent (80 bytes)
Event: 32.885 Thread 0x00000287653be000 2760       4       java.awt.EventQueue::getAccessControlContextFrom (53 bytes)
Event: 32.889 Thread 0x00000287653be000 nmethod 2760 0x00000287539ec790 code [0x00000287539ec8e0, 0x00000287539ec998]
Event: 32.906 Thread 0x00000287653c0000 nmethod 2759 0x00000287539ee4d0 code [0x00000287539ee6a0, 0x00000287539eec80]
Event: 32.956 Thread 0x00000287653be000 2761   !   4       java.awt.EventDispatchThread::filterAndCheckEvent (108 bytes)
Event: 32.959 Thread 0x00000287653c0000 2762   !   4       java.awt.EventQueue::getNextEvent (84 bytes)
Event: 32.996 Thread 0x00000287653be000 nmethod 2761 0x00000287539f1bd0 code [0x00000287539f1d60, 0x00000287539f2628]
Event: 32.996 Thread 0x00000287653be000 2763   !   4       java.awt.EventDispatchThread::pumpOneEventForFilters (190 bytes)

GC Heap History (10 events):
Event: 20.142 GC heap before
{Heap before GC invocations=5 (full 0):
 PSYoungGen      total 16384K, used 15982K [0x00000000ee980000, 0x00000000efb80000, 0x0000000100000000)
  eden space 14336K, 97% used [0x00000000ee980000,0x00000000ef71ec50,0x00000000ef780000)
  from space 2048K, 99% used [0x00000000ef980000,0x00000000efb7cdd8,0x00000000efb80000)
  to   space 2048K, 0% used [0x00000000ef780000,0x00000000ef780000,0x00000000ef980000)
 ParOldGen       total 36864K, used 17544K [0x00000000cbc00000, 0x00000000ce000000, 0x00000000ee980000)
  object space 36864K, 47% used [0x00000000cbc00000,0x00000000ccd22110,0x00000000ce000000)
 Metaspace       used 19687K, capacity 20002K, committed 20224K, reserved 1067008K
  class space    used 2421K, capacity 2503K, committed 2560K, reserved 1048576K
Event: 20.151 GC heap after
Heap after GC invocations=5 (full 0):
 PSYoungGen      total 16384K, used 2035K [0x00000000ee980000, 0x00000000f1a80000, 0x0000000100000000)
  eden space 14336K, 0% used [0x00000000ee980000,0x00000000ee980000,0x00000000ef780000)
  from space 2048K, 99% used [0x00000000ef780000,0x00000000ef97cdd8,0x00000000ef980000)
  to   space 10752K, 0% used [0x00000000f1000000,0x00000000f1000000,0x00000000f1a80000)
 ParOldGen       total 36864K, used 25086K [0x00000000cbc00000, 0x00000000ce000000, 0x00000000ee980000)
  object space 36864K, 68% used [0x00000000cbc00000,0x00000000cd47f900,0x00000000ce000000)
 Metaspace       used 19687K, capacity 20002K, committed 20224K, reserved 1067008K
  class space    used 2421K, capacity 2503K, committed 2560K, reserved 1048576K
}
Event: 20.272 GC heap before
{Heap before GC invocations=6 (full 0):
 PSYoungGen      total 16384K, used 16286K [0x00000000ee980000, 0x00000000f1a80000, 0x0000000100000000)
  eden space 14336K, 99% used [0x00000000ee980000,0x00000000ef76add0,0x00000000ef780000)
  from space 2048K, 99% used [0x00000000ef780000,0x00000000ef97cdd8,0x00000000ef980000)
  to   space 10752K, 0% used [0x00000000f1000000,0x00000000f1000000,0x00000000f1a80000)
 ParOldGen       total 36864K, used 25086K [0x00000000cbc00000, 0x00000000ce000000, 0x00000000ee980000)
  object space 36864K, 68% used [0x00000000cbc00000,0x00000000cd47f900,0x00000000ce000000)
 Metaspace       used 19690K, capacity 20002K, committed 20224K, reserved 1067008K
  class space    used 2421K, capacity 2503K, committed 2560K, reserved 1048576K
Event: 20.279 GC heap after
Heap after GC invocations=6 (full 0):
 PSYoungGen      total 39424K, used 7888K [0x00000000ee980000, 0x00000000f1a80000, 0x0000000100000000)
  eden space 28672K, 0% used [0x00000000ee980000,0x00000000ee980000,0x00000000f0580000)
  from space 10752K, 73% used [0x00000000f1000000,0x00000000f17b42b8,0x00000000f1a80000)
  to   space 10752K, 0% used [0x00000000f0580000,0x00000000f0580000,0x00000000f1000000)
 ParOldGen       total 36864K, used 25086K [0x00000000cbc00000, 0x00000000ce000000, 0x00000000ee980000)
  object space 36864K, 68% used [0x00000000cbc00000,0x00000000cd47f900,0x00000000ce000000)
 Metaspace       used 19690K, capacity 20002K, committed 20224K, reserved 1067008K
  class space    used 2421K, capacity 2503K, committed 2560K, reserved 1048576K
}
Event: 20.853 GC heap before
{Heap before GC invocations=7 (full 0):
 PSYoungGen      total 39424K, used 36290K [0x00000000ee980000, 0x00000000f1a80000, 0x0000000100000000)
  eden space 28672K, 99% used [0x00000000ee980000,0x00000000f053c8c8,0x00000000f0580000)
  from space 10752K, 73% used [0x00000000f1000000,0x00000000f17b42b8,0x00000000f1a80000)
  to   space 10752K, 0% used [0x00000000f0580000,0x00000000f0580000,0x00000000f1000000)
 ParOldGen       total 36864K, used 25086K [0x00000000cbc00000, 0x00000000ce000000, 0x00000000ee980000)
  object space 36864K, 68% used [0x00000000cbc00000,0x00000000cd47f900,0x00000000ce000000)
 Metaspace       used 19704K, capacity 20002K, committed 20224K, reserved 1067008K
  class space    used 2423K, capacity 2503K, committed 2560K, reserved 1048576K
Event: 20.861 GC heap after
Heap after GC invocations=7 (full 0):
 PSYoungGen      total 39424K, used 5143K [0x00000000ee980000, 0x00000000f3680000, 0x0000000100000000)
  eden space 28672K, 0% used [0x00000000ee980000,0x00000000ee980000,0x00000000f0580000)
  from space 10752K, 47% used [0x00000000f0580000,0x00000000f0a85d80,0x00000000f1000000)
  to   space 10752K, 0% used [0x00000000f2c00000,0x00000000f2c00000,0x00000000f3680000)
 ParOldGen       total 36864K, used 26749K [0x00000000cbc00000, 0x00000000ce000000, 0x00000000ee980000)
  object space 36864K, 72% used [0x00000000cbc00000,0x00000000cd61f588,0x00000000ce000000)
 Metaspace       used 19704K, capacity 20002K, committed 20224K, reserved 1067008K
  class space    used 2423K, capacity 2503K, committed 2560K, reserved 1048576K
}
Event: 22.042 GC heap before
{Heap before GC invocations=8 (full 0):
 PSYoungGen      total 39424K, used 33596K [0x00000000ee980000, 0x00000000f3680000, 0x0000000100000000)
  eden space 28672K, 99% used [0x00000000ee980000,0x00000000f0549338,0x00000000f0580000)
  from space 10752K, 47% used [0x00000000f0580000,0x00000000f0a85d80,0x00000000f1000000)
  to   space 10752K, 0% used [0x00000000f2c00000,0x00000000f2c00000,0x00000000f3680000)
 ParOldGen       total 36864K, used 26749K [0x00000000cbc00000, 0x00000000ce000000, 0x00000000ee980000)
  object space 36864K, 72% used [0x00000000cbc00000,0x00000000cd61f588,0x00000000ce000000)
 Metaspace       used 20009K, capacity 20328K, committed 20864K, reserved 1067008K
  class space    used 2476K, capacity 2570K, committed 2688K, reserved 1048576K
Event: 22.046 GC heap after
Heap after GC invocations=8 (full 0):
 PSYoungGen      total 68096K, used 4935K [0x00000000ee980000, 0x00000000f3680000, 0x0000000100000000)
  eden space 57344K, 0% used [0x00000000ee980000,0x00000000ee980000,0x00000000f2180000)
  from space 10752K, 45% used [0x00000000f2c00000,0x00000000f30d1db0,0x00000000f3680000)
  to   space 10752K, 0% used [0x00000000f2180000,0x00000000f2180000,0x00000000f2c00000)
 ParOldGen       total 36864K, used 27123K [0x00000000cbc00000, 0x00000000ce000000, 0x00000000ee980000)
  object space 36864K, 73% used [0x00000000cbc00000,0x00000000cd67cdb8,0x00000000ce000000)
 Metaspace       used 20009K, capacity 20328K, committed 20864K, reserved 1067008K
  class space    used 2476K, capacity 2570K, committed 2688K, reserved 1048576K
}
Event: 22.572 GC heap before
{Heap before GC invocations=9 (full 0):
 PSYoungGen      total 68096K, used 61807K [0x00000000ee980000, 0x00000000f3680000, 0x0000000100000000)
  eden space 57344K, 99% used [0x00000000ee980000,0x00000000f210a1e0,0x00000000f2180000)
  from space 10752K, 45% used [0x00000000f2c00000,0x00000000f30d1db0,0x00000000f3680000)
  to   space 10752K, 0% used [0x00000000f2180000,0x00000000f2180000,0x00000000f2c00000)
 ParOldGen       total 36864K, used 27123K [0x00000000cbc00000, 0x00000000ce000000, 0x00000000ee980000)
  object space 36864K, 73% used [0x00000000cbc00000,0x00000000cd67cdb8,0x00000000ce000000)
 Metaspace       used 20019K, capacity 20328K, committed 20864K, reserved 1067008K
  class space    used 2476K, capacity 2570K, committed 2688K, reserved 1048576K
Event: 22.576 GC heap after
Heap after GC invocations=9 (full 0):
 PSYoungGen      total 68096K, used 2619K [0x00000000ee980000, 0x00000000f3680000, 0x0000000100000000)
  eden space 57344K, 0% used [0x00000000ee980000,0x00000000ee980000,0x00000000f2180000)
  from space 10752K, 24% used [0x00000000f2180000,0x00000000f240eed0,0x00000000f2c00000)
  to   space 10752K, 0% used [0x00000000f2c00000,0x00000000f2c00000,0x00000000f3680000)
 ParOldGen       total 36864K, used 28892K [0x00000000cbc00000, 0x00000000ce000000, 0x00000000ee980000)
  object space 36864K, 78% used [0x00000000cbc00000,0x00000000cd8370c8,0x00000000ce000000)
 Metaspace       used 20019K, capacity 20328K, committed 20864K, reserved 1067008K
  class space    used 2476K, capacity 2570K, committed 2688K, reserved 1048576K
}

Deoptimization events (10 events):
Event: 20.059 Thread 0x0000028766356800 Uncommon trap: reason=predicate action=maybe_recompile pc=0x000002875394f8e0 method=efectos.FastGaussianBlur.boxBlurH_4([I[IIID)V @ 20
Event: 20.059 Thread 0x0000028766356800 Uncommon trap: reason=unstable_if action=reinterpret pc=0x0000028753956190 method=efectos.FastGaussianBlur.boxBlurH_4([I[IIID)V @ 219
Event: 20.083 Thread 0x0000028766356800 Uncommon trap: reason=predicate action=maybe_recompile pc=0x00000287539539f8 method=efectos.FastGaussianBlur.boxBlurT_4([I[IIID)V @ 20
Event: 20.083 Thread 0x0000028766356800 Uncommon trap: reason=unstable_if action=reinterpret pc=0x000002875395725c method=efectos.FastGaussianBlur.boxBlurT_4([I[IIID)V @ 239
Event: 21.785 Thread 0x0000028766356800 Uncommon trap: reason=null_check action=make_not_entrant pc=0x000002875392f2bc method=javax.swing.plaf.nimbus.NimbusDefaults$LazyStyle.matches(Ljava/awt/Component;I)Z @ 39
Event: 21.857 Thread 0x0000028766356800 Uncommon trap: reason=class_check action=maybe_recompile pc=0x000002875399ffd0 method=javax.swing.UIDefaults.getFromHashtable(Ljava/lang/Object;)Ljava/lang/Object; @ 122
Event: 31.974 Thread 0x0000028766356800 Uncommon trap: reason=unstable_if action=reinterpret pc=0x0000028753863ffc method=java.awt.EventQueue.eventToCacheIndex(Ljava/awt/AWTEvent;)I @ 71
Event: 32.301 Thread 0x0000028766356800 Uncommon trap: reason=unstable_if action=reinterpret pc=0x00000287539a2818 method=java.awt.EventQueue.eventToCacheIndex(Ljava/awt/AWTEvent;)I @ 71
Event: 32.302 Thread 0x0000028766356800 Uncommon trap: reason=class_check action=maybe_recompile pc=0x00000287539ce3d4 method=java.awt.EventQueue.setCurrentEventAndMostRecentTimeImpl(Ljava/awt/AWTEvent;)V @ 135
Event: 32.303 Thread 0x0000028766356800 Uncommon trap: reason=class_check action=maybe_recompile pc=0x00000287539ce3d4 method=java.awt.EventQueue.setCurrentEventAndMostRecentTimeImpl(Ljava/awt/AWTEvent;)V @ 135

Classes redefined (0 events):
No events

Internal exceptions (10 events):
Event: 0.380 Thread 0x0000028751728800 Exception <a 'java/lang/ClassNotFoundException': ToolBarSeparator> (0x00000000eed06f50) thrown at [C:\jenkins\workspace\8-2-build-windows-x64-cygwin\jdk8u371\3355\hotspot\src\share\vm\classfile\systemDictionary.cpp, line 212]
Event: 0.381 Thread 0x0000028751728800 Exception <a 'java/lang/ClassNotFoundException': ToolTip> (0x00000000eed07690) thrown at [C:\jenkins\workspace\8-2-build-windows-x64-cygwin\jdk8u371\3355\hotspot\src\share\vm\classfile\systemDictionary.cpp, line 212]
Event: 0.382 Thread 0x0000028751728800 Exception <a 'java/lang/ClassNotFoundException': Tree> (0x00000000eed082b0) thrown at [C:\jenkins\workspace\8-2-build-windows-x64-cygwin\jdk8u371\3355\hotspot\src\share\vm\classfile\systemDictionary.cpp, line 212]
Event: 0.382 Thread 0x0000028751728800 Exception <a 'java/lang/ClassNotFoundException': Tree> (0x00000000eed089f0) thrown at [C:\jenkins\workspace\8-2-build-windows-x64-cygwin\jdk8u371\3355\hotspot\src\share\vm\classfile\systemDictionary.cpp, line 212]
Event: 0.382 Thread 0x0000028751728800 Exception <a 'java/lang/ClassNotFoundException': javax/swing/JTreeCell> (0x00000000eed08d70) thrown at [C:\jenkins\workspace\8-2-build-windows-x64-cygwin\jdk8u371\3355\hotspot\src\share\vm\classfile\systemDictionary.cpp, line 212]
Event: 0.382 Thread 0x0000028751728800 Exception <a 'java/lang/ClassNotFoundException': TreeCell> (0x00000000eed091f8) thrown at [C:\jenkins\workspace\8-2-build-windows-x64-cygwin\jdk8u371\3355\hotspot\src\share\vm\classfile\systemDictionary.cpp, line 212]
Event: 0.382 Thread 0x0000028751728800 Exception <a 'java/lang/ClassNotFoundException': RootPane> (0x00000000eed09c58) thrown at [C:\jenkins\workspace\8-2-build-windows-x64-cygwin\jdk8u371\3355\hotspot\src\share\vm\classfile\systemDictionary.cpp, line 212]
Event: 2.857 Thread 0x0000028766356800 Implicit null exception at 0x00000287534ef1cc to 0x00000287534ef241
Event: 20.045 Thread 0x0000028766356800 Implicit null exception at 0x0000028753958a99 to 0x0000028753958b6d
Event: 21.785 Thread 0x0000028766356800 Implicit null exception at 0x000002875392bc30 to 0x000002875392f299

Events (10 events):
Event: 32.273 Executing VM operation: RevokeBias done
Event: 32.301 Thread 0x0000028766356800 Uncommon trap: trap_request=0xffffff65 fr.pc=0x00000287539a2818
Event: 32.301 Thread 0x0000028766356800 DEOPT PACKING pc=0x00000287539a2818 sp=0x000000afd97fb250
Event: 32.301 Thread 0x0000028766356800 DEOPT UNPACKING pc=0x00000287531558c3 sp=0x000000afd97fb118 mode 2
Event: 32.302 Thread 0x0000028766356800 Uncommon trap: trap_request=0xffffffde fr.pc=0x00000287539ce3d4
Event: 32.302 Thread 0x0000028766356800 DEOPT PACKING pc=0x00000287539ce3d4 sp=0x000000afd97fa380
Event: 32.302 Thread 0x0000028766356800 DEOPT UNPACKING pc=0x00000287531558c3 sp=0x000000afd97fa308 mode 2
Event: 32.303 Thread 0x0000028766356800 Uncommon trap: trap_request=0xffffffde fr.pc=0x00000287539ce3d4
Event: 32.303 Thread 0x0000028766356800 DEOPT PACKING pc=0x00000287539ce3d4 sp=0x000000afd97fa380
Event: 32.303 Thread 0x0000028766356800 DEOPT UNPACKING pc=0x00000287531558c3 sp=0x000000afd97fa308 mode 2


Dynamic libraries:
0x00007ff70ee40000 - 0x00007ff70ee8a000 	C:\Program Files\Java\jdk-1.8\bin\java.exe
0x00007ffdfbf20000 - 0x00007ffdfc110000 	C:\WINDOWS\SYSTEM32\ntdll.dll
0x00007ffdfb910000 - 0x00007ffdfb9c2000 	C:\WINDOWS\System32\KERNEL32.DLL
0x00007ffdf8fd0000 - 0x00007ffdf9275000 	C:\WINDOWS\System32\KERNELBASE.dll
0x00007ffdfbd60000 - 0x00007ffdfbe03000 	C:\WINDOWS\System32\ADVAPI32.dll
0x00007ffdfa4b0000 - 0x00007ffdfa54e000 	C:\WINDOWS\System32\msvcrt.dll
0x00007ffdfa550000 - 0x00007ffdfa5e7000 	C:\WINDOWS\System32\sechost.dll
0x00007ffdfb480000 - 0x00007ffdfb59f000 	C:\WINDOWS\System32\RPCRT4.dll
0x00007ffdfbbb0000 - 0x00007ffdfbd44000 	C:\WINDOWS\System32\USER32.dll
0x00007ffdf9280000 - 0x00007ffdf92a1000 	C:\WINDOWS\System32\win32u.dll
0x00007ffdfbb20000 - 0x00007ffdfbb46000 	C:\WINDOWS\System32\GDI32.dll
0x00007ffdf9f10000 - 0x00007ffdfa0a8000 	C:\WINDOWS\System32\gdi32full.dll
0x00007ffdf95f0000 - 0x00007ffdf968e000 	C:\WINDOWS\System32\msvcp_win.dll
0x00007ffdf9e10000 - 0x00007ffdf9f0a000 	C:\WINDOWS\System32\ucrtbase.dll
0x00007ffdf7c40000 - 0x00007ffdf7ec4000 	C:\WINDOWS\WinSxS\amd64_microsoft.windows.common-controls_6595b64144ccf1df_6.0.18362.1556_none_9e7e372fe45e41d5\COMCTL32.dll
0x00007ffdfa170000 - 0x00007ffdfa4a6000 	C:\WINDOWS\System32\combase.dll
0x00007ffdf93b0000 - 0x00007ffdf9431000 	C:\WINDOWS\System32\bcryptPrimitives.dll
0x00007ffdfa0b0000 - 0x00007ffdfa0de000 	C:\WINDOWS\System32\IMM32.DLL
0x00007ffdd4d60000 - 0x00007ffdd4d7b000 	C:\Program Files\Java\jdk-1.8\jre\bin\vcruntime140.dll
0x00007ffdd2220000 - 0x00007ffdd222c000 	C:\Program Files\Java\jdk-1.8\jre\bin\vcruntime140_1.dll
0x00007ffdc6bd0000 - 0x00007ffdc6c5e000 	C:\Program Files\Java\jdk-1.8\jre\bin\msvcp140.dll
0x000000006b630000 - 0x000000006bed7000 	C:\Program Files\Java\jdk-1.8\jre\bin\server\jvm.dll
0x00007ffdfa160000 - 0x00007ffdfa168000 	C:\WINDOWS\System32\PSAPI.DLL
0x00007ffdf17b0000 - 0x00007ffdf17ba000 	C:\WINDOWS\SYSTEM32\VERSION.dll
0x00007ffde57c0000 - 0x00007ffde57c9000 	C:\WINDOWS\SYSTEM32\WSOCK32.dll
0x00007ffdf6530000 - 0x00007ffdf6554000 	C:\WINDOWS\SYSTEM32\WINMM.dll
0x00007ffdfa0e0000 - 0x00007ffdfa14f000 	C:\WINDOWS\System32\WS2_32.dll
0x00007ffdf6500000 - 0x00007ffdf652d000 	C:\WINDOWS\SYSTEM32\WINMMBASE.dll
0x00007ffdf95a0000 - 0x00007ffdf95ea000 	C:\WINDOWS\System32\cfgmgr32.dll
0x00007ffdf8ee0000 - 0x00007ffdf8ef1000 	C:\WINDOWS\System32\kernel.appcore.dll
0x00007ffdd4ae0000 - 0x00007ffdd4af0000 	C:\Program Files\Java\jdk-1.8\jre\bin\verify.dll
0x00007ffdc8fd0000 - 0x00007ffdc8ffb000 	C:\Program Files\Java\jdk-1.8\jre\bin\java.dll
0x00007ffdc8fb0000 - 0x00007ffdc8fc8000 	C:\Program Files\Java\jdk-1.8\jre\bin\zip.dll
0x00007ffdface0000 - 0x00007ffdfb3c7000 	C:\WINDOWS\System32\SHELL32.dll
0x00007ffdfbe30000 - 0x00007ffdfbed8000 	C:\WINDOWS\System32\shcore.dll
0x00007ffdf9690000 - 0x00007ffdf9e0b000 	C:\WINDOWS\System32\windows.storage.dll
0x00007ffdf8f50000 - 0x00007ffdf8f6e000 	C:\WINDOWS\System32\profapi.dll
0x00007ffdf8f00000 - 0x00007ffdf8f4a000 	C:\WINDOWS\System32\powrprof.dll
0x00007ffdf8eb0000 - 0x00007ffdf8ec0000 	C:\WINDOWS\System32\UMPDC.dll
0x00007ffdfac80000 - 0x00007ffdfacd2000 	C:\WINDOWS\System32\shlwapi.dll
0x00007ffdf9390000 - 0x00007ffdf93a7000 	C:\WINDOWS\System32\cryptsp.dll
0x00007ffdc59e0000 - 0x00007ffdc5b5e000 	C:\Program Files\Java\jdk-1.8\jre\bin\awt.dll
0x00007ffdfb5a0000 - 0x00007ffdfb665000 	C:\WINDOWS\System32\OLEAUT32.dll
0x00007ffdf6760000 - 0x00007ffdf67ef000 	C:\WINDOWS\SYSTEM32\apphelp.dll
0x00007ffdf6930000 - 0x00007ffdf69c9000 	C:\WINDOWS\system32\uxtheme.dll
0x00007ffdfb670000 - 0x00007ffdfb7a5000 	C:\WINDOWS\System32\MSCTF.dll
0x00007ffdfb7b0000 - 0x00007ffdfb907000 	C:\WINDOWS\System32\ole32.dll
0x00007ffdf6e40000 - 0x00007ffdf6e6d000 	C:\WINDOWS\system32\DWMAPI.DLL
0x00007ffdc6b80000 - 0x00007ffdc6bcf000 	C:\Program Files\Java\jdk-1.8\jre\bin\fontmanager.dll
0x00007ffdd1360000 - 0x00007ffdd14b6000 	C:\WINDOWS\system32\opengl32.dll
0x00007ffdd12f0000 - 0x00007ffdd131c000 	C:\WINDOWS\SYSTEM32\GLU32.dll
0x00007ffdf74d0000 - 0x00007ffdf74f0000 	C:\WINDOWS\SYSTEM32\dxcore.dll
0x00007ffdc8f90000 - 0x00007ffdc8fac000 	C:\Program Files\Java\jdk-1.8\jre\bin\net.dll
0x00007ffdf82c0000 - 0x00007ffdf8327000 	C:\WINDOWS\system32\mswsock.dll
0x00007ffdc8b50000 - 0x00007ffdc8b63000 	C:\Program Files\Java\jdk-1.8\jre\bin\nio.dll
0x00007ffdc6b30000 - 0x00007ffdc6b73000 	C:\Program Files\Java\jdk-1.8\jre\bin\t2k.dll
0x00007ffdf7bb0000 - 0x00007ffdf7be3000 	C:\WINDOWS\system32\rsaenh.dll
0x00007ffdf92b0000 - 0x00007ffdf92d6000 	C:\WINDOWS\System32\bcrypt.dll
0x00007ffdf8dd0000 - 0x00007ffdf8df5000 	C:\WINDOWS\SYSTEM32\USERENV.dll
0x00007ffdf8660000 - 0x00007ffdf866c000 	C:\WINDOWS\SYSTEM32\CRYPTBASE.dll
0x00007ffdf7fd0000 - 0x00007ffdf800a000 	C:\WINDOWS\SYSTEM32\IPHLPAPI.DLL
0x00007ffdfbd50000 - 0x00007ffdfbd58000 	C:\WINDOWS\System32\NSI.dll
0x00007ffdec540000 - 0x00007ffdec556000 	C:\WINDOWS\SYSTEM32\dhcpcsvc6.DLL
0x00007ffdec790000 - 0x00007ffdec7ac000 	C:\WINDOWS\SYSTEM32\dhcpcsvc.DLL
0x00007ffdf8010000 - 0x00007ffdf80db000 	C:\WINDOWS\SYSTEM32\DNSAPI.dll
0x00007ffdfb3d0000 - 0x00007ffdfb472000 	C:\WINDOWS\System32\clbcatq.dll
0x00007ffdf40d0000 - 0x00007ffdf427f000 	C:\WINDOWS\SYSTEM32\WindowsCodecs.dll
0x00007ffdd0ab0000 - 0x00007ffdd0aeb000 	C:\WINDOWS\system32\dataexchange.dll
0x00007ffdf5c70000 - 0x00007ffdf5ecb000 	C:\WINDOWS\system32\d3d11.dll
0x00007ffdf5ed0000 - 0x00007ffdf60ad000 	C:\WINDOWS\system32\dcomp.dll
0x00007ffdf7560000 - 0x00007ffdf764b000 	C:\WINDOWS\system32\dxgi.dll
0x00007ffdf69d0000 - 0x00007ffdf6c2a000 	C:\WINDOWS\system32\twinapi.appcore.dll
0x00007ffdf6d50000 - 0x00007ffdf6d79000 	C:\WINDOWS\system32\RMCLIENT.dll
0x00007ffdea720000 - 0x00007ffdea7bb000 	C:\WINDOWS\System32\TextInputFramework.dll
0x00007ffdf6420000 - 0x00007ffdf64f4000 	C:\WINDOWS\System32\CoreMessaging.dll
0x00007ffdf4500000 - 0x00007ffdf482a000 	C:\WINDOWS\System32\CoreUIComponents.dll
0x00007ffdf8c60000 - 0x00007ffdf8c91000 	C:\WINDOWS\SYSTEM32\ntmarta.dll
0x00007ffdf4370000 - 0x00007ffdf44c2000 	C:\WINDOWS\SYSTEM32\wintypes.dll
0x00007ffdc8b20000 - 0x00007ffdc8b4a000 	C:\Program Files\Java\jdk-1.8\jre\bin\dcpr.dll
0x00007ffde91f0000 - 0x00007ffde9497000 	C:\WINDOWS\System32\iertutil.dll
0x00007ffdebd70000 - 0x00007ffdebd7a000 	C:\Windows\System32\rasadhlp.dll
0x00007ffdec210000 - 0x00007ffdec287000 	C:\WINDOWS\System32\fwpuclnt.dll
0x00007ffdf8980000 - 0x00007ffdf8b74000 	C:\WINDOWS\SYSTEM32\dbghelp.dll

VM Arguments:
jvm_args: -Dfile.encoding=UTF-8 -Djava.security.policy=applet.policy 
java_command: jframe.IssueBook
java_class_path (initial): C:\Program Files\NetBeans-18\netbeans\java\modules\ext\AbsoluteLayout.jar;C:\Users\Oumaima_Rzini\Downloads\1515879047_RSCalendar\RSCalendar.jar;C:\Users\Oumaima_Rzini\Downloads\1515878801_RojeruSan.parte1.jar\RojeruSan.parte1.jar;C:\Users\Oumaima_Rzini\Downloads\JFreeChart;C:\Users\Oumaima_Rzini\Downloads\JFreeChart.zip;C:\Users\Oumaima_Rzini\Downloads\jcalendar-1.4.jar\jcalendar-1.4.jar;C:\Users\Oumaima_Rzini\Downloads\mysql-connector-java-8.0.11.jar;C:\Users\Oumaima_Rzini\Documents\NetBeansProjects\Library_Management_System\build\classes
Launcher Type: SUN_STANDARD

Environment Variables:
PATH=C:\WINDOWS\system32;C:\WINDOWS;C:\WINDOWS\System32\Wbem;C:\WINDOWS\System32\WindowsPowerShell\v1.0\;C:\WINDOWS\System32\OpenSSH\;C:\Program Files\Microsoft SQL Server\Client SDK\ODBC\170\Tools\Binn\;C:\Program Files (x86)\Microsoft SQL Server\150\Tools\Binn\;C:\Program Files\Microsoft SQL Server\150\Tools\Binn\;C:\Program Files\Microsoft SQL Server\150\DTS\Binn\;C:\Program Files (x86)\Microsoft SQL Server\150\DTS\Binn\;C:\Program Files\Azure Data Studio\bin;C:\Program Files\dotnet\;C:\Program Files\Microsoft SQL Server\110\Tools\Binn\;C:\Program Files\Git\cmd;C:\Program Files\MATLAB\R2023a\bin;C:\Users\Oumaima_Rzini\AppData\Local\Programs\Python\Python311\Scripts\;C:\Users\Oumaima_Rzini\AppData\Local\Programs\Python\Python311\;C:\Users\Oumaima_Rzini\AppData\Local\Microsoft\WindowsApps;;C:\Program Files\Azure Data Studio\bin;C:\Users\Oumaima_Rzini\.dotnet\tools;C:\Users\Oumaima_Rzini\AppData\Local\Programs\Microsoft VS Code\bin
USERNAME=Oumaima_Rzini
OS=Windows_NT
PROCESSOR_IDENTIFIER=Intel64 Family 6 Model 142 Stepping 10, GenuineIntel



---------------  S Y S T E M  ---------------

OS: Windows 10 , 64 bit Build 18362 (10.0.18362.1500)

CPU:total 4 (initial active 4) (2 cores per cpu, 2 threads per core) family 6 model 142 stepping 10, cmov, cx8, fxsr, mmx, sse, sse2, sse3, ssse3, sse4.1, sse4.2, popcnt, avx, avx2, aes, clmul, erms, 3dnowpref, lzcnt, ht, tsc, tscinvbit, bmi1, bmi2, adx

Memory: 4k page, physical 3422132k(298368k free), swap 5519284k(668k free)

vm_info: Java HotSpot(TM) 64-Bit Server VM (25.371-b11) for windows-amd64 JRE (1.8.0_371-b11), built on Mar 17 2023 04:03:45 by "java_re" with MS VC++ 17.1 (VS2022)

time: Mon Jul 17 17:05:44 2023
timezone: Maroc (heure d’été)
elapsed time: 33.793793 seconds (0d 0h 0m 33s)

