#
# There is insufficient memory for the Java Runtime Environment to continue.
# Native memory allocation (malloc) failed to allocate 258256 bytes for Chunk::new
# Possible reasons:
#   The system is out of physical RAM or swap space
#   The process is running with CompressedOops enabled, and the Java Heap may be blocking the growth of the native heap
# Possible solutions:
#   Reduce memory load on the system
#   Increase physical memory or swap space
#   Check if swap backing store is full
#   Decrease Java heap size (-Xmx/-Xms)
#   Decrease number of Java threads
#   Decrease Java thread stack sizes (-Xss)
#   Set larger code cache with -XX:ReservedCodeCacheSize=
#   JVM is running with Unscaled Compressed Oops mode in which the Java heap is
#     placed in the first 4GB address space. The Java Heap base address is the
#     maximum limit for the native heap growth. Please use -XX:HeapBaseMinAddress
#     to set the Java Heap base and to place the Java Heap above 4GB virtual address.
# This output file may be truncated or incomplete.
#
#  Out of Memory Error (allocation.cpp:389), pid=10904, tid=0x00000000000004c0
#
# JRE version: Java(TM) SE Runtime Environment (8.0_371) (build 1.8.0_371-b11)
# Java VM: Java HotSpot(TM) 64-Bit Server VM (25.371-b11 mixed mode windows-amd64 compressed oops)
# Failed to write core dump. Minidumps are not enabled by default on client versions of Windows
#

---------------  T H R E A D  ---------------

Current thread (0x0000015cef96a000):  JavaThread "C2 CompilerThread0" daemon [_thread_in_native, id=1216, stack(0x000000528d000000,0x000000528d100000)]

Stack: [0x000000528d000000,0x000000528d100000]
Native frames: (J=compiled Java code, j=interpreted, Vv=VM code, C=native code)
V  [jvm.dll+0x34d9f9]


Current CompileTask:
C2:  29473 2195       4       javax.swing.LayoutComparator::compare (457 bytes)


---------------  P R O C E S S  ---------------

Java Threads: ( => current thread )
  0x0000015cf1690000 JavaThread "Abandoned connection cleanup thread" daemon [_thread_blocked, id=8672, stack(0x000000528db00000,0x000000528dc00000)]
  0x0000015cf122d800 JavaThread "TimerQueue" daemon [_thread_blocked, id=8164, stack(0x000000528d900000,0x000000528da00000)]
  0x0000015cdbc77800 JavaThread "DestroyJavaVM" [_thread_blocked, id=4640, stack(0x000000528c600000,0x000000528c700000)]
  0x0000015cf090b000 JavaThread "AWT-EventQueue-0" [_thread_blocked, id=6200, stack(0x000000528d800000,0x000000528d900000)]
  0x0000015cf08a5800 JavaThread "AWT-Windows" daemon [_thread_in_native, id=2884, stack(0x000000528d700000,0x000000528d800000)]
  0x0000015cf08a2800 JavaThread "AWT-Shutdown" [_thread_blocked, id=5128, stack(0x000000528d600000,0x000000528d700000)]
  0x0000015cf08a0000 JavaThread "Java2D Disposer" daemon [_thread_blocked, id=1736, stack(0x000000528d500000,0x000000528d600000)]
  0x0000015cef9e9000 JavaThread "Service Thread" daemon [_thread_blocked, id=9604, stack(0x000000528d300000,0x000000528d400000)]
  0x0000015cef975800 JavaThread "C1 CompilerThread2" daemon [_thread_blocked, id=1544, stack(0x000000528d200000,0x000000528d300000)]
  0x0000015cef970800 JavaThread "C2 CompilerThread1" daemon [_thread_in_native, id=3320, stack(0x000000528d100000,0x000000528d200000)]
=>0x0000015cef96a000 JavaThread "C2 CompilerThread0" daemon [_thread_in_native, id=1216, stack(0x000000528d000000,0x000000528d100000)]
  0x0000015cef969000 JavaThread "Attach Listener" daemon [_thread_blocked, id=7684, stack(0x000000528cf00000,0x000000528d000000)]
  0x0000015cef968000 JavaThread "Signal Dispatcher" daemon [_thread_blocked, id=5272, stack(0x000000528ce00000,0x000000528cf00000)]
  0x0000015cef946800 JavaThread "Finalizer" daemon [_thread_blocked, id=11240, stack(0x000000528cd00000,0x000000528ce00000)]
  0x0000015cef945800 JavaThread "Reference Handler" daemon [_thread_blocked, id=10444, stack(0x000000528cc00000,0x000000528cd00000)]

Other Threads:
  0x0000015cef923800 VMThread [stack: 0x000000528cb00000,0x000000528cc00000] [id=2344]
  0x0000015cefa11000 WatcherThread [stack: 0x000000528d400000,0x000000528d500000] [id=2468]

VM state:not at safepoint (normal execution)

VM Mutex/Monitor currently owned by a thread: None

heap address: 0x00000000cbc00000, size: 836 MB, Compressed Oops mode: 32-bit
Narrow klass base: 0x0000000000000000, Narrow klass shift: 3
Compressed class space size: 1073741824 Address: 0x0000000100000000

Heap:
 PSYoungGen      total 16384K, used 14218K [0x00000000ee980000, 0x00000000efb80000, 0x0000000100000000)
  eden space 14336K, 84% used [0x00000000ee980000,0x00000000ef565a70,0x00000000ef780000)
  from space 2048K, 99% used [0x00000000ef980000,0x00000000efb7cdf8,0x00000000efb80000)
  to   space 2048K, 0% used [0x00000000ef780000,0x00000000ef780000,0x00000000ef980000)
 ParOldGen       total 36864K, used 9207K [0x00000000cbc00000, 0x00000000ce000000, 0x00000000ee980000)
  object space 36864K, 24% used [0x00000000cbc00000,0x00000000cc4fdf98,0x00000000ce000000)
 Metaspace       used 19598K, capacity 19910K, committed 20352K, reserved 1067008K
  class space    used 2500K, capacity 2601K, committed 2688K, reserved 1048576K

Card table byte_map: [0x0000015ceca80000,0x0000015cecc30000] byte_map_base: 0x0000015cec422000

Marking Bits: (ParMarkBitMap*) 0x000000006e90d980
 Begin Bits: [0x0000015cecd50000, 0x0000015ceda60000)
 End Bits:   [0x0000015ceda60000, 0x0000015cee770000)

Polling page: 0x0000015cdbe70000

CodeCache: size=245760Kb used=7084Kb max_used=7084Kb free=238675Kb
 bounds [0x0000015cdd6c0000, 0x0000015cdddc0000, 0x0000015cec6c0000]
 total_blobs=2740 nmethods=2176 adapters=475
 compilation: enabled

Compilation events (10 events):
Event: 29.433 Thread 0x0000015cef975800 2198   !   3       javax.swing.RepaintManager::addDirtyRegion0 (205 bytes)
Event: 29.436 Thread 0x0000015cef975800 nmethod 2198 0x0000015cddda8f10 code [0x0000015cddda91e0, 0x0000015cdddaace0]
Event: 29.437 Thread 0x0000015cef975800 2199       1       javax.swing.JComboBox::isEditable (5 bytes)
Event: 29.437 Thread 0x0000015cef975800 nmethod 2199 0x0000015cddda4650 code [0x0000015cddda47a0, 0x0000015cddda48b8]
Event: 29.437 Thread 0x0000015cef975800 2200   !   3       javax.swing.plaf.nimbus.AbstractRegionPainter::getComponentColor (381 bytes)
Event: 29.445 Thread 0x0000015cef975800 nmethod 2200 0x0000015cdddab6d0 code [0x0000015cdddabc40, 0x0000015cdddafd60]
Event: 29.445 Thread 0x0000015cef975800 2201       3       java.awt.geom.Path2D$Iterator::next (35 bytes)
Event: 29.445 Thread 0x0000015cef975800 nmethod 2201 0x0000015cddda4190 code [0x0000015cddda4300, 0x0000015cddda44d8]
Event: 29.445 Thread 0x0000015cef975800 2202       3       java.awt.geom.Rectangle2D$Float::getX (6 bytes)
Event: 29.445 Thread 0x0000015cef975800 nmethod 2202 0x0000015cddda3e50 code [0x0000015cddda3fa0, 0x0000015cddda40f8]

GC Heap History (4 events):
Event: 4.644 GC heap before
{Heap before GC invocations=1 (full 0):
 PSYoungGen      total 16384K, used 14336K [0x00000000ee980000, 0x00000000efb80000, 0x0000000100000000)
  eden space 14336K, 100% used [0x00000000ee980000,0x00000000ef780000,0x00000000ef780000)
  from space 2048K, 0% used [0x00000000ef980000,0x00000000ef980000,0x00000000efb80000)
  to   space 2048K, 0% used [0x00000000ef780000,0x00000000ef780000,0x00000000ef980000)
 ParOldGen       total 36864K, used 0K [0x00000000cbc00000, 0x00000000ce000000, 0x00000000ee980000)
  object space 36864K, 0% used [0x00000000cbc00000,0x00000000cbc00000,0x00000000ce000000)
 Metaspace       used 15552K, capacity 15870K, committed 16000K, reserved 1062912K
  class space    used 2077K, capacity 2175K, committed 2176K, reserved 1048576K
Event: 4.651 GC heap after
Heap after GC invocations=1 (full 0):
 PSYoungGen      total 16384K, used 2016K [0x00000000ee980000, 0x00000000efb80000, 0x0000000100000000)
  eden space 14336K, 0% used [0x00000000ee980000,0x00000000ee980000,0x00000000ef780000)
  from space 2048K, 98% used [0x00000000ef780000,0x00000000ef978020,0x00000000ef980000)
  to   space 2048K, 0% used [0x00000000ef980000,0x00000000ef980000,0x00000000efb80000)
 ParOldGen       total 36864K, used 2036K [0x00000000cbc00000, 0x00000000ce000000, 0x00000000ee980000)
  object space 36864K, 5% used [0x00000000cbc00000,0x00000000cbdfd100,0x00000000ce000000)
 Metaspace       used 15552K, capacity 15870K, committed 16000K, reserved 1062912K
  class space    used 2077K, capacity 2175K, committed 2176K, reserved 1048576K
}
Event: 6.147 GC heap before
{Heap before GC invocations=2 (full 0):
 PSYoungGen      total 16384K, used 16352K [0x00000000ee980000, 0x00000000efb80000, 0x0000000100000000)
  eden space 14336K, 100% used [0x00000000ee980000,0x00000000ef780000,0x00000000ef780000)
  from space 2048K, 98% used [0x00000000ef780000,0x00000000ef978020,0x00000000ef980000)
  to   space 2048K, 0% used [0x00000000ef980000,0x00000000ef980000,0x00000000efb80000)
 ParOldGen       total 36864K, used 2036K [0x00000000cbc00000, 0x00000000ce000000, 0x00000000ee980000)
  object space 36864K, 5% used [0x00000000cbc00000,0x00000000cbdfd100,0x00000000ce000000)
 Metaspace       used 18539K, capacity 18882K, committed 19200K, reserved 1067008K
  class space    used 2426K, capacity 2537K, committed 2560K, reserved 1048576K
Event: 6.155 GC heap after
Heap after GC invocations=2 (full 0):
 PSYoungGen      total 16384K, used 2035K [0x00000000ee980000, 0x00000000efb80000, 0x0000000100000000)
  eden space 14336K, 0% used [0x00000000ee980000,0x00000000ee980000,0x00000000ef780000)
  from space 2048K, 99% used [0x00000000ef980000,0x00000000efb7cdf8,0x00000000efb80000)
  to   space 2048K, 0% used [0x00000000ef780000,0x00000000ef780000,0x00000000ef980000)
 ParOldGen       total 36864K, used 9207K [0x00000000cbc00000, 0x00000000ce000000, 0x00000000ee980000)
  object space 36864K, 24% used [0x00000000cbc00000,0x00000000cc4fdf98,0x00000000ce000000)
 Metaspace       used 18539K, capacity 18882K, committed 19200K, reserved 1067008K
  class space    used 2426K, capacity 2537K, committed 2560K, reserved 1048576K
}

Deoptimization events (10 events):
Event: 28.335 Thread 0x0000015cf090b000 Uncommon trap: reason=class_check action=maybe_recompile pc=0x0000015cddc5a848 method=java.awt.EventQueue.dispatchEventImpl(Ljava/awt/AWTEvent;Ljava/lang/Object;)V @ 18
Event: 28.350 Thread 0x0000015cf090b000 Uncommon trap: reason=class_check action=maybe_recompile pc=0x0000015cddc635ac method=java.awt.EventQueue.uncacheEQItem(Lsun/awt/EventQueueItem;)V @ 20
Event: 28.350 Thread 0x0000015cf090b000 Uncommon trap: reason=unstable_if action=reinterpret pc=0x0000015cddc5a4bc method=java.util.concurrent.atomic.AtomicBoolean.get()Z @ 4
Event: 28.366 Thread 0x0000015cf090b000 Uncommon trap: reason=class_check action=maybe_recompile pc=0x0000015cddc635ac method=java.awt.EventQueue.uncacheEQItem(Lsun/awt/EventQueueItem;)V @ 20
Event: 28.653 Thread 0x0000015cf090b000 Uncommon trap: reason=class_check action=maybe_recompile pc=0x0000015cddc52718 method=java.awt.EventQueue.cacheEQItem(Lsun/awt/EventQueueItem;)V @ 20
Event: 28.653 Thread 0x0000015cf090b000 Uncommon trap: reason=class_check action=maybe_recompile pc=0x0000015cddc635ac method=java.awt.EventQueue.uncacheEQItem(Lsun/awt/EventQueueItem;)V @ 20
Event: 28.660 Thread 0x0000015cf090b000 Uncommon trap: reason=class_check action=maybe_recompile pc=0x0000015cddc52718 method=java.awt.EventQueue.cacheEQItem(Lsun/awt/EventQueueItem;)V @ 20
Event: 28.660 Thread 0x0000015cf090b000 Uncommon trap: reason=class_check action=maybe_recompile pc=0x0000015cddc635ac method=java.awt.EventQueue.uncacheEQItem(Lsun/awt/EventQueueItem;)V @ 20
Event: 28.667 Thread 0x0000015cf090b000 Uncommon trap: reason=class_check action=maybe_recompile pc=0x0000015cddc52718 method=java.awt.EventQueue.cacheEQItem(Lsun/awt/EventQueueItem;)V @ 20
Event: 28.668 Thread 0x0000015cf090b000 Uncommon trap: reason=class_check action=maybe_recompile pc=0x0000015cddc30f04 method=java.awt.EventQueue.uncacheEQItem(Lsun/awt/EventQueueItem;)V @ 20

Classes redefined (0 events):
No events

Internal exceptions (10 events):
Event: 0.428 Thread 0x0000015cdbc77800 Exception <a 'java/lang/ClassNotFoundException': ToggleButton> (0x00000000eed0c9b0) thrown at [C:\jenkins\workspace\8-2-build-windows-x64-cygwin\jdk8u371\3355\hotspot\src\share\vm\classfile\systemDictionary.cpp, line 212]
Event: 0.428 Thread 0x0000015cdbc77800 Exception <a 'java/lang/ClassNotFoundException': javax/swing/JToolBarSeparator> (0x00000000eed0ce10) thrown at [C:\jenkins\workspace\8-2-build-windows-x64-cygwin\jdk8u371\3355\hotspot\src\share\vm\classfile\systemDictionary.cpp, line 212]
Event: 0.428 Thread 0x0000015cdbc77800 Exception <a 'java/lang/ClassNotFoundException': ToolBarSeparator> (0x00000000eed0d2a8) thrown at [C:\jenkins\workspace\8-2-build-windows-x64-cygwin\jdk8u371\3355\hotspot\src\share\vm\classfile\systemDictionary.cpp, line 212]
Event: 0.429 Thread 0x0000015cdbc77800 Exception <a 'java/lang/ClassNotFoundException': ToolTip> (0x00000000eed0d9e8) thrown at [C:\jenkins\workspace\8-2-build-windows-x64-cygwin\jdk8u371\3355\hotspot\src\share\vm\classfile\systemDictionary.cpp, line 212]
Event: 0.430 Thread 0x0000015cdbc77800 Exception <a 'java/lang/ClassNotFoundException': Tree> (0x00000000eed0e608) thrown at [C:\jenkins\workspace\8-2-build-windows-x64-cygwin\jdk8u371\3355\hotspot\src\share\vm\classfile\systemDictionary.cpp, line 212]
Event: 0.430 Thread 0x0000015cdbc77800 Exception <a 'java/lang/ClassNotFoundException': Tree> (0x00000000eed0ed48) thrown at [C:\jenkins\workspace\8-2-build-windows-x64-cygwin\jdk8u371\3355\hotspot\src\share\vm\classfile\systemDictionary.cpp, line 212]
Event: 0.430 Thread 0x0000015cdbc77800 Exception <a 'java/lang/ClassNotFoundException': javax/swing/JTreeCell> (0x00000000eed0f0c8) thrown at [C:\jenkins\workspace\8-2-build-windows-x64-cygwin\jdk8u371\3355\hotspot\src\share\vm\classfile\systemDictionary.cpp, line 212]
Event: 0.430 Thread 0x0000015cdbc77800 Exception <a 'java/lang/ClassNotFoundException': TreeCell> (0x00000000eed0f550) thrown at [C:\jenkins\workspace\8-2-build-windows-x64-cygwin\jdk8u371\3355\hotspot\src\share\vm\classfile\systemDictionary.cpp, line 212]
Event: 0.430 Thread 0x0000015cdbc77800 Exception <a 'java/lang/ClassNotFoundException': RootPane> (0x00000000eed0ffb0) thrown at [C:\jenkins\workspace\8-2-build-windows-x64-cygwin\jdk8u371\3355\hotspot\src\share\vm\classfile\systemDictionary.cpp, line 212]
Event: 4.207 Thread 0x0000015cf090b000 Implicit null exception at 0x0000015cdd96c879 to 0x0000015cdd96ca84

Events (10 events):
Event: 28.660 Thread 0x0000015cf090b000 DEOPT UNPACKING pc=0x0000015cdd7058c3 sp=0x000000528d8fec60 mode 2
Event: 28.660 Thread 0x0000015cf090b000 Uncommon trap: trap_request=0xffffffde fr.pc=0x0000015cddc635ac
Event: 28.660 Thread 0x0000015cf090b000 DEOPT PACKING pc=0x0000015cddc635ac sp=0x000000528d8feea0
Event: 28.660 Thread 0x0000015cf090b000 DEOPT UNPACKING pc=0x0000015cdd7058c3 sp=0x000000528d8fed58 mode 2
Event: 28.667 Thread 0x0000015cf090b000 Uncommon trap: trap_request=0xffffffde fr.pc=0x0000015cddc52718
Event: 28.668 Thread 0x0000015cf090b000 DEOPT PACKING pc=0x0000015cddc52718 sp=0x000000528d8fed30
Event: 28.668 Thread 0x0000015cf090b000 DEOPT UNPACKING pc=0x0000015cdd7058c3 sp=0x000000528d8fec30 mode 2
Event: 28.668 Thread 0x0000015cf090b000 Uncommon trap: trap_request=0xffffffde fr.pc=0x0000015cddc30f04
Event: 28.668 Thread 0x0000015cf090b000 DEOPT PACKING pc=0x0000015cddc30f04 sp=0x000000528d8fee40
Event: 28.668 Thread 0x0000015cf090b000 DEOPT UNPACKING pc=0x0000015cdd7058c3 sp=0x000000528d8fed60 mode 2


Dynamic libraries:
0x00007ff658890000 - 0x00007ff6588da000 	C:\Program Files\Java\jdk-1.8\bin\java.exe
0x00007ffe26000000 - 0x00007ffe261f0000 	C:\WINDOWS\SYSTEM32\ntdll.dll
0x00007ffe24af0000 - 0x00007ffe24ba2000 	C:\WINDOWS\System32\KERNEL32.DLL
0x00007ffe23d80000 - 0x00007ffe24025000 	C:\WINDOWS\System32\KERNELBASE.dll
0x00007ffe25c20000 - 0x00007ffe25cc3000 	C:\WINDOWS\System32\ADVAPI32.dll
0x00007ffe24ef0000 - 0x00007ffe24f8e000 	C:\WINDOWS\System32\msvcrt.dll
0x00007ffe259e0000 - 0x00007ffe25a77000 	C:\WINDOWS\System32\sechost.dll
0x00007ffe241a0000 - 0x00007ffe242bf000 	C:\WINDOWS\System32\RPCRT4.dll
0x00007ffe25de0000 - 0x00007ffe25f74000 	C:\WINDOWS\System32\USER32.dll
0x00007ffe23d50000 - 0x00007ffe23d71000 	C:\WINDOWS\System32\win32u.dll
0x00007ffe25560000 - 0x00007ffe25586000 	C:\WINDOWS\System32\GDI32.dll
0x00007ffe22ff0000 - 0x00007ffe23188000 	C:\WINDOWS\System32\gdi32full.dll
0x00007ffe23ad0000 - 0x00007ffe23b6e000 	C:\WINDOWS\System32\msvcp_win.dll
0x00007ffe23c50000 - 0x00007ffe23d4a000 	C:\WINDOWS\System32\ucrtbase.dll
0x00007ffe13b90000 - 0x00007ffe13e14000 	C:\WINDOWS\WinSxS\amd64_microsoft.windows.common-controls_6595b64144ccf1df_6.0.18362.1556_none_9e7e372fe45e41d5\COMCTL32.dll
0x00007ffe24bb0000 - 0x00007ffe24ee6000 	C:\WINDOWS\System32\combase.dll
0x00007ffe23b70000 - 0x00007ffe23bf1000 	C:\WINDOWS\System32\bcryptPrimitives.dll
0x00007ffe25530000 - 0x00007ffe2555e000 	C:\WINDOWS\System32\IMM32.DLL
0x00007ffe0dca0000 - 0x00007ffe0dcbb000 	C:\Program Files\Java\jdk-1.8\jre\bin\vcruntime140.dll
0x00007ffe1c5b0000 - 0x00007ffe1c5bc000 	C:\Program Files\Java\jdk-1.8\jre\bin\vcruntime140_1.dll
0x00007ffdf6830000 - 0x00007ffdf68be000 	C:\Program Files\Java\jdk-1.8\jre\bin\msvcp140.dll
0x000000006e0e0000 - 0x000000006e987000 	C:\Program Files\Java\jdk-1.8\jre\bin\server\jvm.dll
0x00007ffe25fb0000 - 0x00007ffe25fb8000 	C:\WINDOWS\System32\PSAPI.DLL
0x00007ffe11220000 - 0x00007ffe11229000 	C:\WINDOWS\SYSTEM32\WSOCK32.dll
0x00007ffe206f0000 - 0x00007ffe20714000 	C:\WINDOWS\SYSTEM32\WINMM.dll
0x00007ffe1b8e0000 - 0x00007ffe1b8ea000 	C:\WINDOWS\SYSTEM32\VERSION.dll
0x00007ffe24130000 - 0x00007ffe2419f000 	C:\WINDOWS\System32\WS2_32.dll
0x00007ffe206c0000 - 0x00007ffe206ed000 	C:\WINDOWS\SYSTEM32\winmmbase.dll
0x00007ffe240e0000 - 0x00007ffe2412a000 	C:\WINDOWS\System32\cfgmgr32.dll
0x00007ffe22f40000 - 0x00007ffe22f51000 	C:\WINDOWS\System32\kernel.appcore.dll
0x00007ffe1f6c0000 - 0x00007ffe1f6d0000 	C:\Program Files\Java\jdk-1.8\jre\bin\verify.dll
0x00007ffe00180000 - 0x00007ffe001ab000 	C:\Program Files\Java\jdk-1.8\jre\bin\java.dll
0x00007ffe0cf00000 - 0x00007ffe0cf18000 	C:\Program Files\Java\jdk-1.8\jre\bin\zip.dll
0x00007ffe24330000 - 0x00007ffe24a17000 	C:\WINDOWS\System32\SHELL32.dll
0x00007ffe25930000 - 0x00007ffe259d8000 	C:\WINDOWS\System32\shcore.dll
0x00007ffe232f0000 - 0x00007ffe23a6b000 	C:\WINDOWS\System32\windows.storage.dll
0x00007ffe22fb0000 - 0x00007ffe22fce000 	C:\WINDOWS\System32\profapi.dll
0x00007ffe22f60000 - 0x00007ffe22faa000 	C:\WINDOWS\System32\powrprof.dll
0x00007ffe22f30000 - 0x00007ffe22f40000 	C:\WINDOWS\System32\UMPDC.dll
0x00007ffe25bc0000 - 0x00007ffe25c12000 	C:\WINDOWS\System32\shlwapi.dll
0x00007ffe23c30000 - 0x00007ffe23c47000 	C:\WINDOWS\System32\cryptsp.dll
0x00007ffdf0ec0000 - 0x00007ffdf103e000 	C:\Program Files\Java\jdk-1.8\jre\bin\awt.dll
0x00007ffe24f90000 - 0x00007ffe25055000 	C:\WINDOWS\System32\OLEAUT32.dll
0x00007ffe20d70000 - 0x00007ffe20dff000 	C:\WINDOWS\SYSTEM32\apphelp.dll
0x00007ffe20f20000 - 0x00007ffe20fb9000 	C:\WINDOWS\system32\uxtheme.dll
0x00007ffe25a80000 - 0x00007ffe25bb5000 	C:\WINDOWS\System32\MSCTF.dll
0x00007ffe25740000 - 0x00007ffe25897000 	C:\WINDOWS\System32\ole32.dll
0x00007ffe21530000 - 0x00007ffe2155d000 	C:\WINDOWS\system32\DWMAPI.DLL
0x00007ffdf8320000 - 0x00007ffdf836f000 	C:\Program Files\Java\jdk-1.8\jre\bin\fontmanager.dll
0x00007ffdfea50000 - 0x00007ffdfeba6000 	C:\WINDOWS\system32\opengl32.dll
0x00007ffe11890000 - 0x00007ffe118bc000 	C:\WINDOWS\SYSTEM32\GLU32.dll
0x00007ffe21b70000 - 0x00007ffe21b90000 	C:\WINDOWS\SYSTEM32\dxcore.dll
0x00007ffe22290000 - 0x00007ffe222c3000 	C:\WINDOWS\system32\rsaenh.dll
0x00007ffe23c00000 - 0x00007ffe23c26000 	C:\WINDOWS\System32\bcrypt.dll
0x00007ffe22e50000 - 0x00007ffe22e75000 	C:\WINDOWS\SYSTEM32\USERENV.dll
0x00007ffe22940000 - 0x00007ffe2294c000 	C:\WINDOWS\SYSTEM32\CRYPTBASE.dll
0x00007ffe035a0000 - 0x00007ffe035bc000 	C:\Program Files\Java\jdk-1.8\jre\bin\net.dll
0x00007ffe22770000 - 0x00007ffe227d7000 	C:\WINDOWS\system32\mswsock.dll
0x00007ffe22480000 - 0x00007ffe224ba000 	C:\WINDOWS\SYSTEM32\IPHLPAPI.DLL
0x00007ffe25fa0000 - 0x00007ffe25fa8000 	C:\WINDOWS\System32\NSI.dll
0x00007ffe16b00000 - 0x00007ffe16b16000 	C:\WINDOWS\SYSTEM32\dhcpcsvc6.DLL
0x00007ffe16de0000 - 0x00007ffe16dfc000 	C:\WINDOWS\SYSTEM32\dhcpcsvc.DLL
0x00007ffe224d0000 - 0x00007ffe2259b000 	C:\WINDOWS\SYSTEM32\DNSAPI.dll
0x00007ffe005b0000 - 0x00007ffe005c3000 	C:\Program Files\Java\jdk-1.8\jre\bin\nio.dll
0x00007ffdf77b0000 - 0x00007ffdf77f3000 	C:\Program Files\Java\jdk-1.8\jre\bin\t2k.dll
0x00007ffe16330000 - 0x00007ffe1633a000 	C:\Windows\System32\rasadhlp.dll
0x00007ffe16a20000 - 0x00007ffe16a97000 	C:\WINDOWS\System32\fwpuclnt.dll
0x00007ffe25cd0000 - 0x00007ffe25d72000 	C:\WINDOWS\System32\clbcatq.dll
0x00007ffe1e9f0000 - 0x00007ffe1eb9f000 	C:\WINDOWS\SYSTEM32\WindowsCodecs.dll
0x00007ffe0d760000 - 0x00007ffe0d79b000 	C:\WINDOWS\system32\dataexchange.dll
0x00007ffe204e0000 - 0x00007ffe206bd000 	C:\WINDOWS\system32\dcomp.dll
0x00007ffe20280000 - 0x00007ffe204db000 	C:\WINDOWS\system32\d3d11.dll
0x00007ffe21c00000 - 0x00007ffe21ceb000 	C:\WINDOWS\system32\dxgi.dll
0x00007ffe21000000 - 0x00007ffe2125a000 	C:\WINDOWS\system32\twinapi.appcore.dll
0x00007ffe21360000 - 0x00007ffe21389000 	C:\WINDOWS\system32\RMCLIENT.dll
0x00007ffe1c6b0000 - 0x00007ffe1c74b000 	C:\WINDOWS\System32\TextInputFramework.dll
0x00007ffe20b60000 - 0x00007ffe20c34000 	C:\WINDOWS\System32\CoreMessaging.dll
0x00007ffe1ed60000 - 0x00007ffe1f08a000 	C:\WINDOWS\System32\CoreUIComponents.dll
0x00007ffe21f70000 - 0x00007ffe21fa1000 	C:\WINDOWS\SYSTEM32\ntmarta.dll
0x00007ffe1ebd0000 - 0x00007ffe1ed22000 	C:\WINDOWS\SYSTEM32\wintypes.dll
0x00007ffdf8250000 - 0x00007ffdf827a000 	C:\Program Files\Java\jdk-1.8\jre\bin\dcpr.dll
0x00007ffe136e0000 - 0x00007ffe13987000 	C:\WINDOWS\System32\iertutil.dll

VM Arguments:
jvm_args: -Dfile.encoding=UTF-8 -Djava.security.policy=applet.policy 
java_command: jframe.ManageMembers
java_class_path (initial): C:\Program Files\NetBeans-18\netbeans\java\modules\ext\AbsoluteLayout.jar;C:\Users\Oumaima_Rzini\Downloads\1515879047_RSCalendar\RSCalendar.jar;C:\Users\Oumaima_Rzini\Downloads\1515878801_RojeruSan.parte1.jar\RojeruSan.parte1.jar;C:\Users\Oumaima_Rzini\Downloads\JFreeChart;C:\Users\Oumaima_Rzini\Downloads\JFreeChart.zip;C:\Users\Oumaima_Rzini\Downloads\jcalendar-1.4.jar\jcalendar-1.4.jar;C:\Users\Oumaima_Rzini\Downloads\mysql-connector-java-8.0.11.jar;C:\Users\Oumaima_Rzini\Documents\NetBeansProjects\Library_Management_System\build\classes
Launcher Type: SUN_STANDARD

Environment Variables:
PATH=C:\WINDOWS\system32;C:\WINDOWS;C:\WINDOWS\System32\Wbem;C:\WINDOWS\System32\WindowsPowerShell\v1.0\;C:\WINDOWS\System32\OpenSSH\;C:\Program Files\Microsoft SQL Server\Client SDK\ODBC\170\Tools\Binn\;C:\Program Files (x86)\Microsoft SQL Server\150\Tools\Binn\;C:\Program Files\Microsoft SQL Server\150\Tools\Binn\;C:\Program Files\Microsoft SQL Server\150\DTS\Binn\;C:\Program Files (x86)\Microsoft SQL Server\150\DTS\Binn\;C:\Program Files\Azure Data Studio\bin;C:\Program Files\dotnet\;C:\Program Files\Microsoft SQL Server\110\Tools\Binn\;C:\Program Files\Git\cmd;C:\Program Files\MATLAB\R2023a\bin;C:\Users\Oumaima_Rzini\AppData\Local\Programs\Python\Python311\Scripts\;C:\Users\Oumaima_Rzini\AppData\Local\Programs\Python\Python311\;C:\Users\Oumaima_Rzini\AppData\Local\Microsoft\WindowsApps;;C:\Program Files\Azure Data Studio\bin;C:\Users\Oumaima_Rzini\.dotnet\tools;C:\Users\Oumaima_Rzini\AppData\Local\Programs\Microsoft VS Code\bin
USERNAME=Oumaima_Rzini
OS=Windows_NT
PROCESSOR_IDENTIFIER=Intel64 Family 6 Model 142 Stepping 10, GenuineIntel



---------------  S Y S T E M  ---------------

OS: Windows 10 , 64 bit Build 18362 (10.0.18362.1500)

CPU:total 4 (initial active 4) (2 cores per cpu, 2 threads per core) family 6 model 142 stepping 10, cmov, cx8, fxsr, mmx, sse, sse2, sse3, ssse3, sse4.1, sse4.2, popcnt, avx, avx2, aes, clmul, erms, 3dnowpref, lzcnt, ht, tsc, tscinvbit, bmi1, bmi2, adx

Memory: 4k page, physical 3422132k(325616k free), swap 5519284k(5228k free)

vm_info: Java HotSpot(TM) 64-Bit Server VM (25.371-b11) for windows-amd64 JRE (1.8.0_371-b11), built on Mar 17 2023 04:03:45 by "java_re" with MS VC++ 17.1 (VS2022)

time: Sun Jul 16 23:23:16 2023
timezone: Maroc (heure d’été)
elapsed time: 29.490105 seconds (0d 0h 0m 29s)

