#
# There is insufficient memory for the Java Runtime Environment to continue.
# Native memory allocation (malloc) failed to allocate 1388656 bytes for Chunk::new
# Possible reasons:
#   The system is out of physical RAM or swap space
#   The process is running with CompressedOops enabled, and the Java Heap may be blocking the growth of the native heap
# Possible solutions:
#   Reduce memory load on the system
#   Increase physical memory or swap space
#   Check if swap backing store is full
#   Decrease Java heap size (-Xmx/-Xms)
#   Decrease number of Java threads
#   Decrease Java thread stack sizes (-Xss)
#   Set larger code cache with -XX:ReservedCodeCacheSize=
#   JVM is running with Unscaled Compressed Oops mode in which the Java heap is
#     placed in the first 4GB address space. The Java Heap base address is the
#     maximum limit for the native heap growth. Please use -XX:HeapBaseMinAddress
#     to set the Java Heap base and to place the Java Heap above 4GB virtual address.
# This output file may be truncated or incomplete.
#
#  Out of Memory Error (allocation.cpp:389), pid=8516, tid=0x00000000000024cc
#
# JRE version: Java(TM) SE Runtime Environment (8.0_371) (build 1.8.0_371-b11)
# Java VM: Java HotSpot(TM) 64-Bit Server VM (25.371-b11 mixed mode windows-amd64 compressed oops)
# Failed to write core dump. Minidumps are not enabled by default on client versions of Windows
#

---------------  T H R E A D  ---------------

Current thread (0x0000019847f8e800):  JavaThread "C2 CompilerThread0" daemon [_thread_in_native, id=9420, stack(0x0000000a47d00000,0x0000000a47e00000)]

Stack: [0x0000000a47d00000,0x0000000a47e00000]
Native frames: (J=compiled Java code, j=interpreted, Vv=VM code, C=native code)
V  [jvm.dll+0x34d9f9]
V  [jvm.dll+0x28aa12]
V  [jvm.dll+0x28b5dd]
V  [jvm.dll+0x281da5]
V  [jvm.dll+0xdb51c]
V  [jvm.dll+0xdbd2c]
V  [jvm.dll+0x49774d]
V  [jvm.dll+0x45b075]
V  [jvm.dll+0x46433f]
V  [jvm.dll+0x463739]
V  [jvm.dll+0x44d45b]
V  [jvm.dll+0xb02c6]
V  [jvm.dll+0xae99f]
V  [jvm.dll+0x24e572]
V  [jvm.dll+0x2a76ac]
C  [ucrtbase.dll+0x210b2]
C  [KERNEL32.DLL+0x17c24]
C  [ntdll.dll+0x6d721]


Current CompileTask:
C2:  14005 2307       4       javax.swing.plaf.nimbus.NimbusStyle::validate (1178 bytes)


---------------  P R O C E S S  ---------------

Java Threads: ( => current thread )
  0x0000019849cd8000 JavaThread "Abandoned connection cleanup thread" daemon [_thread_blocked, id=6428, stack(0x0000000a48b00000,0x0000000a48c00000)]
  0x00000198498f8800 JavaThread "TimerQueue" daemon [_thread_blocked, id=10256, stack(0x0000000a48600000,0x0000000a48700000)]
  0x0000019834417000 JavaThread "DestroyJavaVM" [_thread_blocked, id=10988, stack(0x0000000a47300000,0x0000000a47400000)]
  0x0000019848f1f800 JavaThread "AWT-EventQueue-0" [_thread_blocked, id=8460, stack(0x0000000a48500000,0x0000000a48600000)]
  0x0000019848eae800 JavaThread "AWT-Windows" daemon [_thread_in_native, id=10852, stack(0x0000000a48400000,0x0000000a48500000)]
  0x0000019848ebc000 JavaThread "AWT-Shutdown" [_thread_blocked, id=9500, stack(0x0000000a48300000,0x0000000a48400000)]
  0x0000019848ebb800 JavaThread "Java2D Disposer" daemon [_thread_blocked, id=8532, stack(0x0000000a48200000,0x0000000a48300000)]
  0x000001984801b800 JavaThread "Service Thread" daemon [_thread_blocked, id=9160, stack(0x0000000a48000000,0x0000000a48100000)]
  0x0000019847f95800 JavaThread "C1 CompilerThread2" daemon [_thread_blocked, id=4024, stack(0x0000000a47f00000,0x0000000a48000000)]
  0x0000019847f90800 JavaThread "C2 CompilerThread1" daemon [_thread_blocked, id=9280, stack(0x0000000a47e00000,0x0000000a47f00000)]
=>0x0000019847f8e800 JavaThread "C2 CompilerThread0" daemon [_thread_in_native, id=9420, stack(0x0000000a47d00000,0x0000000a47e00000)]
  0x0000019847f8b800 JavaThread "Attach Listener" daemon [_thread_blocked, id=6220, stack(0x0000000a47c00000,0x0000000a47d00000)]
  0x0000019847f8a000 JavaThread "Signal Dispatcher" daemon [_thread_blocked, id=1948, stack(0x0000000a47b00000,0x0000000a47c00000)]
  0x0000019847f66000 JavaThread "Finalizer" daemon [_thread_blocked, id=3936, stack(0x0000000a47a00000,0x0000000a47b00000)]
  0x0000019847f64800 JavaThread "Reference Handler" daemon [_thread_blocked, id=10668, stack(0x0000000a47900000,0x0000000a47a00000)]

Other Threads:
  0x0000019847f44000 VMThread [stack: 0x0000000a47800000,0x0000000a47900000] [id=9840]
  0x0000019848034000 WatcherThread [stack: 0x0000000a48100000,0x0000000a48200000] [id=9788]

VM state:not at safepoint (normal execution)

VM Mutex/Monitor currently owned by a thread: None

heap address: 0x00000000cbc00000, size: 836 MB, Compressed Oops mode: 32-bit
Narrow klass base: 0x0000000000000000, Narrow klass shift: 3
Compressed class space size: 1073741824 Address: 0x0000000100000000

Heap:
 PSYoungGen      total 71168K, used 24182K [0x00000000ee980000, 0x00000000f3e80000, 0x0000000100000000)
  eden space 57344K, 39% used [0x00000000ee980000,0x00000000effd6890,0x00000000f2180000)
  from space 13824K, 9% used [0x00000000f3100000,0x00000000f3247170,0x00000000f3e80000)
  to   space 14848K, 0% used [0x00000000f2180000,0x00000000f2180000,0x00000000f3000000)
 ParOldGen       total 36864K, used 22875K [0x00000000cbc00000, 0x00000000ce000000, 0x00000000ee980000)
  object space 36864K, 62% used [0x00000000cbc00000,0x00000000cd256fb8,0x00000000ce000000)
 Metaspace       used 19725K, capacity 20026K, committed 20352K, reserved 1067008K
  class space    used 2492K, capacity 2577K, committed 2688K, reserved 1048576K

Card table byte_map: [0x00000198451a0000,0x0000019845350000] byte_map_base: 0x0000019844b42000

Marking Bits: (ParMarkBitMap*) 0x000000006e90d980
 Begin Bits: [0x0000019845350000, 0x0000019846060000)
 End Bits:   [0x0000019846060000, 0x0000019846d70000)

Polling page: 0x00000198343d0000

CodeCache: size=245760Kb used=7783Kb max_used=7783Kb free=237976Kb
 bounds [0x0000019835de0000, 0x0000019836580000, 0x0000019844de0000]
 total_blobs=2985 nmethods=2418 adapters=478
 compilation: enabled

Compilation events (10 events):
Event: 13.792 Thread 0x0000019847f95800 2415   !   3       sun.awt.GlobalCursorManager$NativeUpdater::postIfNotPending (48 bytes)
Event: 13.793 Thread 0x0000019847f95800 nmethod 2415 0x000001983657d190 code [0x000001983657d340, 0x000001983657dbb0]
Event: 13.821 Thread 0x0000019847f95800 2416       3       java.util.ArrayList::toArray (60 bytes)
Event: 13.821 Thread 0x0000019847f95800 nmethod 2416 0x000001983657c910 code [0x000001983657caa0, 0x000001983657d040]
Event: 13.855 Thread 0x0000019847f95800 2417       3       java.awt.MultipleGradientPaintContext::calculateMultipleArrayGradient (163 bytes)
Event: 13.856 Thread 0x0000019847f95800 nmethod 2417 0x000001983657b990 code [0x000001983657bb80, 0x000001983657c420]
Event: 13.890 Thread 0x0000019847f95800 2418       3       sun.java2d.pipe.SpanShapeRenderer::spanClipLoop (63 bytes)
Event: 13.891 Thread 0x0000019847f95800 nmethod 2418 0x000001983657df10 code [0x000001983657e0c0, 0x000001983657e6f0]
Event: 13.905 Thread 0x0000019847f95800 2419  s    3       java.awt.GraphicsEnvironment::getLocalGraphicsEnvironment (16 bytes)
Event: 13.905 Thread 0x0000019847f95800 nmethod 2419 0x000001983657b410 code [0x000001983657b580, 0x000001983657b8d0]

GC Heap History (10 events):
Event: 2.683 GC heap before
{Heap before GC invocations=4 (full 0):
 PSYoungGen      total 16384K, used 16236K [0x00000000ee980000, 0x00000000f0980000, 0x0000000100000000)
  eden space 14336K, 99% used [0x00000000ee980000,0x00000000ef75cf70,0x00000000ef780000)
  from space 2048K, 99% used [0x00000000ef780000,0x00000000ef97e488,0x00000000ef980000)
  to   space 2048K, 0% used [0x00000000f0780000,0x00000000f0780000,0x00000000f0980000)
 ParOldGen       total 36864K, used 19108K [0x00000000cbc00000, 0x00000000ce000000, 0x00000000ee980000)
  object space 36864K, 51% used [0x00000000cbc00000,0x00000000ccea90e0,0x00000000ce000000)
 Metaspace       used 18873K, capacity 19162K, committed 19456K, reserved 1067008K
  class space    used 2455K, capacity 2545K, committed 2560K, reserved 1048576K
Event: 2.690 GC heap after
Heap after GC invocations=4 (full 0):
 PSYoungGen      total 30720K, used 2041K [0x00000000ee980000, 0x00000000f0980000, 0x0000000100000000)
  eden space 28672K, 0% used [0x00000000ee980000,0x00000000ee980000,0x00000000f0580000)
  from space 2048K, 99% used [0x00000000f0780000,0x00000000f097e488,0x00000000f0980000)
  to   space 2048K, 0% used [0x00000000f0580000,0x00000000f0580000,0x00000000f0780000)
 ParOldGen       total 36864K, used 20136K [0x00000000cbc00000, 0x00000000ce000000, 0x00000000ee980000)
  object space 36864K, 54% used [0x00000000cbc00000,0x00000000ccfaa250,0x00000000ce000000)
 Metaspace       used 18873K, capacity 19162K, committed 19456K, reserved 1067008K
  class space    used 2455K, capacity 2545K, committed 2560K, reserved 1048576K
}
Event: 9.008 GC heap before
{Heap before GC invocations=5 (full 0):
 PSYoungGen      total 30720K, used 30695K [0x00000000ee980000, 0x00000000f0980000, 0x0000000100000000)
  eden space 28672K, 99% used [0x00000000ee980000,0x00000000f057b8d0,0x00000000f0580000)
  from space 2048K, 99% used [0x00000000f0780000,0x00000000f097e488,0x00000000f0980000)
  to   space 2048K, 0% used [0x00000000f0580000,0x00000000f0580000,0x00000000f0780000)
 ParOldGen       total 36864K, used 20136K [0x00000000cbc00000, 0x00000000ce000000, 0x00000000ee980000)
  object space 36864K, 54% used [0x00000000cbc00000,0x00000000ccfaa250,0x00000000ce000000)
 Metaspace       used 19359K, capacity 19642K, committed 20096K, reserved 1067008K
  class space    used 2488K, capacity 2577K, committed 2688K, reserved 1048576K
Event: 9.012 GC heap after
Heap after GC invocations=5 (full 0):
 PSYoungGen      total 30720K, used 2041K [0x00000000ee980000, 0x00000000f4080000, 0x0000000100000000)
  eden space 28672K, 0% used [0x00000000ee980000,0x00000000ee980000,0x00000000f0580000)
  from space 2048K, 99% used [0x00000000f0580000,0x00000000f077e488,0x00000000f0780000)
  to   space 15872K, 0% used [0x00000000f3100000,0x00000000f3100000,0x00000000f4080000)
 ParOldGen       total 36864K, used 21162K [0x00000000cbc00000, 0x00000000ce000000, 0x00000000ee980000)
  object space 36864K, 57% used [0x00000000cbc00000,0x00000000cd0aab20,0x00000000ce000000)
 Metaspace       used 19359K, capacity 19642K, committed 20096K, reserved 1067008K
  class space    used 2488K, capacity 2577K, committed 2688K, reserved 1048576K
}
Event: 9.266 GC heap before
{Heap before GC invocations=6 (full 0):
 PSYoungGen      total 30720K, used 30603K [0x00000000ee980000, 0x00000000f4080000, 0x0000000100000000)
  eden space 28672K, 99% used [0x00000000ee980000,0x00000000f0564848,0x00000000f0580000)
  from space 2048K, 99% used [0x00000000f0580000,0x00000000f077e488,0x00000000f0780000)
  to   space 15872K, 0% used [0x00000000f3100000,0x00000000f3100000,0x00000000f4080000)
 ParOldGen       total 36864K, used 21162K [0x00000000cbc00000, 0x00000000ce000000, 0x00000000ee980000)
  object space 36864K, 57% used [0x00000000cbc00000,0x00000000cd0aab20,0x00000000ce000000)
 Metaspace       used 19381K, capacity 19706K, committed 20096K, reserved 1067008K
  class space    used 2488K, capacity 2577K, committed 2688K, reserved 1048576K
Event: 9.271 GC heap after
Heap after GC invocations=6 (full 0):
 PSYoungGen      total 71168K, used 3227K [0x00000000ee980000, 0x00000000f3e80000, 0x0000000100000000)
  eden space 57344K, 0% used [0x00000000ee980000,0x00000000ee980000,0x00000000f2180000)
  from space 13824K, 23% used [0x00000000f3100000,0x00000000f3426ca8,0x00000000f3e80000)
  to   space 14848K, 0% used [0x00000000f2180000,0x00000000f2180000,0x00000000f3000000)
 ParOldGen       total 36864K, used 21170K [0x00000000cbc00000, 0x00000000ce000000, 0x00000000ee980000)
  object space 36864K, 57% used [0x00000000cbc00000,0x00000000cd0acb20,0x00000000ce000000)
 Metaspace       used 19381K, capacity 19706K, committed 20096K, reserved 1067008K
  class space    used 2488K, capacity 2577K, committed 2688K, reserved 1048576K
}
Event: 12.140 GC heap before
{Heap before GC invocations=7 (full 0):
 PSYoungGen      total 71168K, used 60470K [0x00000000ee980000, 0x00000000f3e80000, 0x0000000100000000)
  eden space 57344K, 99% used [0x00000000ee980000,0x00000000f2166be8,0x00000000f2180000)
  from space 13824K, 23% used [0x00000000f3100000,0x00000000f3426ca8,0x00000000f3e80000)
  to   space 14848K, 0% used [0x00000000f2180000,0x00000000f2180000,0x00000000f3000000)
 ParOldGen       total 36864K, used 21170K [0x00000000cbc00000, 0x00000000ce000000, 0x00000000ee980000)
  object space 36864K, 57% used [0x00000000cbc00000,0x00000000cd0acb20,0x00000000ce000000)
 Metaspace       used 19628K, capacity 19898K, committed 20352K, reserved 1067008K
  class space    used 2492K, capacity 2577K, committed 2688K, reserved 1048576K
Event: 12.147 GC heap after
Heap after GC invocations=7 (full 0):
 PSYoungGen      total 72192K, used 1308K [0x00000000ee980000, 0x00000000f3e80000, 0x0000000100000000)
  eden space 57344K, 0% used [0x00000000ee980000,0x00000000ee980000,0x00000000f2180000)
  from space 14848K, 8% used [0x00000000f2180000,0x00000000f22c7170,0x00000000f3000000)
  to   space 13824K, 0% used [0x00000000f3100000,0x00000000f3100000,0x00000000f3e80000)
 ParOldGen       total 36864K, used 22803K [0x00000000cbc00000, 0x00000000ce000000, 0x00000000ee980000)
  object space 36864K, 61% used [0x00000000cbc00000,0x00000000cd244fb8,0x00000000ce000000)
 Metaspace       used 19628K, capacity 19898K, committed 20352K, reserved 1067008K
  class space    used 2492K, capacity 2577K, committed 2688K, reserved 1048576K
}
Event: 13.710 GC heap before
{Heap before GC invocations=8 (full 0):
 PSYoungGen      total 72192K, used 58508K [0x00000000ee980000, 0x00000000f3e80000, 0x0000000100000000)
  eden space 57344K, 99% used [0x00000000ee980000,0x00000000f215bf18,0x00000000f2180000)
  from space 14848K, 8% used [0x00000000f2180000,0x00000000f22c7170,0x00000000f3000000)
  to   space 13824K, 0% used [0x00000000f3100000,0x00000000f3100000,0x00000000f3e80000)
 ParOldGen       total 36864K, used 22803K [0x00000000cbc00000, 0x00000000ce000000, 0x00000000ee980000)
  object space 36864K, 61% used [0x00000000cbc00000,0x00000000cd244fb8,0x00000000ce000000)
 Metaspace       used 19724K, capacity 20026K, committed 20352K, reserved 1067008K
  class space    used 2492K, capacity 2577K, committed 2688K, reserved 1048576K
Event: 13.712 GC heap after
Heap after GC invocations=8 (full 0):
 PSYoungGen      total 71168K, used 1308K [0x00000000ee980000, 0x00000000f3e80000, 0x0000000100000000)
  eden space 57344K, 0% used [0x00000000ee980000,0x00000000ee980000,0x00000000f2180000)
  from space 13824K, 9% used [0x00000000f3100000,0x00000000f3247170,0x00000000f3e80000)
  to   space 14848K, 0% used [0x00000000f2180000,0x00000000f2180000,0x00000000f3000000)
 ParOldGen       total 36864K, used 22875K [0x00000000cbc00000, 0x00000000ce000000, 0x00000000ee980000)
  object space 36864K, 62% used [0x00000000cbc00000,0x00000000cd256fb8,0x00000000ce000000)
 Metaspace       used 19724K, capacity 20026K, committed 20352K, reserved 1067008K
  class space    used 2492K, capacity 2577K, committed 2688K, reserved 1048576K
}

Deoptimization events (10 events):
Event: 2.497 Thread 0x0000019848f1f800 Uncommon trap: reason=predicate action=maybe_recompile pc=0x00000198362d3c78 method=efectos.FastGaussianBlur.boxBlurT_4([I[IIID)V @ 20
Event: 2.497 Thread 0x0000019848f1f800 Uncommon trap: reason=unstable_if action=reinterpret pc=0x00000198362d4a98 method=efectos.FastGaussianBlur.boxBlurT_4([I[IIID)V @ 239
Event: 8.208 Thread 0x0000019848f1f800 Uncommon trap: reason=unstable_if action=reinterpret pc=0x0000019836319e60 method=sun.java2d.pipe.AlphaPaintPipe.renderPathTile(Ljava/lang/Object;[BIIIIII)V @ 38
Event: 8.829 Thread 0x0000019848f1f800 Uncommon trap: reason=class_check action=maybe_recompile pc=0x0000019835f58a14 method=java.lang.String.equals(Ljava/lang/Object;)Z @ 8
Event: 8.829 Thread 0x0000019848f1f800 Uncommon trap: reason=class_check action=maybe_recompile pc=0x0000019835f58a14 method=java.lang.String.equals(Ljava/lang/Object;)Z @ 8
Event: 8.829 Thread 0x0000019848f1f800 Uncommon trap: reason=class_check action=maybe_recompile pc=0x0000019835f58a14 method=java.lang.String.equals(Ljava/lang/Object;)Z @ 8
Event: 8.984 Thread 0x0000019848f1f800 Uncommon trap: reason=unstable_if action=reinterpret pc=0x00000198363f2c80 method=java.awt.MultipleGradientPaintContext.indexIntoGradientsArrays(F)I @ 24
Event: 8.984 Thread 0x0000019848f1f800 Uncommon trap: reason=unstable_if action=reinterpret pc=0x00000198362a9d20 method=java.awt.MultipleGradientPaintContext.indexIntoGradientsArrays(F)I @ 24
Event: 11.641 Thread 0x0000019848f1f800 Uncommon trap: reason=class_check action=maybe_recompile pc=0x0000019835f58a14 method=java.lang.String.equals(Ljava/lang/Object;)Z @ 8
Event: 11.776 Thread 0x0000019848f1f800 Uncommon trap: reason=unstable_if action=reinterpret pc=0x00000198360ce458 method=java.util.Calendar.getSetStateFields()I @ 19

Classes redefined (0 events):
No events

Internal exceptions (10 events):
Event: 0.393 Thread 0x0000019834417000 Exception <a 'java/lang/ClassNotFoundException': javax/swing/JToolBarSeparator> (0x00000000eed03f18) thrown at [C:\jenkins\workspace\8-2-build-windows-x64-cygwin\jdk8u371\3355\hotspot\src\share\vm\classfile\systemDictionary.cpp, line 212]
Event: 0.393 Thread 0x0000019834417000 Exception <a 'java/lang/ClassNotFoundException': ToolBarSeparator> (0x00000000eed043b0) thrown at [C:\jenkins\workspace\8-2-build-windows-x64-cygwin\jdk8u371\3355\hotspot\src\share\vm\classfile\systemDictionary.cpp, line 212]
Event: 0.394 Thread 0x0000019834417000 Exception <a 'java/lang/ClassNotFoundException': ToolTip> (0x00000000eed04af0) thrown at [C:\jenkins\workspace\8-2-build-windows-x64-cygwin\jdk8u371\3355\hotspot\src\share\vm\classfile\systemDictionary.cpp, line 212]
Event: 0.396 Thread 0x0000019834417000 Exception <a 'java/lang/ClassNotFoundException': Tree> (0x00000000eed05710) thrown at [C:\jenkins\workspace\8-2-build-windows-x64-cygwin\jdk8u371\3355\hotspot\src\share\vm\classfile\systemDictionary.cpp, line 212]
Event: 0.396 Thread 0x0000019834417000 Exception <a 'java/lang/ClassNotFoundException': Tree> (0x00000000eed05e50) thrown at [C:\jenkins\workspace\8-2-build-windows-x64-cygwin\jdk8u371\3355\hotspot\src\share\vm\classfile\systemDictionary.cpp, line 212]
Event: 0.396 Thread 0x0000019834417000 Exception <a 'java/lang/ClassNotFoundException': javax/swing/JTreeCell> (0x00000000eed061d0) thrown at [C:\jenkins\workspace\8-2-build-windows-x64-cygwin\jdk8u371\3355\hotspot\src\share\vm\classfile\systemDictionary.cpp, line 212]
Event: 0.396 Thread 0x0000019834417000 Exception <a 'java/lang/ClassNotFoundException': TreeCell> (0x00000000eed06658) thrown at [C:\jenkins\workspace\8-2-build-windows-x64-cygwin\jdk8u371\3355\hotspot\src\share\vm\classfile\systemDictionary.cpp, line 212]
Event: 0.397 Thread 0x0000019834417000 Exception <a 'java/lang/ClassNotFoundException': RootPane> (0x00000000eed070b8) thrown at [C:\jenkins\workspace\8-2-build-windows-x64-cygwin\jdk8u371\3355\hotspot\src\share\vm\classfile\systemDictionary.cpp, line 212]
Event: 2.476 Thread 0x0000019848f1f800 Implicit null exception at 0x00000198362d2759 to 0x00000198362d282d
Event: 8.208 Thread 0x0000019848f1f800 Implicit null exception at 0x0000019836318e2a to 0x0000019836319e25

Events (10 events):
Event: 11.775 loading class sun/util/locale/provider/CalendarNameProviderImpl$LengthBasedComparator done
Event: 11.775 loading class java/util/regex/Pattern$SliceS
Event: 11.776 loading class java/util/regex/Pattern$SliceS done
Event: 11.776 Thread 0x0000019848f1f800 Uncommon trap: trap_request=0xffffff65 fr.pc=0x00000198360ce458
Event: 11.776 Thread 0x0000019848f1f800 DEOPT PACKING pc=0x00000198360ce458 sp=0x0000000a485fbde0
Event: 11.776 Thread 0x0000019848f1f800 DEOPT UNPACKING pc=0x0000019835e258c3 sp=0x0000000a485fbd70 mode 2
Event: 12.139 Executing VM operation: ParallelGCFailedAllocation
Event: 12.147 Executing VM operation: ParallelGCFailedAllocation done
Event: 13.710 Executing VM operation: ParallelGCFailedAllocation
Event: 13.712 Executing VM operation: ParallelGCFailedAllocation done


Dynamic libraries:
0x00007ff7ec0d0000 - 0x00007ff7ec11a000 	C:\Program Files\Java\jdk-1.8\bin\java.exe
0x00007ffe26000000 - 0x00007ffe261f0000 	C:\WINDOWS\SYSTEM32\ntdll.dll
0x00007ffe24af0000 - 0x00007ffe24ba2000 	C:\WINDOWS\System32\KERNEL32.DLL
0x00007ffe23d80000 - 0x00007ffe24025000 	C:\WINDOWS\System32\KERNELBASE.dll
0x00007ffe25c20000 - 0x00007ffe25cc3000 	C:\WINDOWS\System32\ADVAPI32.dll
0x00007ffe24ef0000 - 0x00007ffe24f8e000 	C:\WINDOWS\System32\msvcrt.dll
0x00007ffe259e0000 - 0x00007ffe25a77000 	C:\WINDOWS\System32\sechost.dll
0x00007ffe241a0000 - 0x00007ffe242bf000 	C:\WINDOWS\System32\RPCRT4.dll
0x00007ffe25de0000 - 0x00007ffe25f74000 	C:\WINDOWS\System32\USER32.dll
0x00007ffe23d50000 - 0x00007ffe23d71000 	C:\WINDOWS\System32\win32u.dll
0x00007ffe25560000 - 0x00007ffe25586000 	C:\WINDOWS\System32\GDI32.dll
0x00007ffe22ff0000 - 0x00007ffe23188000 	C:\WINDOWS\System32\gdi32full.dll
0x00007ffe23ad0000 - 0x00007ffe23b6e000 	C:\WINDOWS\System32\msvcp_win.dll
0x00007ffe23c50000 - 0x00007ffe23d4a000 	C:\WINDOWS\System32\ucrtbase.dll
0x00007ffe13b90000 - 0x00007ffe13e14000 	C:\WINDOWS\WinSxS\amd64_microsoft.windows.common-controls_6595b64144ccf1df_6.0.18362.1556_none_9e7e372fe45e41d5\COMCTL32.dll
0x00007ffe24bb0000 - 0x00007ffe24ee6000 	C:\WINDOWS\System32\combase.dll
0x00007ffe23b70000 - 0x00007ffe23bf1000 	C:\WINDOWS\System32\bcryptPrimitives.dll
0x00007ffe25530000 - 0x00007ffe2555e000 	C:\WINDOWS\System32\IMM32.DLL
0x00007ffe0dca0000 - 0x00007ffe0dcbb000 	C:\Program Files\Java\jdk-1.8\jre\bin\vcruntime140.dll
0x00007ffe0f7f0000 - 0x00007ffe0f7fc000 	C:\Program Files\Java\jdk-1.8\jre\bin\vcruntime140_1.dll
0x00007ffdf3970000 - 0x00007ffdf39fe000 	C:\Program Files\Java\jdk-1.8\jre\bin\msvcp140.dll
0x000000006e0e0000 - 0x000000006e987000 	C:\Program Files\Java\jdk-1.8\jre\bin\server\jvm.dll
0x00007ffe25fb0000 - 0x00007ffe25fb8000 	C:\WINDOWS\System32\PSAPI.DLL
0x00007ffe11220000 - 0x00007ffe11229000 	C:\WINDOWS\SYSTEM32\WSOCK32.dll
0x00007ffe206f0000 - 0x00007ffe20714000 	C:\WINDOWS\SYSTEM32\WINMM.dll
0x00007ffe24130000 - 0x00007ffe2419f000 	C:\WINDOWS\System32\WS2_32.dll
0x00007ffe1b8e0000 - 0x00007ffe1b8ea000 	C:\WINDOWS\SYSTEM32\VERSION.dll
0x00007ffe206c0000 - 0x00007ffe206ed000 	C:\WINDOWS\SYSTEM32\WINMMBASE.dll
0x00007ffe240e0000 - 0x00007ffe2412a000 	C:\WINDOWS\System32\cfgmgr32.dll
0x00007ffe22f40000 - 0x00007ffe22f51000 	C:\WINDOWS\System32\kernel.appcore.dll
0x00007ffe146d0000 - 0x00007ffe146e0000 	C:\Program Files\Java\jdk-1.8\jre\bin\verify.dll
0x00007ffdf7590000 - 0x00007ffdf75bb000 	C:\Program Files\Java\jdk-1.8\jre\bin\java.dll
0x00007ffe035a0000 - 0x00007ffe035b8000 	C:\Program Files\Java\jdk-1.8\jre\bin\zip.dll
0x00007ffe24330000 - 0x00007ffe24a17000 	C:\WINDOWS\System32\SHELL32.dll
0x00007ffe25930000 - 0x00007ffe259d8000 	C:\WINDOWS\System32\shcore.dll
0x00007ffe232f0000 - 0x00007ffe23a6b000 	C:\WINDOWS\System32\windows.storage.dll
0x00007ffe22fb0000 - 0x00007ffe22fce000 	C:\WINDOWS\System32\profapi.dll
0x00007ffe22f60000 - 0x00007ffe22faa000 	C:\WINDOWS\System32\powrprof.dll
0x00007ffe22f30000 - 0x00007ffe22f40000 	C:\WINDOWS\System32\UMPDC.dll
0x00007ffe25bc0000 - 0x00007ffe25c12000 	C:\WINDOWS\System32\shlwapi.dll
0x00007ffe23c30000 - 0x00007ffe23c47000 	C:\WINDOWS\System32\cryptsp.dll
0x00007ffde0e80000 - 0x00007ffde0ffe000 	C:\Program Files\Java\jdk-1.8\jre\bin\awt.dll
0x00007ffe24f90000 - 0x00007ffe25055000 	C:\WINDOWS\System32\OLEAUT32.dll
0x00007ffe20d70000 - 0x00007ffe20dff000 	C:\WINDOWS\SYSTEM32\apphelp.dll
0x00007ffe20f20000 - 0x00007ffe20fb9000 	C:\WINDOWS\system32\uxtheme.dll
0x00007ffe25a80000 - 0x00007ffe25bb5000 	C:\WINDOWS\System32\MSCTF.dll
0x00007ffe25740000 - 0x00007ffe25897000 	C:\WINDOWS\System32\ole32.dll
0x00007ffe21530000 - 0x00007ffe2155d000 	C:\WINDOWS\system32\DWMAPI.DLL
0x00007ffdf3570000 - 0x00007ffdf35bf000 	C:\Program Files\Java\jdk-1.8\jre\bin\fontmanager.dll
0x00007ffdfea50000 - 0x00007ffdfeba6000 	C:\WINDOWS\system32\opengl32.dll
0x00007ffe11890000 - 0x00007ffe118bc000 	C:\WINDOWS\SYSTEM32\GLU32.dll
0x00007ffe21b70000 - 0x00007ffe21b90000 	C:\WINDOWS\SYSTEM32\dxcore.dll
0x00007ffe005b0000 - 0x00007ffe005cc000 	C:\Program Files\Java\jdk-1.8\jre\bin\net.dll
0x00007ffe22770000 - 0x00007ffe227d7000 	C:\WINDOWS\system32\mswsock.dll
0x00007ffdffa00000 - 0x00007ffdffa13000 	C:\Program Files\Java\jdk-1.8\jre\bin\nio.dll
0x00007ffdf27b0000 - 0x00007ffdf27f3000 	C:\Program Files\Java\jdk-1.8\jre\bin\t2k.dll
0x00007ffe22290000 - 0x00007ffe222c3000 	C:\WINDOWS\system32\rsaenh.dll
0x00007ffe23c00000 - 0x00007ffe23c26000 	C:\WINDOWS\System32\bcrypt.dll
0x00007ffe22e50000 - 0x00007ffe22e75000 	C:\WINDOWS\SYSTEM32\USERENV.dll
0x00007ffe22940000 - 0x00007ffe2294c000 	C:\WINDOWS\SYSTEM32\CRYPTBASE.dll
0x00007ffe22480000 - 0x00007ffe224ba000 	C:\WINDOWS\SYSTEM32\IPHLPAPI.DLL
0x00007ffe25fa0000 - 0x00007ffe25fa8000 	C:\WINDOWS\System32\NSI.dll
0x00007ffe16b00000 - 0x00007ffe16b16000 	C:\WINDOWS\SYSTEM32\dhcpcsvc6.DLL
0x00007ffe16de0000 - 0x00007ffe16dfc000 	C:\WINDOWS\SYSTEM32\dhcpcsvc.DLL
0x00007ffe224d0000 - 0x00007ffe2259b000 	C:\WINDOWS\SYSTEM32\DNSAPI.dll
0x00007ffe25cd0000 - 0x00007ffe25d72000 	C:\WINDOWS\System32\clbcatq.dll
0x00007ffe1e9f0000 - 0x00007ffe1eb9f000 	C:\WINDOWS\SYSTEM32\WindowsCodecs.dll
0x00007ffe0d760000 - 0x00007ffe0d79b000 	C:\WINDOWS\system32\dataexchange.dll
0x00007ffe204e0000 - 0x00007ffe206bd000 	C:\WINDOWS\system32\dcomp.dll
0x00007ffe20280000 - 0x00007ffe204db000 	C:\WINDOWS\system32\d3d11.dll
0x00007ffe21c00000 - 0x00007ffe21ceb000 	C:\WINDOWS\system32\dxgi.dll
0x00007ffe21000000 - 0x00007ffe2125a000 	C:\WINDOWS\system32\twinapi.appcore.dll
0x00007ffe21360000 - 0x00007ffe21389000 	C:\WINDOWS\system32\RMCLIENT.dll
0x00007ffe16330000 - 0x00007ffe1633a000 	C:\Windows\System32\rasadhlp.dll
0x00007ffe16a20000 - 0x00007ffe16a97000 	C:\WINDOWS\System32\fwpuclnt.dll
0x00007ffe1c6b0000 - 0x00007ffe1c74b000 	C:\WINDOWS\System32\TextInputFramework.dll
0x00007ffe1ed60000 - 0x00007ffe1f08a000 	C:\WINDOWS\System32\CoreUIComponents.dll
0x00007ffe20b60000 - 0x00007ffe20c34000 	C:\WINDOWS\System32\CoreMessaging.dll
0x00007ffe21f70000 - 0x00007ffe21fa1000 	C:\WINDOWS\SYSTEM32\ntmarta.dll
0x00007ffe1ebd0000 - 0x00007ffe1ed22000 	C:\WINDOWS\SYSTEM32\wintypes.dll
0x00007ffdfb470000 - 0x00007ffdfb49a000 	C:\Program Files\Java\jdk-1.8\jre\bin\dcpr.dll
0x00007ffe136e0000 - 0x00007ffe13987000 	C:\WINDOWS\System32\iertutil.dll
0x00007ffe0f5f0000 - 0x00007ffe0f7e4000 	C:\WINDOWS\SYSTEM32\dbghelp.dll

VM Arguments:
jvm_args: -Dfile.encoding=UTF-8 -Djava.security.policy=applet.policy 
java_command: jframe.ViewAllRecord
java_class_path (initial): C:\Program Files\NetBeans-18\netbeans\java\modules\ext\AbsoluteLayout.jar;C:\Users\Oumaima_Rzini\Downloads\1515879047_RSCalendar\RSCalendar.jar;C:\Users\Oumaima_Rzini\Downloads\1515878801_RojeruSan.parte1.jar\RojeruSan.parte1.jar;C:\Users\Oumaima_Rzini\Downloads\JFreeChart;C:\Users\Oumaima_Rzini\Downloads\JFreeChart.zip;C:\Users\Oumaima_Rzini\Downloads\jcalendar-1.4.jar\jcalendar-1.4.jar;C:\Users\Oumaima_Rzini\Downloads\mysql-connector-java-8.0.11.jar;C:\Users\Oumaima_Rzini\Documents\NetBeansProjects\Library_Management_System\build\classes
Launcher Type: SUN_STANDARD

Environment Variables:
PATH=C:\WINDOWS\system32;C:\WINDOWS;C:\WINDOWS\System32\Wbem;C:\WINDOWS\System32\WindowsPowerShell\v1.0\;C:\WINDOWS\System32\OpenSSH\;C:\Program Files\Microsoft SQL Server\Client SDK\ODBC\170\Tools\Binn\;C:\Program Files (x86)\Microsoft SQL Server\150\Tools\Binn\;C:\Program Files\Microsoft SQL Server\150\Tools\Binn\;C:\Program Files\Microsoft SQL Server\150\DTS\Binn\;C:\Program Files (x86)\Microsoft SQL Server\150\DTS\Binn\;C:\Program Files\Azure Data Studio\bin;C:\Program Files\dotnet\;C:\Program Files\Microsoft SQL Server\110\Tools\Binn\;C:\Program Files\Git\cmd;C:\Program Files\MATLAB\R2023a\bin;C:\Users\Oumaima_Rzini\AppData\Local\Programs\Python\Python311\Scripts\;C:\Users\Oumaima_Rzini\AppData\Local\Programs\Python\Python311\;C:\Users\Oumaima_Rzini\AppData\Local\Microsoft\WindowsApps;;C:\Program Files\Azure Data Studio\bin;C:\Users\Oumaima_Rzini\.dotnet\tools;C:\Users\Oumaima_Rzini\AppData\Local\Programs\Microsoft VS Code\bin
USERNAME=Oumaima_Rzini
OS=Windows_NT
PROCESSOR_IDENTIFIER=Intel64 Family 6 Model 142 Stepping 10, GenuineIntel



---------------  S Y S T E M  ---------------

OS: Windows 10 , 64 bit Build 18362 (10.0.18362.1500)

CPU:total 4 (initial active 4) (2 cores per cpu, 2 threads per core) family 6 model 142 stepping 10, cmov, cx8, fxsr, mmx, sse, sse2, sse3, ssse3, sse4.1, sse4.2, popcnt, avx, avx2, aes, clmul, erms, 3dnowpref, lzcnt, ht, tsc, tscinvbit, bmi1, bmi2, adx

Memory: 4k page, physical 3422132k(372300k free), swap 5519284k(5824k free)

vm_info: Java HotSpot(TM) 64-Bit Server VM (25.371-b11) for windows-amd64 JRE (1.8.0_371-b11), built on Mar 17 2023 04:03:45 by "java_re" with MS VC++ 17.1 (VS2022)

time: Sun Jul 16 22:27:34 2023
timezone: Maroc (heure d’été)
elapsed time: 14.019934 seconds (0d 0h 0m 14s)

