#
# There is insufficient memory for the Java Runtime Environment to continue.
# Native memory allocation (malloc) failed to allocate 1691216 bytes for Chunk::new
# Possible reasons:
#   The system is out of physical RAM or swap space
#   The process is running with CompressedOops enabled, and the Java Heap may be blocking the growth of the native heap
# Possible solutions:
#   Reduce memory load on the system
#   Increase physical memory or swap space
#   Check if swap backing store is full
#   Decrease Java heap size (-Xmx/-Xms)
#   Decrease number of Java threads
#   Decrease Java thread stack sizes (-Xss)
#   Set larger code cache with -XX:ReservedCodeCacheSize=
#   JVM is running with Unscaled Compressed Oops mode in which the Java heap is
#     placed in the first 4GB address space. The Java Heap base address is the
#     maximum limit for the native heap growth. Please use -XX:HeapBaseMinAddress
#     to set the Java Heap base and to place the Java Heap above 4GB virtual address.
# This output file may be truncated or incomplete.
#
#  Out of Memory Error (allocation.cpp:389), pid=10228, tid=0x0000000000001b74
#
# JRE version: Java(TM) SE Runtime Environment (8.0_371) (build 1.8.0_371-b11)
# Java VM: Java HotSpot(TM) 64-Bit Server VM (25.371-b11 mixed mode windows-amd64 compressed oops)
# Failed to write core dump. Minidumps are not enabled by default on client versions of Windows
#

---------------  T H R E A D  ---------------

Current thread (0x00000213bd40b800):  JavaThread "C2 CompilerThread0" daemon [_thread_in_native, id=7028, stack(0x000000c071a00000,0x000000c071b00000)]

Stack: [0x000000c071a00000,0x000000c071b00000]
Native frames: (J=compiled Java code, j=interpreted, Vv=VM code, C=native code)
V  [jvm.dll+0x34d9f9]
V  [jvm.dll+0x28aa12]
V  [jvm.dll+0x28b5dd]
V  [jvm.dll+0x281da5]
V  [jvm.dll+0xdb51c]
V  [jvm.dll+0xdbd2c]
V  [jvm.dll+0x49774d]
V  [jvm.dll+0x45b075]
V  [jvm.dll+0x46433f]
V  [jvm.dll+0x463739]
V  [jvm.dll+0x44d45b]
V  [jvm.dll+0xb02c6]
V  [jvm.dll+0xae99f]
V  [jvm.dll+0x24e572]
V  [jvm.dll+0x2a76ac]
C  [ucrtbase.dll+0x210b2]
C  [KERNEL32.DLL+0x17c24]
C  [ntdll.dll+0x6d721]


Current CompileTask:
C2:  44383 2613   !   4       java.awt.EventDispatchThread::pumpOneEventForFilters (190 bytes)


---------------  P R O C E S S  ---------------

Java Threads: ( => current thread )
  0x00000213be002800 JavaThread "Abandoned connection cleanup thread" daemon [_thread_blocked, id=5668, stack(0x000000c072800000,0x000000c072900000)]
  0x00000213bedbe800 JavaThread "TimerQueue" daemon [_thread_blocked, id=3180, stack(0x000000c072300000,0x000000c072400000)]
  0x00000213a9847800 JavaThread "DestroyJavaVM" [_thread_blocked, id=9368, stack(0x000000c071000000,0x000000c071100000)]
  0x00000213be3b2000 JavaThread "AWT-EventQueue-0" [_thread_in_Java, id=3032, stack(0x000000c072200000,0x000000c072300000)]
  0x00000213be349000 JavaThread "AWT-Windows" daemon [_thread_in_native, id=5100, stack(0x000000c072100000,0x000000c072200000)]
  0x00000213be342000 JavaThread "AWT-Shutdown" [_thread_blocked, id=7960, stack(0x000000c072000000,0x000000c072100000)]
  0x00000213be33f000 JavaThread "Java2D Disposer" daemon [_thread_blocked, id=11072, stack(0x000000c071f00000,0x000000c072000000)]
  0x00000213bd48a000 JavaThread "Service Thread" daemon [_thread_blocked, id=9700, stack(0x000000c071d00000,0x000000c071e00000)]
  0x00000213bd419800 JavaThread "C1 CompilerThread2" daemon [_thread_blocked, id=736, stack(0x000000c071c00000,0x000000c071d00000)]
  0x00000213bd40e800 JavaThread "C2 CompilerThread1" daemon [_thread_blocked, id=6800, stack(0x000000c071b00000,0x000000c071c00000)]
=>0x00000213bd40b800 JavaThread "C2 CompilerThread0" daemon [_thread_in_native, id=7028, stack(0x000000c071a00000,0x000000c071b00000)]
  0x00000213bd407800 JavaThread "Attach Listener" daemon [_thread_blocked, id=9664, stack(0x000000c071900000,0x000000c071a00000)]
  0x00000213bd406800 JavaThread "Signal Dispatcher" daemon [_thread_blocked, id=10780, stack(0x000000c071800000,0x000000c071900000)]
  0x00000213bccb9800 JavaThread "Finalizer" daemon [_thread_blocked, id=6404, stack(0x000000c071700000,0x000000c071800000)]
  0x00000213bd3e5800 JavaThread "Reference Handler" daemon [_thread_blocked, id=2144, stack(0x000000c071600000,0x000000c071700000)]

Other Threads:
  0x00000213bd3c4000 VMThread [stack: 0x000000c071500000,0x000000c071600000] [id=9996]
  0x00000213bd4af000 WatcherThread [stack: 0x000000c071e00000,0x000000c071f00000] [id=1560]

VM state:not at safepoint (normal execution)

VM Mutex/Monitor currently owned by a thread: None

heap address: 0x00000000cbc00000, size: 836 MB, Compressed Oops mode: 32-bit
Narrow klass base: 0x0000000000000000, Narrow klass shift: 3
Compressed class space size: 1073741824 Address: 0x0000000100000000

Heap:
 PSYoungGen      total 56320K, used 37059K [0x00000000ee980000, 0x00000000f2900000, 0x0000000100000000)
  eden space 47616K, 69% used [0x00000000ee980000,0x00000000f099bd98,0x00000000f1800000)
  from space 8704K, 48% used [0x00000000f1800000,0x00000000f1c151d0,0x00000000f2080000)
  to   space 8192K, 0% used [0x00000000f2100000,0x00000000f2100000,0x00000000f2900000)
 ParOldGen       total 36864K, used 19697K [0x00000000cbc00000, 0x00000000ce000000, 0x00000000ee980000)
  object space 36864K, 53% used [0x00000000cbc00000,0x00000000ccf3c6d8,0x00000000ce000000)
 Metaspace       used 19937K, capacity 20260K, committed 20608K, reserved 1067008K
  class space    used 2477K, capacity 2570K, committed 2688K, reserved 1048576K

Card table byte_map: [0x00000213ba500000,0x00000213ba6b0000] byte_map_base: 0x00000213b9ea2000

Marking Bits: (ParMarkBitMap*) 0x000000006e90d980
 Begin Bits: [0x00000213ba7d0000, 0x00000213bb4e0000)
 End Bits:   [0x00000213bb4e0000, 0x00000213bc1f0000)

Polling page: 0x00000213ab110000

CodeCache: size=245760Kb used=8636Kb max_used=8652Kb free=237123Kb
 bounds [0x00000213ab140000, 0x00000213ab9c0000, 0x00000213ba140000]
 total_blobs=3199 nmethods=2628 adapters=482
 compilation: enabled

Compilation events (10 events):
Event: 43.670 Thread 0x00000213bd419800 2622       3       javax.swing.plaf.nimbus.SynthPainterImpl::paintBorder (33 bytes)
Event: 43.670 Thread 0x00000213bd419800 nmethod 2622 0x00000213ab9aa650 code [0x00000213ab9aa7c0, 0x00000213ab9aaaa0]
Event: 43.705 Thread 0x00000213bd40e800 2624       4       java.util.concurrent.atomic.AtomicBoolean::get (13 bytes)
Event: 43.705 Thread 0x00000213bd40e800 nmethod 2624 0x00000213ab98a290 code [0x00000213ab98a3c0, 0x00000213ab98a438]
Event: 43.969 Thread 0x00000213bd419800 2625       3       java.awt.ModalEventFilter::acceptEvent (131 bytes)
Event: 43.972 Thread 0x00000213bd419800 nmethod 2625 0x00000213ab9aed10 code [0x00000213ab9aeee0, 0x00000213ab9afc70]
Event: 43.972 Thread 0x00000213bd419800 2626       3       java.awt.WaitDispatchSupport::access$000 (4 bytes)
Event: 43.972 Thread 0x00000213bd419800 nmethod 2626 0x00000213ab9aa2d0 code [0x00000213ab9aa420, 0x00000213ab9aa558]
Event: 43.972 Thread 0x00000213bd419800 2627       3       java.awt.WaitDispatchSupport$1::evaluate (142 bytes)
Event: 43.975 Thread 0x00000213bd419800 nmethod 2627 0x00000213ab9afe90 code [0x00000213ab9b0140, 0x00000213ab9b14f0]

GC Heap History (10 events):
Event: 39.745 GC heap before
{Heap before GC invocations=7 (full 0):
 PSYoungGen      total 25088K, used 20905K [0x00000000ee980000, 0x00000000f1880000, 0x0000000100000000)
  eden space 14848K, 99% used [0x00000000ee980000,0x00000000ef7eda50,0x00000000ef800000)
  from space 10240K, 59% used [0x00000000f0180000,0x00000000f077cc68,0x00000000f0b80000)
  to   space 9728K, 0% used [0x00000000ef800000,0x00000000ef800000,0x00000000f0180000)
 ParOldGen       total 36864K, used 15662K [0x00000000cbc00000, 0x00000000ce000000, 0x00000000ee980000)
  object space 36864K, 42% used [0x00000000cbc00000,0x00000000ccb4baa0,0x00000000ce000000)
 Metaspace       used 19583K, capacity 19870K, committed 20224K, reserved 1067008K
  class space    used 2422K, capacity 2503K, committed 2560K, reserved 1048576K
Event: 39.752 GC heap after
Heap after GC invocations=7 (full 0):
 PSYoungGen      total 24576K, used 5111K [0x00000000ee980000, 0x00000000f1880000, 0x0000000100000000)
  eden space 14848K, 0% used [0x00000000ee980000,0x00000000ee980000,0x00000000ef800000)
  from space 9728K, 52% used [0x00000000ef800000,0x00000000efcfdd80,0x00000000f0180000)
  to   space 9216K, 0% used [0x00000000f0f80000,0x00000000f0f80000,0x00000000f1880000)
 ParOldGen       total 36864K, used 17322K [0x00000000cbc00000, 0x00000000ce000000, 0x00000000ee980000)
  object space 36864K, 46% used [0x00000000cbc00000,0x00000000ccceaba0,0x00000000ce000000)
 Metaspace       used 19583K, capacity 19870K, committed 20224K, reserved 1067008K
  class space    used 2422K, capacity 2503K, committed 2560K, reserved 1048576K
}
Event: 42.286 GC heap before
{Heap before GC invocations=8 (full 0):
 PSYoungGen      total 24576K, used 19728K [0x00000000ee980000, 0x00000000f1880000, 0x0000000100000000)
  eden space 14848K, 98% used [0x00000000ee980000,0x00000000ef7c6538,0x00000000ef800000)
  from space 9728K, 52% used [0x00000000ef800000,0x00000000efcfdd80,0x00000000f0180000)
  to   space 9216K, 0% used [0x00000000f0f80000,0x00000000f0f80000,0x00000000f1880000)
 ParOldGen       total 36864K, used 17322K [0x00000000cbc00000, 0x00000000ce000000, 0x00000000ee980000)
  object space 36864K, 46% used [0x00000000cbc00000,0x00000000ccceaba0,0x00000000ce000000)
 Metaspace       used 19597K, capacity 19870K, committed 20224K, reserved 1067008K
  class space    used 2423K, capacity 2503K, committed 2560K, reserved 1048576K
Event: 42.290 GC heap after
Heap after GC invocations=8 (full 0):
 PSYoungGen      total 37888K, used 5370K [0x00000000ee980000, 0x00000000f1780000, 0x0000000100000000)
  eden space 29696K, 0% used [0x00000000ee980000,0x00000000ee980000,0x00000000f0680000)
  from space 8192K, 65% used [0x00000000f0f80000,0x00000000f14be930,0x00000000f1780000)
  to   space 8704K, 0% used [0x00000000f0680000,0x00000000f0680000,0x00000000f0f00000)
 ParOldGen       total 36864K, used 17705K [0x00000000cbc00000, 0x00000000ce000000, 0x00000000ee980000)
  object space 36864K, 48% used [0x00000000cbc00000,0x00000000ccd4a668,0x00000000ce000000)
 Metaspace       used 19597K, capacity 19870K, committed 20224K, reserved 1067008K
  class space    used 2423K, capacity 2503K, committed 2560K, reserved 1048576K
}
Event: 42.583 GC heap before
{Heap before GC invocations=9 (full 0):
 PSYoungGen      total 37888K, used 34977K [0x00000000ee980000, 0x00000000f1780000, 0x0000000100000000)
  eden space 29696K, 99% used [0x00000000ee980000,0x00000000f0669e78,0x00000000f0680000)
  from space 8192K, 65% used [0x00000000f0f80000,0x00000000f14be930,0x00000000f1780000)
  to   space 8704K, 0% used [0x00000000f0680000,0x00000000f0680000,0x00000000f0f00000)
 ParOldGen       total 36864K, used 17705K [0x00000000cbc00000, 0x00000000ce000000, 0x00000000ee980000)
  object space 36864K, 48% used [0x00000000cbc00000,0x00000000ccd4a668,0x00000000ce000000)
 Metaspace       used 19906K, capacity 20196K, committed 20608K, reserved 1067008K
  class space    used 2476K, capacity 2570K, committed 2688K, reserved 1048576K
Event: 42.586 GC heap after
Heap after GC invocations=9 (full 0):
 PSYoungGen      total 38400K, used 2603K [0x00000000ee980000, 0x00000000f2a00000, 0x0000000100000000)
  eden space 29696K, 0% used [0x00000000ee980000,0x00000000ee980000,0x00000000f0680000)
  from space 8704K, 29% used [0x00000000f0680000,0x00000000f090aee0,0x00000000f0f00000)
  to   space 9216K, 0% used [0x00000000f2100000,0x00000000f2100000,0x00000000f2a00000)
 ParOldGen       total 36864K, used 19466K [0x00000000cbc00000, 0x00000000ce000000, 0x00000000ee980000)
  object space 36864K, 52% used [0x00000000cbc00000,0x00000000ccf02978,0x00000000ce000000)
 Metaspace       used 19906K, capacity 20196K, committed 20608K, reserved 1067008K
  class space    used 2476K, capacity 2570K, committed 2688K, reserved 1048576K
}
Event: 42.780 GC heap before
{Heap before GC invocations=10 (full 0):
 PSYoungGen      total 38400K, used 32153K [0x00000000ee980000, 0x00000000f2a00000, 0x0000000100000000)
  eden space 29696K, 99% used [0x00000000ee980000,0x00000000f065b690,0x00000000f0680000)
  from space 8704K, 29% used [0x00000000f0680000,0x00000000f090aee0,0x00000000f0f00000)
  to   space 9216K, 0% used [0x00000000f2100000,0x00000000f2100000,0x00000000f2a00000)
 ParOldGen       total 36864K, used 19466K [0x00000000cbc00000, 0x00000000ce000000, 0x00000000ee980000)
  object space 36864K, 52% used [0x00000000cbc00000,0x00000000ccf02978,0x00000000ce000000)
 Metaspace       used 19910K, capacity 20196K, committed 20608K, reserved 1067008K
  class space    used 2476K, capacity 2570K, committed 2688K, reserved 1048576K
Event: 42.783 GC heap after
Heap after GC invocations=10 (full 0):
 PSYoungGen      total 55808K, used 4356K [0x00000000ee980000, 0x00000000f2900000, 0x0000000100000000)
  eden space 47616K, 0% used [0x00000000ee980000,0x00000000ee980000,0x00000000f1800000)
  from space 8192K, 53% used [0x00000000f2100000,0x00000000f25411e0,0x00000000f2900000)
  to   space 8704K, 0% used [0x00000000f1800000,0x00000000f1800000,0x00000000f2080000)
 ParOldGen       total 36864K, used 19490K [0x00000000cbc00000, 0x00000000ce000000, 0x00000000ee980000)
  object space 36864K, 52% used [0x00000000cbc00000,0x00000000ccf08978,0x00000000ce000000)
 Metaspace       used 19910K, capacity 20196K, committed 20608K, reserved 1067008K
  class space    used 2476K, capacity 2570K, committed 2688K, reserved 1048576K
}
Event: 43.122 GC heap before
{Heap before GC invocations=11 (full 0):
 PSYoungGen      total 55808K, used 51634K [0x00000000ee980000, 0x00000000f2900000, 0x0000000100000000)
  eden space 47616K, 99% used [0x00000000ee980000,0x00000000f17ab7f8,0x00000000f1800000)
  from space 8192K, 53% used [0x00000000f2100000,0x00000000f25411e0,0x00000000f2900000)
  to   space 8704K, 0% used [0x00000000f1800000,0x00000000f1800000,0x00000000f2080000)
 ParOldGen       total 36864K, used 19490K [0x00000000cbc00000, 0x00000000ce000000, 0x00000000ee980000)
  object space 36864K, 52% used [0x00000000cbc00000,0x00000000ccf08978,0x00000000ce000000)
 Metaspace       used 19912K, capacity 20196K, committed 20608K, reserved 1067008K
  class space    used 2476K, capacity 2570K, committed 2688K, reserved 1048576K
Event: 43.125 GC heap after
Heap after GC invocations=11 (full 0):
 PSYoungGen      total 56320K, used 4180K [0x00000000ee980000, 0x00000000f2900000, 0x0000000100000000)
  eden space 47616K, 0% used [0x00000000ee980000,0x00000000ee980000,0x00000000f1800000)
  from space 8704K, 48% used [0x00000000f1800000,0x00000000f1c151d0,0x00000000f2080000)
  to   space 8192K, 0% used [0x00000000f2100000,0x00000000f2100000,0x00000000f2900000)
 ParOldGen       total 36864K, used 19697K [0x00000000cbc00000, 0x00000000ce000000, 0x00000000ee980000)
  object space 36864K, 53% used [0x00000000cbc00000,0x00000000ccf3c6d8,0x00000000ce000000)
 Metaspace       used 19912K, capacity 20196K, committed 20608K, reserved 1067008K
  class space    used 2476K, capacity 2570K, committed 2688K, reserved 1048576K
}

Deoptimization events (10 events):
Event: 39.464 Thread 0x00000213be3b2000 Uncommon trap: reason=unstable_if action=reinterpret pc=0x00000213ab944008 method=java.awt.image.BufferedImage.setRGB(IIII[III)V @ 16
Event: 39.666 Thread 0x00000213be3b2000 Uncommon trap: reason=null_check action=make_not_entrant pc=0x00000213ab95fd08 method=sun.java2d.pipe.AlphaPaintPipe.renderPathTile(Ljava/lang/Object;[BIIIIII)V @ 70
Event: 42.472 Thread 0x00000213be3b2000 Uncommon trap: reason=class_check action=maybe_recompile pc=0x00000213ab90da70 method=java.awt.EventDispatchThread.filterAndCheckEvent(Ljava/awt/AWTEvent;)Z @ 34
Event: 42.472 Thread 0x00000213be3b2000 Uncommon trap: reason=class_check action=maybe_recompile pc=0x00000213ab8f0774 method=java.awt.EventDispatchThread.filterAndCheckEvent(Ljava/awt/AWTEvent;)Z @ 34
Event: 42.472 Thread 0x00000213be3b2000 Uncommon trap: reason=unstable_if action=reinterpret pc=0x00000213ab905bf0 method=java.security.AccessController.getContext()Ljava/security/AccessControlContext; @ 5
Event: 42.472 Thread 0x00000213be3b2000 Uncommon trap: reason=class_check action=maybe_recompile pc=0x00000213ab90da70 method=java.awt.EventDispatchThread.filterAndCheckEvent(Ljava/awt/AWTEvent;)Z @ 34
Event: 42.577 Thread 0x00000213be3b2000 Uncommon trap: reason=class_check action=maybe_recompile pc=0x00000213ab90da70 method=java.awt.EventDispatchThread.filterAndCheckEvent(Ljava/awt/AWTEvent;)Z @ 34
Event: 42.577 Thread 0x00000213be3b2000 Uncommon trap: reason=class_check action=maybe_recompile pc=0x00000213ab8f0774 method=java.awt.EventDispatchThread.filterAndCheckEvent(Ljava/awt/AWTEvent;)Z @ 34
Event: 43.234 Thread 0x00000213be3b2000 Uncommon trap: reason=unstable_if action=reinterpret pc=0x00000213ab8d22dc method=java.awt.EventQueue.postEvent(Ljava/awt/AWTEvent;I)V @ 6
Event: 43.235 Thread 0x00000213be3b2000 Uncommon trap: reason=unstable_if action=reinterpret pc=0x00000213ab9128b0 method=java.awt.EventQueue.postEvent(Ljava/awt/AWTEvent;I)V @ 6

Classes redefined (0 events):
No events

Internal exceptions (10 events):
Event: 0.420 Thread 0x00000213a9847800 Exception <a 'java/lang/ClassNotFoundException': ToolTip> (0x00000000eed07660) thrown at [C:\jenkins\workspace\8-2-build-windows-x64-cygwin\jdk8u371\3355\hotspot\src\share\vm\classfile\systemDictionary.cpp, line 212]
Event: 0.422 Thread 0x00000213a9847800 Exception <a 'java/lang/ClassNotFoundException': Tree> (0x00000000eed08280) thrown at [C:\jenkins\workspace\8-2-build-windows-x64-cygwin\jdk8u371\3355\hotspot\src\share\vm\classfile\systemDictionary.cpp, line 212]
Event: 0.422 Thread 0x00000213a9847800 Exception <a 'java/lang/ClassNotFoundException': Tree> (0x00000000eed089c0) thrown at [C:\jenkins\workspace\8-2-build-windows-x64-cygwin\jdk8u371\3355\hotspot\src\share\vm\classfile\systemDictionary.cpp, line 212]
Event: 0.422 Thread 0x00000213a9847800 Exception <a 'java/lang/ClassNotFoundException': javax/swing/JTreeCell> (0x00000000eed08d40) thrown at [C:\jenkins\workspace\8-2-build-windows-x64-cygwin\jdk8u371\3355\hotspot\src\share\vm\classfile\systemDictionary.cpp, line 212]
Event: 0.422 Thread 0x00000213a9847800 Exception <a 'java/lang/ClassNotFoundException': TreeCell> (0x00000000eed091c8) thrown at [C:\jenkins\workspace\8-2-build-windows-x64-cygwin\jdk8u371\3355\hotspot\src\share\vm\classfile\systemDictionary.cpp, line 212]
Event: 0.423 Thread 0x00000213a9847800 Exception <a 'java/lang/ClassNotFoundException': RootPane> (0x00000000eed09c28) thrown at [C:\jenkins\workspace\8-2-build-windows-x64-cygwin\jdk8u371\3355\hotspot\src\share\vm\classfile\systemDictionary.cpp, line 212]
Event: 2.660 Thread 0x00000213be3b2000 Implicit null exception at 0x00000213ab5241cc to 0x00000213ab524241
Event: 39.388 Thread 0x00000213be3b2000 Implicit null exception at 0x00000213ab93d6d9 to 0x00000213ab93d7ad
Event: 39.666 Thread 0x00000213be3b2000 Implicit null exception at 0x00000213ab95d1ba to 0x00000213ab95fcd9
Event: 42.472 Thread 0x00000213be3b2000 Implicit null exception at 0x00000213ab904c9d to 0x00000213ab905bb9

Events (10 events):
Event: 42.780 Executing VM operation: ParallelGCFailedAllocation
Event: 42.783 Executing VM operation: ParallelGCFailedAllocation done
Event: 43.122 Executing VM operation: ParallelGCFailedAllocation
Event: 43.125 Executing VM operation: ParallelGCFailedAllocation done
Event: 43.234 Thread 0x00000213be3b2000 Uncommon trap: trap_request=0xffffff65 fr.pc=0x00000213ab8d22dc
Event: 43.234 Thread 0x00000213be3b2000 DEOPT PACKING pc=0x00000213ab8d22dc sp=0x000000c0722fb140
Event: 43.234 Thread 0x00000213be3b2000 DEOPT UNPACKING pc=0x00000213ab1858c3 sp=0x000000c0722fb028 mode 2
Event: 43.235 Thread 0x00000213be3b2000 Uncommon trap: trap_request=0xffffff65 fr.pc=0x00000213ab9128b0
Event: 43.235 Thread 0x00000213be3b2000 DEOPT PACKING pc=0x00000213ab9128b0 sp=0x000000c0722fb0a0
Event: 43.235 Thread 0x00000213be3b2000 DEOPT UNPACKING pc=0x00000213ab1858c3 sp=0x000000c0722fb010 mode 2


Dynamic libraries:
0x00007ff658890000 - 0x00007ff6588da000 	C:\Program Files\Java\jdk-1.8\bin\java.exe
0x00007ffe26000000 - 0x00007ffe261f0000 	C:\WINDOWS\SYSTEM32\ntdll.dll
0x00007ffe24af0000 - 0x00007ffe24ba2000 	C:\WINDOWS\System32\KERNEL32.DLL
0x00007ffe23d80000 - 0x00007ffe24025000 	C:\WINDOWS\System32\KERNELBASE.dll
0x00007ffe25c20000 - 0x00007ffe25cc3000 	C:\WINDOWS\System32\ADVAPI32.dll
0x00007ffe24ef0000 - 0x00007ffe24f8e000 	C:\WINDOWS\System32\msvcrt.dll
0x00007ffe259e0000 - 0x00007ffe25a77000 	C:\WINDOWS\System32\sechost.dll
0x00007ffe241a0000 - 0x00007ffe242bf000 	C:\WINDOWS\System32\RPCRT4.dll
0x00007ffe25de0000 - 0x00007ffe25f74000 	C:\WINDOWS\System32\USER32.dll
0x00007ffe23d50000 - 0x00007ffe23d71000 	C:\WINDOWS\System32\win32u.dll
0x00007ffe25560000 - 0x00007ffe25586000 	C:\WINDOWS\System32\GDI32.dll
0x00007ffe22ff0000 - 0x00007ffe23188000 	C:\WINDOWS\System32\gdi32full.dll
0x00007ffe23ad0000 - 0x00007ffe23b6e000 	C:\WINDOWS\System32\msvcp_win.dll
0x00007ffe23c50000 - 0x00007ffe23d4a000 	C:\WINDOWS\System32\ucrtbase.dll
0x00007ffe13b90000 - 0x00007ffe13e14000 	C:\WINDOWS\WinSxS\amd64_microsoft.windows.common-controls_6595b64144ccf1df_6.0.18362.1556_none_9e7e372fe45e41d5\COMCTL32.dll
0x00007ffe24bb0000 - 0x00007ffe24ee6000 	C:\WINDOWS\System32\combase.dll
0x00007ffe23b70000 - 0x00007ffe23bf1000 	C:\WINDOWS\System32\bcryptPrimitives.dll
0x00007ffe25530000 - 0x00007ffe2555e000 	C:\WINDOWS\System32\IMM32.DLL
0x00007ffe0dca0000 - 0x00007ffe0dcbb000 	C:\Program Files\Java\jdk-1.8\jre\bin\vcruntime140.dll
0x00007ffe1c5b0000 - 0x00007ffe1c5bc000 	C:\Program Files\Java\jdk-1.8\jre\bin\vcruntime140_1.dll
0x00007ffdf09b0000 - 0x00007ffdf0a3e000 	C:\Program Files\Java\jdk-1.8\jre\bin\msvcp140.dll
0x000000006e0e0000 - 0x000000006e987000 	C:\Program Files\Java\jdk-1.8\jre\bin\server\jvm.dll
0x00007ffe25fb0000 - 0x00007ffe25fb8000 	C:\WINDOWS\System32\PSAPI.DLL
0x00007ffe11220000 - 0x00007ffe11229000 	C:\WINDOWS\SYSTEM32\WSOCK32.dll
0x00007ffe1b8e0000 - 0x00007ffe1b8ea000 	C:\WINDOWS\SYSTEM32\VERSION.dll
0x00007ffe206f0000 - 0x00007ffe20714000 	C:\WINDOWS\SYSTEM32\WINMM.dll
0x00007ffe24130000 - 0x00007ffe2419f000 	C:\WINDOWS\System32\WS2_32.dll
0x00007ffe206c0000 - 0x00007ffe206ed000 	C:\WINDOWS\SYSTEM32\winmmbase.dll
0x00007ffe240e0000 - 0x00007ffe2412a000 	C:\WINDOWS\System32\cfgmgr32.dll
0x00007ffe22f40000 - 0x00007ffe22f51000 	C:\WINDOWS\System32\kernel.appcore.dll
0x00007ffe1f6c0000 - 0x00007ffe1f6d0000 	C:\Program Files\Java\jdk-1.8\jre\bin\verify.dll
0x00007ffe002b0000 - 0x00007ffe002db000 	C:\Program Files\Java\jdk-1.8\jre\bin\java.dll
0x00007ffe0cf00000 - 0x00007ffe0cf18000 	C:\Program Files\Java\jdk-1.8\jre\bin\zip.dll
0x00007ffe24330000 - 0x00007ffe24a17000 	C:\WINDOWS\System32\SHELL32.dll
0x00007ffe25930000 - 0x00007ffe259d8000 	C:\WINDOWS\System32\shcore.dll
0x00007ffe232f0000 - 0x00007ffe23a6b000 	C:\WINDOWS\System32\windows.storage.dll
0x00007ffe22fb0000 - 0x00007ffe22fce000 	C:\WINDOWS\System32\profapi.dll
0x00007ffe22f60000 - 0x00007ffe22faa000 	C:\WINDOWS\System32\powrprof.dll
0x00007ffe22f30000 - 0x00007ffe22f40000 	C:\WINDOWS\System32\UMPDC.dll
0x00007ffe25bc0000 - 0x00007ffe25c12000 	C:\WINDOWS\System32\shlwapi.dll
0x00007ffe23c30000 - 0x00007ffe23c47000 	C:\WINDOWS\System32\cryptsp.dll
0x00007ffdf0ec0000 - 0x00007ffdf103e000 	C:\Program Files\Java\jdk-1.8\jre\bin\awt.dll
0x00007ffe24f90000 - 0x00007ffe25055000 	C:\WINDOWS\System32\OLEAUT32.dll
0x00007ffe20d70000 - 0x00007ffe20dff000 	C:\WINDOWS\SYSTEM32\apphelp.dll
0x00007ffe20f20000 - 0x00007ffe20fb9000 	C:\WINDOWS\system32\uxtheme.dll
0x00007ffe25a80000 - 0x00007ffe25bb5000 	C:\WINDOWS\System32\MSCTF.dll
0x00007ffe25740000 - 0x00007ffe25897000 	C:\WINDOWS\System32\ole32.dll
0x00007ffe21530000 - 0x00007ffe2155d000 	C:\WINDOWS\system32\DWMAPI.DLL
0x00007ffdf27b0000 - 0x00007ffdf27ff000 	C:\Program Files\Java\jdk-1.8\jre\bin\fontmanager.dll
0x00007ffdfea50000 - 0x00007ffdfeba6000 	C:\WINDOWS\system32\opengl32.dll
0x00007ffe11890000 - 0x00007ffe118bc000 	C:\WINDOWS\SYSTEM32\GLU32.dll
0x00007ffe21b70000 - 0x00007ffe21b90000 	C:\WINDOWS\SYSTEM32\dxcore.dll
0x00007ffe035a0000 - 0x00007ffe035bc000 	C:\Program Files\Java\jdk-1.8\jre\bin\net.dll
0x00007ffe22770000 - 0x00007ffe227d7000 	C:\WINDOWS\system32\mswsock.dll
0x00007ffe005b0000 - 0x00007ffe005c3000 	C:\Program Files\Java\jdk-1.8\jre\bin\nio.dll
0x00007ffdf04a0000 - 0x00007ffdf04e3000 	C:\Program Files\Java\jdk-1.8\jre\bin\t2k.dll
0x00007ffe22290000 - 0x00007ffe222c3000 	C:\WINDOWS\system32\rsaenh.dll
0x00007ffe23c00000 - 0x00007ffe23c26000 	C:\WINDOWS\System32\bcrypt.dll
0x00007ffe22e50000 - 0x00007ffe22e75000 	C:\WINDOWS\SYSTEM32\USERENV.dll
0x00007ffe22940000 - 0x00007ffe2294c000 	C:\WINDOWS\SYSTEM32\CRYPTBASE.dll
0x00007ffe22480000 - 0x00007ffe224ba000 	C:\WINDOWS\SYSTEM32\IPHLPAPI.DLL
0x00007ffe25fa0000 - 0x00007ffe25fa8000 	C:\WINDOWS\System32\NSI.dll
0x00007ffe16b00000 - 0x00007ffe16b16000 	C:\WINDOWS\SYSTEM32\dhcpcsvc6.DLL
0x00007ffe16de0000 - 0x00007ffe16dfc000 	C:\WINDOWS\SYSTEM32\dhcpcsvc.DLL
0x00007ffe224d0000 - 0x00007ffe2259b000 	C:\WINDOWS\SYSTEM32\DNSAPI.dll
0x00007ffe25cd0000 - 0x00007ffe25d72000 	C:\WINDOWS\System32\clbcatq.dll
0x00007ffe1e9f0000 - 0x00007ffe1eb9f000 	C:\WINDOWS\SYSTEM32\WindowsCodecs.dll
0x00007ffe0d760000 - 0x00007ffe0d79b000 	C:\WINDOWS\system32\dataexchange.dll
0x00007ffe20280000 - 0x00007ffe204db000 	C:\WINDOWS\system32\d3d11.dll
0x00007ffe204e0000 - 0x00007ffe206bd000 	C:\WINDOWS\system32\dcomp.dll
0x00007ffe21c00000 - 0x00007ffe21ceb000 	C:\WINDOWS\system32\dxgi.dll
0x00007ffe21000000 - 0x00007ffe2125a000 	C:\WINDOWS\system32\twinapi.appcore.dll
0x00007ffe21360000 - 0x00007ffe21389000 	C:\WINDOWS\system32\RMCLIENT.dll
0x00007ffe1c6b0000 - 0x00007ffe1c74b000 	C:\WINDOWS\System32\TextInputFramework.dll
0x00007ffe20b60000 - 0x00007ffe20c34000 	C:\WINDOWS\System32\CoreMessaging.dll
0x00007ffe1ed60000 - 0x00007ffe1f08a000 	C:\WINDOWS\System32\CoreUIComponents.dll
0x00007ffe21f70000 - 0x00007ffe21fa1000 	C:\WINDOWS\SYSTEM32\ntmarta.dll
0x00007ffe1ebd0000 - 0x00007ffe1ed22000 	C:\WINDOWS\SYSTEM32\wintypes.dll
0x00007ffdf8250000 - 0x00007ffdf827a000 	C:\Program Files\Java\jdk-1.8\jre\bin\dcpr.dll
0x00007ffe136e0000 - 0x00007ffe13987000 	C:\WINDOWS\System32\iertutil.dll
0x00007ffe16330000 - 0x00007ffe1633a000 	C:\Windows\System32\rasadhlp.dll
0x00007ffe16a20000 - 0x00007ffe16a97000 	C:\WINDOWS\System32\fwpuclnt.dll
0x00007ffe0f5f0000 - 0x00007ffe0f7e4000 	C:\WINDOWS\SYSTEM32\dbghelp.dll

VM Arguments:
jvm_args: -Dfile.encoding=UTF-8 -Djava.security.policy=applet.policy 
java_command: jframe.IssueBook
java_class_path (initial): C:\Program Files\NetBeans-18\netbeans\java\modules\ext\AbsoluteLayout.jar;C:\Users\Oumaima_Rzini\Downloads\1515879047_RSCalendar\RSCalendar.jar;C:\Users\Oumaima_Rzini\Downloads\1515878801_RojeruSan.parte1.jar\RojeruSan.parte1.jar;C:\Users\Oumaima_Rzini\Downloads\JFreeChart;C:\Users\Oumaima_Rzini\Downloads\JFreeChart.zip;C:\Users\Oumaima_Rzini\Downloads\jcalendar-1.4.jar\jcalendar-1.4.jar;C:\Users\Oumaima_Rzini\Downloads\mysql-connector-java-8.0.11.jar;C:\Users\Oumaima_Rzini\Documents\NetBeansProjects\Library_Management_System\build\classes
Launcher Type: SUN_STANDARD

Environment Variables:
PATH=C:\WINDOWS\system32;C:\WINDOWS;C:\WINDOWS\System32\Wbem;C:\WINDOWS\System32\WindowsPowerShell\v1.0\;C:\WINDOWS\System32\OpenSSH\;C:\Program Files\Microsoft SQL Server\Client SDK\ODBC\170\Tools\Binn\;C:\Program Files (x86)\Microsoft SQL Server\150\Tools\Binn\;C:\Program Files\Microsoft SQL Server\150\Tools\Binn\;C:\Program Files\Microsoft SQL Server\150\DTS\Binn\;C:\Program Files (x86)\Microsoft SQL Server\150\DTS\Binn\;C:\Program Files\Azure Data Studio\bin;C:\Program Files\dotnet\;C:\Program Files\Microsoft SQL Server\110\Tools\Binn\;C:\Program Files\Git\cmd;C:\Program Files\MATLAB\R2023a\bin;C:\Users\Oumaima_Rzini\AppData\Local\Programs\Python\Python311\Scripts\;C:\Users\Oumaima_Rzini\AppData\Local\Programs\Python\Python311\;C:\Users\Oumaima_Rzini\AppData\Local\Microsoft\WindowsApps;;C:\Program Files\Azure Data Studio\bin;C:\Users\Oumaima_Rzini\.dotnet\tools;C:\Users\Oumaima_Rzini\AppData\Local\Programs\Microsoft VS Code\bin
USERNAME=Oumaima_Rzini
OS=Windows_NT
PROCESSOR_IDENTIFIER=Intel64 Family 6 Model 142 Stepping 10, GenuineIntel



---------------  S Y S T E M  ---------------

OS: Windows 10 , 64 bit Build 18362 (10.0.18362.1500)

CPU:total 4 (initial active 4) (2 cores per cpu, 2 threads per core) family 6 model 142 stepping 10, cmov, cx8, fxsr, mmx, sse, sse2, sse3, ssse3, sse4.1, sse4.2, popcnt, avx, avx2, aes, clmul, erms, 3dnowpref, lzcnt, ht, tsc, tscinvbit, bmi1, bmi2, adx

Memory: 4k page, physical 3422132k(354748k free), swap 5519284k(28108k free)

vm_info: Java HotSpot(TM) 64-Bit Server VM (25.371-b11) for windows-amd64 JRE (1.8.0_371-b11), built on Mar 17 2023 04:03:45 by "java_re" with MS VC++ 17.1 (VS2022)

time: Mon Jul 17 00:19:38 2023
timezone: Maroc (heure d’été)
elapsed time: 44.400453 seconds (0d 0h 0m 44s)

