#
# There is insufficient memory for the Java Runtime Environment to continue.
# Native memory allocation (malloc) failed to allocate 723936 bytes for Chunk::new
# Possible reasons:
#   The system is out of physical RAM or swap space
#   The process is running with CompressedOops enabled, and the Java Heap may be blocking the growth of the native heap
# Possible solutions:
#   Reduce memory load on the system
#   Increase physical memory or swap space
#   Check if swap backing store is full
#   Decrease Java heap size (-Xmx/-Xms)
#   Decrease number of Java threads
#   Decrease Java thread stack sizes (-Xss)
#   Set larger code cache with -XX:ReservedCodeCacheSize=
#   JVM is running with Unscaled Compressed Oops mode in which the Java heap is
#     placed in the first 4GB address space. The Java Heap base address is the
#     maximum limit for the native heap growth. Please use -XX:HeapBaseMinAddress
#     to set the Java Heap base and to place the Java Heap above 4GB virtual address.
# This output file may be truncated or incomplete.
#
#  Out of Memory Error (allocation.cpp:389), pid=13220, tid=0x00000000000033f4
#
# JRE version: Java(TM) SE Runtime Environment (8.0_371) (build 1.8.0_371-b11)
# Java VM: Java HotSpot(TM) 64-Bit Server VM (25.371-b11 mixed mode windows-amd64 compressed oops)
# Failed to write core dump. Minidumps are not enabled by default on client versions of Windows
#

---------------  T H R E A D  ---------------

Current thread (0x000002a51e4b0000):  JavaThread "C2 CompilerThread0" daemon [_thread_in_native, id=13300, stack(0x000000d1c8c00000,0x000000d1c8d00000)]

Stack: [0x000000d1c8c00000,0x000000d1c8d00000]
Native frames: (J=compiled Java code, j=interpreted, Vv=VM code, C=native code)
V  [jvm.dll+0x34d9f9]
V  [jvm.dll+0x28aa12]
V  [jvm.dll+0x28b5dd]
V  [jvm.dll+0x281da5]
V  [jvm.dll+0xdb51c]
V  [jvm.dll+0xdbd2c]
V  [jvm.dll+0x4779e2]
V  [jvm.dll+0x4b7f0b]
V  [jvm.dll+0x465d16]
V  [jvm.dll+0x463622]
V  [jvm.dll+0x44d45b]
V  [jvm.dll+0xb02c6]
V  [jvm.dll+0xae99f]
V  [jvm.dll+0x24e572]
V  [jvm.dll+0x2a76ac]
C  [ucrtbase.dll+0x210b2]
C  [KERNEL32.DLL+0x17c24]
C  [ntdll.dll+0x6d721]


Current CompileTask:
C2:  58199 2294   !   4       java.awt.EventDispatchThread::pumpOneEventForFilters (190 bytes)


---------------  P R O C E S S  ---------------

Java Threads: ( => current thread )
  0x000002a51ff5a000 JavaThread "Abandoned connection cleanup thread" daemon [_thread_blocked, id=12836, stack(0x000000d1c9700000,0x000000d1c9800000)]
  0x000002a51f43b800 JavaThread "TimerQueue" daemon [_thread_blocked, id=12176, stack(0x000000d1c9500000,0x000000d1c9600000)]
  0x000002a50a957800 JavaThread "DestroyJavaVM" [_thread_blocked, id=12492, stack(0x000000d1c8200000,0x000000d1c8300000)]
  0x000002a51f412800 JavaThread "AWT-EventQueue-0" [_thread_blocked, id=11936, stack(0x000000d1c9400000,0x000000d1c9500000)]
  0x000002a51f3ed000 JavaThread "AWT-Windows" daemon [_thread_in_native, id=13032, stack(0x000000d1c9300000,0x000000d1c9400000)]
  0x000002a51f3ec000 JavaThread "AWT-Shutdown" [_thread_blocked, id=1852, stack(0x000000d1c9200000,0x000000d1c9300000)]
  0x000002a51f3d9000 JavaThread "Java2D Disposer" daemon [_thread_blocked, id=2416, stack(0x000000d1c9100000,0x000000d1c9200000)]
  0x000002a51e514000 JavaThread "Service Thread" daemon [_thread_blocked, id=8488, stack(0x000000d1c8f00000,0x000000d1c9000000)]
  0x000002a51e4b3000 JavaThread "C1 CompilerThread2" daemon [_thread_in_vm, id=12624, stack(0x000000d1c8e00000,0x000000d1c8f00000)]
  0x000002a51e4b2000 JavaThread "C2 CompilerThread1" daemon [_thread_in_native, id=4472, stack(0x000000d1c8d00000,0x000000d1c8e00000)]
=>0x000002a51e4b0000 JavaThread "C2 CompilerThread0" daemon [_thread_in_native, id=13300, stack(0x000000d1c8c00000,0x000000d1c8d00000)]
  0x000002a51e4ad000 JavaThread "Attach Listener" daemon [_thread_blocked, id=7584, stack(0x000000d1c8b00000,0x000000d1c8c00000)]
  0x000002a51e4ab800 JavaThread "Signal Dispatcher" daemon [_thread_blocked, id=7048, stack(0x000000d1c8a00000,0x000000d1c8b00000)]
  0x000002a51dd59800 JavaThread "Finalizer" daemon [_thread_blocked, id=6296, stack(0x000000d1c8900000,0x000000d1c8a00000)]
  0x000002a51e486000 JavaThread "Reference Handler" daemon [_thread_blocked, id=8816, stack(0x000000d1c8800000,0x000000d1c8900000)]

Other Threads:
  0x000002a51e464800 VMThread [stack: 0x000000d1c8700000,0x000000d1c8800000] [id=13040]
  0x000002a51e525000 WatcherThread [stack: 0x000000d1c9000000,0x000000d1c9100000] [id=5264]

VM state:synchronizing (normal execution)

VM Mutex/Monitor currently owned by a thread:  ([mutex/lock_event])
[0x000002a50a954c50] Threads_lock - owner thread: 0x000002a51e464800
[0x000002a50a955ae0] Heap_lock - owner thread: 0x000002a51f412800

heap address: 0x00000000cbc00000, size: 836 MB, Compressed Oops mode: 32-bit
Narrow klass base: 0x0000000000000000, Narrow klass shift: 3
Compressed class space size: 1073741824 Address: 0x0000000100000000

Heap:
 PSYoungGen      total 16384K, used 16307K [0x00000000ee980000, 0x00000000efb80000, 0x0000000100000000)
  eden space 14336K, 99% used [0x00000000ee980000,0x00000000ef773f98,0x00000000ef780000)
  from space 2048K, 98% used [0x00000000ef980000,0x00000000efb78de8,0x00000000efb80000)
  to   space 2048K, 0% used [0x00000000ef780000,0x00000000ef780000,0x00000000ef980000)
 ParOldGen       total 36864K, used 19008K [0x00000000cbc00000, 0x00000000ce000000, 0x00000000ee980000)
  object space 36864K, 51% used [0x00000000cbc00000,0x00000000cce90088,0x00000000ce000000)
 Metaspace       used 19417K, capacity 19666K, committed 19968K, reserved 1067008K
  class space    used 2447K, capacity 2537K, committed 2560K, reserved 1048576K

Card table byte_map: [0x000002a51b6c0000,0x000002a51b870000] byte_map_base: 0x000002a51b062000

Marking Bits: (ParMarkBitMap*) 0x000000007640d980
 Begin Bits: [0x000002a51b870000, 0x000002a51c580000)
 End Bits:   [0x000002a51c580000, 0x000002a51d290000)

Polling page: 0x000002a50a8e0000

CodeCache: size=245760Kb used=7500Kb max_used=7545Kb free=238259Kb
 bounds [0x000002a50c300000, 0x000002a50ca70000, 0x000002a51b300000]
 total_blobs=2833 nmethods=2269 adapters=475
 compilation: enabled

Compilation events (10 events):
Event: 57.907 Thread 0x000002a51e4b3000 2297       3       sun.java2d.pipe.AlphaColorPipe::startSequence (2 bytes)
Event: 57.907 Thread 0x000002a51e4b3000 nmethod 2297 0x000002a50ca5fad0 code [0x000002a50ca5fc20, 0x000002a50ca5fd78]
Event: 57.907 Thread 0x000002a51e4b3000 2298       3       sun.java2d.pipe.AlphaColorPipe::endSequence (1 bytes)
Event: 57.908 Thread 0x000002a51e4b3000 nmethod 2298 0x000002a50ca5fe10 code [0x000002a50ca5ff60, 0x000002a50ca600b8]
Event: 57.908 Thread 0x000002a51e4b2000 nmethod 2296 0x000002a50ca60150 code [0x000002a50ca60300, 0x000002a50ca60e38]
Event: 57.916 Thread 0x000002a51e4b2000 2299       4       sun.java2d.pipe.AlphaPaintPipe::renderPathTile (491 bytes)
Event: 57.947 Thread 0x000002a51e4b3000 2300       3       java.lang.Math::min (45 bytes)
Event: 57.947 Thread 0x000002a51e4b3000 nmethod 2300 0x000002a50ca5f590 code [0x000002a50ca5f700, 0x000002a50ca5fa58]
Event: 57.964 Thread 0x000002a51e4b3000 2302       3       sun.java2d.SunGraphics2D::validateBasicStroke (332 bytes)
Event: 57.966 Thread 0x000002a51e4b3000 nmethod 2302 0x000002a50ca61550 code [0x000002a50ca61860, 0x000002a50ca62c10]

GC Heap History (10 events):
Event: 2.028 GC heap after
Heap after GC invocations=1 (full 0):
 PSYoungGen      total 16384K, used 2016K [0x00000000ee980000, 0x00000000efb80000, 0x0000000100000000)
  eden space 14336K, 0% used [0x00000000ee980000,0x00000000ee980000,0x00000000ef780000)
  from space 2048K, 98% used [0x00000000ef780000,0x00000000ef978040,0x00000000ef980000)
  to   space 2048K, 0% used [0x00000000ef980000,0x00000000ef980000,0x00000000efb80000)
 ParOldGen       total 36864K, used 2235K [0x00000000cbc00000, 0x00000000ce000000, 0x00000000ee980000)
  object space 36864K, 6% used [0x00000000cbc00000,0x00000000cbe2ee60,0x00000000ce000000)
 Metaspace       used 15614K, capacity 15822K, committed 16000K, reserved 1062912K
  class space    used 2019K, capacity 2113K, committed 2176K, reserved 1048576K
}
Event: 9.433 GC heap before
{Heap before GC invocations=2 (full 0):
 PSYoungGen      total 16384K, used 16352K [0x00000000ee980000, 0x00000000efb80000, 0x0000000100000000)
  eden space 14336K, 100% used [0x00000000ee980000,0x00000000ef780000,0x00000000ef780000)
  from space 2048K, 98% used [0x00000000ef780000,0x00000000ef978040,0x00000000ef980000)
  to   space 2048K, 0% used [0x00000000ef980000,0x00000000ef980000,0x00000000efb80000)
 ParOldGen       total 36864K, used 2235K [0x00000000cbc00000, 0x00000000ce000000, 0x00000000ee980000)
  object space 36864K, 6% used [0x00000000cbc00000,0x00000000cbe2ee60,0x00000000ce000000)
 Metaspace       used 18156K, capacity 18406K, committed 18688K, reserved 1064960K
  class space    used 2326K, capacity 2437K, committed 2560K, reserved 1048576K
Event: 9.459 GC heap after
Heap after GC invocations=2 (full 0):
 PSYoungGen      total 16384K, used 2019K [0x00000000ee980000, 0x00000000efb80000, 0x0000000100000000)
  eden space 14336K, 0% used [0x00000000ee980000,0x00000000ee980000,0x00000000ef780000)
  from space 2048K, 98% used [0x00000000ef980000,0x00000000efb78de8,0x00000000efb80000)
  to   space 2048K, 0% used [0x00000000ef780000,0x00000000ef780000,0x00000000ef980000)
 ParOldGen       total 36864K, used 17376K [0x00000000cbc00000, 0x00000000ce000000, 0x00000000ee980000)
  object space 36864K, 47% used [0x00000000cbc00000,0x00000000cccf80d0,0x00000000ce000000)
 Metaspace       used 18156K, capacity 18406K, committed 18688K, reserved 1064960K
  class space    used 2326K, capacity 2437K, committed 2560K, reserved 1048576K
}
Event: 56.928 GC heap before
{Heap before GC invocations=3 (full 0):
 PSYoungGen      total 16384K, used 16307K [0x00000000ee980000, 0x00000000efb80000, 0x0000000100000000)
  eden space 14336K, 99% used [0x00000000ee980000,0x00000000ef773ee8,0x00000000ef780000)
  from space 2048K, 98% used [0x00000000ef980000,0x00000000efb78de8,0x00000000efb80000)
  to   space 2048K, 0% used [0x00000000ef780000,0x00000000ef780000,0x00000000ef980000)
 ParOldGen       total 36864K, used 17376K [0x00000000cbc00000, 0x00000000ce000000, 0x00000000ee980000)
  object space 36864K, 47% used [0x00000000cbc00000,0x00000000cccf80d0,0x00000000ce000000)
 Metaspace       used 18911K, capacity 19206K, committed 19456K, reserved 1067008K
  class space    used 2377K, capacity 2469K, committed 2560K, reserved 1048576K
Event: 56.934 GC heap after
Heap after GC invocations=3 (full 0):
 PSYoungGen      total 16384K, used 2035K [0x00000000ee980000, 0x00000000efb80000, 0x0000000100000000)
  eden space 14336K, 0% used [0x00000000ee980000,0x00000000ee980000,0x00000000ef780000)
  from space 2048K, 99% used [0x00000000ef780000,0x00000000ef97cdd8,0x00000000ef980000)
  to   space 2048K, 0% used [0x00000000ef980000,0x00000000ef980000,0x00000000efb80000)
 ParOldGen       total 36864K, used 17831K [0x00000000cbc00000, 0x00000000ce000000, 0x00000000ee980000)
  object space 36864K, 48% used [0x00000000cbc00000,0x00000000ccd69c48,0x00000000ce000000)
 Metaspace       used 18911K, capacity 19206K, committed 19456K, reserved 1067008K
  class space    used 2377K, capacity 2469K, committed 2560K, reserved 1048576K
}
Event: 57.179 GC heap before
{Heap before GC invocations=4 (full 0):
 PSYoungGen      total 16384K, used 16328K [0x00000000ee980000, 0x00000000efb80000, 0x0000000100000000)
  eden space 14336K, 99% used [0x00000000ee980000,0x00000000ef775250,0x00000000ef780000)
  from space 2048K, 99% used [0x00000000ef780000,0x00000000ef97cdd8,0x00000000ef980000)
  to   space 2048K, 0% used [0x00000000ef980000,0x00000000ef980000,0x00000000efb80000)
 ParOldGen       total 36864K, used 17831K [0x00000000cbc00000, 0x00000000ce000000, 0x00000000ee980000)
  object space 36864K, 48% used [0x00000000cbc00000,0x00000000ccd69c48,0x00000000ce000000)
 Metaspace       used 18946K, capacity 19206K, committed 19456K, reserved 1067008K
  class space    used 2377K, capacity 2469K, committed 2560K, reserved 1048576K
Event: 57.191 GC heap after
Heap after GC invocations=4 (full 0):
 PSYoungGen      total 16384K, used 2019K [0x00000000ee980000, 0x00000000efb80000, 0x0000000100000000)
  eden space 14336K, 0% used [0x00000000ee980000,0x00000000ee980000,0x00000000ef780000)
  from space 2048K, 98% used [0x00000000ef980000,0x00000000efb78de8,0x00000000efb80000)
  to   space 2048K, 0% used [0x00000000ef780000,0x00000000ef780000,0x00000000ef980000)
 ParOldGen       total 36864K, used 18104K [0x00000000cbc00000, 0x00000000ce000000, 0x00000000ee980000)
  object space 36864K, 49% used [0x00000000cbc00000,0x00000000ccdae3d8,0x00000000ce000000)
 Metaspace       used 18946K, capacity 19206K, committed 19456K, reserved 1067008K
  class space    used 2377K, capacity 2469K, committed 2560K, reserved 1048576K
}
Event: 57.729 GC heap before
{Heap before GC invocations=5 (full 0):
 PSYoungGen      total 16384K, used 16328K [0x00000000ee980000, 0x00000000efb80000, 0x0000000100000000)
  eden space 14336K, 99% used [0x00000000ee980000,0x00000000ef7794f8,0x00000000ef780000)
  from space 2048K, 98% used [0x00000000ef980000,0x00000000efb78de8,0x00000000efb80000)
  to   space 2048K, 0% used [0x00000000ef780000,0x00000000ef780000,0x00000000ef980000)
 ParOldGen       total 36864K, used 18104K [0x00000000cbc00000, 0x00000000ce000000, 0x00000000ee980000)
  object space 36864K, 49% used [0x00000000cbc00000,0x00000000ccdae3d8,0x00000000ce000000)
 Metaspace       used 19410K, capacity 19666K, committed 19968K, reserved 1067008K
  class space    used 2447K, capacity 2537K, committed 2560K, reserved 1048576K
Event: 57.738 GC heap after
Heap after GC invocations=5 (full 0):
 PSYoungGen      total 16384K, used 2019K [0x00000000ee980000, 0x00000000efb80000, 0x0000000100000000)
  eden space 14336K, 0% used [0x00000000ee980000,0x00000000ee980000,0x00000000ef780000)
  from space 2048K, 98% used [0x00000000ef780000,0x00000000ef978de8,0x00000000ef980000)
  to   space 2048K, 0% used [0x00000000ef980000,0x00000000ef980000,0x00000000efb80000)
 ParOldGen       total 36864K, used 18694K [0x00000000cbc00000, 0x00000000ce000000, 0x00000000ee980000)
  object space 36864K, 50% used [0x00000000cbc00000,0x00000000cce418f8,0x00000000ce000000)
 Metaspace       used 19410K, capacity 19666K, committed 19968K, reserved 1067008K
  class space    used 2447K, capacity 2537K, committed 2560K, reserved 1048576K
}
Event: 57.970 GC heap before
{Heap before GC invocations=6 (full 0):
 PSYoungGen      total 16384K, used 16350K [0x00000000ee980000, 0x00000000efb80000, 0x0000000100000000)
  eden space 14336K, 99% used [0x00000000ee980000,0x00000000ef77ec98,0x00000000ef780000)
  from space 2048K, 98% used [0x00000000ef780000,0x00000000ef978de8,0x00000000ef980000)
  to   space 2048K, 0% used [0x00000000ef980000,0x00000000ef980000,0x00000000efb80000)
 ParOldGen       total 36864K, used 18694K [0x00000000cbc00000, 0x00000000ce000000, 0x00000000ee980000)
  object space 36864K, 50% used [0x00000000cbc00000,0x00000000cce418f8,0x00000000ce000000)
 Metaspace       used 19417K, capacity 19666K, committed 19968K, reserved 1067008K
  class space    used 2447K, capacity 2537K, committed 2560K, reserved 1048576K

Deoptimization events (10 events):
Event: 57.712 Thread 0x000002a51f412800 Uncommon trap: reason=unstable_if action=reinterpret pc=0x000002a50c8b90f4 method=java.security.AccessController.getContext()Ljava/security/AccessControlContext; @ 5
Event: 57.712 Thread 0x000002a51f412800 Uncommon trap: reason=class_check action=maybe_recompile pc=0x000002a50c8c2758 method=java.awt.EventDispatchThread.filterAndCheckEvent(Ljava/awt/AWTEvent;)Z @ 34
Event: 57.712 Thread 0x000002a51f412800 Uncommon trap: reason=unstable_if action=reinterpret pc=0x000002a50c7d79d4 method=java.security.AccessController.getContext()Ljava/security/AccessControlContext; @ 5
Event: 57.721 Thread 0x000002a51f412800 Uncommon trap: reason=unstable_if action=reinterpret pc=0x000002a50c95d1f8 method=java.awt.MultipleGradientPaintContext.indexIntoGradientsArrays(F)I @ 24
Event: 57.749 Thread 0x000002a51f412800 Uncommon trap: reason=class_check action=maybe_recompile pc=0x000002a50c8c2758 method=java.awt.EventDispatchThread.filterAndCheckEvent(Ljava/awt/AWTEvent;)Z @ 34
Event: 57.749 Thread 0x000002a51f412800 Uncommon trap: reason=class_check action=maybe_recompile pc=0x000002a50c7f63f4 method=java.awt.EventDispatchThread.filterAndCheckEvent(Ljava/awt/AWTEvent;)Z @ 34
Event: 57.751 Thread 0x000002a51f412800 Uncommon trap: reason=class_check action=maybe_recompile pc=0x000002a50c7ff290 method=java.awt.EventQueue.dispatchEventImpl(Ljava/awt/AWTEvent;Ljava/lang/Object;)V @ 18
Event: 57.752 Thread 0x000002a51f412800 Uncommon trap: reason=class_check action=maybe_recompile pc=0x000002a50c7ff290 method=java.awt.EventQueue.dispatchEventImpl(Ljava/awt/AWTEvent;Ljava/lang/Object;)V @ 18
Event: 57.752 Thread 0x000002a51f412800 Uncommon trap: reason=class_check action=maybe_recompile pc=0x000002a50c7e0be4 method=java.awt.EventQueue.dispatchEventImpl(Ljava/awt/AWTEvent;Ljava/lang/Object;)V @ 30
Event: 57.892 Thread 0x000002a51f412800 Uncommon trap: reason=class_check action=maybe_recompile pc=0x000002a50c872e08 method=java.awt.EventQueue.uncacheEQItem(Lsun/awt/EventQueueItem;)V @ 20

Classes redefined (0 events):
No events

Internal exceptions (10 events):
Event: 0.560 Thread 0x000002a50a957800 Exception <a 'java/lang/ClassNotFoundException': ToolTip> (0x00000000eed04e28) thrown at [C:\jenkins\workspace\8-2-build-windows-x64-cygwin\jdk8u371\3355\hotspot\src\share\vm\classfile\systemDictionary.cpp, line 212]
Event: 0.563 Thread 0x000002a50a957800 Exception <a 'java/lang/ClassNotFoundException': Tree> (0x00000000eed05a48) thrown at [C:\jenkins\workspace\8-2-build-windows-x64-cygwin\jdk8u371\3355\hotspot\src\share\vm\classfile\systemDictionary.cpp, line 212]
Event: 0.563 Thread 0x000002a50a957800 Exception <a 'java/lang/ClassNotFoundException': Tree> (0x00000000eed06188) thrown at [C:\jenkins\workspace\8-2-build-windows-x64-cygwin\jdk8u371\3355\hotspot\src\share\vm\classfile\systemDictionary.cpp, line 212]
Event: 0.563 Thread 0x000002a50a957800 Exception <a 'java/lang/ClassNotFoundException': javax/swing/JTreeCell> (0x00000000eed06508) thrown at [C:\jenkins\workspace\8-2-build-windows-x64-cygwin\jdk8u371\3355\hotspot\src\share\vm\classfile\systemDictionary.cpp, line 212]
Event: 0.563 Thread 0x000002a50a957800 Exception <a 'java/lang/ClassNotFoundException': TreeCell> (0x00000000eed06990) thrown at [C:\jenkins\workspace\8-2-build-windows-x64-cygwin\jdk8u371\3355\hotspot\src\share\vm\classfile\systemDictionary.cpp, line 212]
Event: 0.564 Thread 0x000002a50a957800 Exception <a 'java/lang/ClassNotFoundException': RootPane> (0x00000000eed073f0) thrown at [C:\jenkins\workspace\8-2-build-windows-x64-cygwin\jdk8u371\3355\hotspot\src\share\vm\classfile\systemDictionary.cpp, line 212]
Event: 56.941 Thread 0x000002a51f412800 Implicit null exception at 0x000002a50c9b9059 to 0x000002a50c9b912d
Event: 57.351 Thread 0x000002a51f412800 Implicit null exception at 0x000002a50ca1ed87 to 0x000002a50ca2009d
Event: 57.712 Thread 0x000002a51f412800 Implicit null exception at 0x000002a50c8b83dd to 0x000002a50c8b90bd
Event: 57.712 Thread 0x000002a51f412800 Implicit null exception at 0x000002a50c7d7679 to 0x000002a50c7d79c5

Events (10 events):
Event: 57.752 Thread 0x000002a51f412800 DEOPT UNPACKING pc=0x000002a50c3458c3 sp=0x000000d1c94f9780 mode 2
Event: 57.752 Thread 0x000002a51f412800 Uncommon trap: trap_request=0xffffffde fr.pc=0x000002a50c7e0be4
Event: 57.752 Thread 0x000002a51f412800 DEOPT PACKING pc=0x000002a50c7e0be4 sp=0x000000d1c94f7a80
Event: 57.752 Thread 0x000002a51f412800 DEOPT UNPACKING pc=0x000002a50c3458c3 sp=0x000000d1c94f7a30 mode 2
Event: 57.779 Thread 0x000002a51f412800 DEOPT PACKING pc=0x000002a50c96686d sp=0x000000d1c94f7c90
Event: 57.779 Thread 0x000002a51f412800 DEOPT UNPACKING pc=0x000002a50c347918 sp=0x000000d1c94f79a0 mode 0
Event: 57.892 Thread 0x000002a51f412800 Uncommon trap: trap_request=0xffffffde fr.pc=0x000002a50c872e08
Event: 57.892 Thread 0x000002a51f412800 DEOPT PACKING pc=0x000002a50c872e08 sp=0x000000d1c94fb430
Event: 57.892 Thread 0x000002a51f412800 DEOPT UNPACKING pc=0x000002a50c3458c3 sp=0x000000d1c94fb350 mode 2
Event: 57.970 Executing VM operation: ParallelGCFailedAllocation


Dynamic libraries:
0x00007ff6f8230000 - 0x00007ff6f827a000 	C:\Program Files\Java\jdk-1.8\bin\java.exe
0x00007fffe4520000 - 0x00007fffe4710000 	C:\WINDOWS\SYSTEM32\ntdll.dll
0x00007fffe3f80000 - 0x00007fffe4032000 	C:\WINDOWS\System32\KERNEL32.DLL
0x00007fffe2120000 - 0x00007fffe23c5000 	C:\WINDOWS\System32\KERNELBASE.dll
0x00007fffe26b0000 - 0x00007fffe2753000 	C:\WINDOWS\System32\ADVAPI32.dll
0x00007fffe2e60000 - 0x00007fffe2efe000 	C:\WINDOWS\System32\msvcrt.dll
0x00007fffe27d0000 - 0x00007fffe2867000 	C:\WINDOWS\System32\sechost.dll
0x00007fffe2870000 - 0x00007fffe298f000 	C:\WINDOWS\System32\RPCRT4.dll
0x00007fffe3600000 - 0x00007fffe3794000 	C:\WINDOWS\System32\USER32.dll
0x00007fffe2480000 - 0x00007fffe24a1000 	C:\WINDOWS\System32\win32u.dll
0x00007fffe3850000 - 0x00007fffe3876000 	C:\WINDOWS\System32\GDI32.dll
0x00007fffe24b0000 - 0x00007fffe2648000 	C:\WINDOWS\System32\gdi32full.dll
0x00007fffe1dd0000 - 0x00007fffe1e6e000 	C:\WINDOWS\System32\msvcp_win.dll
0x00007fffe1e70000 - 0x00007fffe1f6a000 	C:\WINDOWS\System32\ucrtbase.dll
0x00007fffe0070000 - 0x00007fffe02f4000 	C:\WINDOWS\WinSxS\amd64_microsoft.windows.common-controls_6595b64144ccf1df_6.0.18362.1556_none_9e7e372fe45e41d5\COMCTL32.dll
0x00007fffe2b20000 - 0x00007fffe2e56000 	C:\WINDOWS\System32\combase.dll
0x00007fffe1570000 - 0x00007fffe15f1000 	C:\WINDOWS\System32\bcryptPrimitives.dll
0x00007fffe3f50000 - 0x00007fffe3f7e000 	C:\WINDOWS\System32\IMM32.DLL
0x00007fffd2260000 - 0x00007fffd227b000 	C:\Program Files\Java\jdk-1.8\jre\bin\vcruntime140.dll
0x00007fffd2210000 - 0x00007fffd221c000 	C:\Program Files\Java\jdk-1.8\jre\bin\vcruntime140_1.dll
0x00007fffaf5c0000 - 0x00007fffaf64e000 	C:\Program Files\Java\jdk-1.8\jre\bin\msvcp140.dll
0x0000000075be0000 - 0x0000000076487000 	C:\Program Files\Java\jdk-1.8\jre\bin\server\jvm.dll
0x00007fffe2b10000 - 0x00007fffe2b18000 	C:\WINDOWS\System32\PSAPI.DLL
0x00007fffcc670000 - 0x00007fffcc679000 	C:\WINDOWS\SYSTEM32\WSOCK32.dll
0x00007fffe3a40000 - 0x00007fffe3aaf000 	C:\WINDOWS\System32\WS2_32.dll
0x00007fffde5e0000 - 0x00007fffde604000 	C:\WINDOWS\SYSTEM32\WINMM.dll
0x00007fffde350000 - 0x00007fffde37d000 	C:\WINDOWS\SYSTEM32\WINMMBASE.dll
0x00007fffe1600000 - 0x00007fffe164a000 	C:\WINDOWS\System32\cfgmgr32.dll
0x00007fffd9160000 - 0x00007fffd916a000 	C:\WINDOWS\SYSTEM32\VERSION.dll
0x00007fffe14e0000 - 0x00007fffe14f1000 	C:\WINDOWS\System32\kernel.appcore.dll
0x00007fffd49e0000 - 0x00007fffd49f0000 	C:\Program Files\Java\jdk-1.8\jre\bin\verify.dll
0x00007fffcc150000 - 0x00007fffcc17b000 	C:\Program Files\Java\jdk-1.8\jre\bin\java.dll
0x00007fffcc650000 - 0x00007fffcc668000 	C:\Program Files\Java\jdk-1.8\jre\bin\zip.dll
0x00007fffe2f00000 - 0x00007fffe35e7000 	C:\WINDOWS\System32\SHELL32.dll
0x00007fffe37a0000 - 0x00007fffe3848000 	C:\WINDOWS\System32\shcore.dll
0x00007fffe1650000 - 0x00007fffe1dcb000 	C:\WINDOWS\System32\windows.storage.dll
0x00007fffe1550000 - 0x00007fffe156e000 	C:\WINDOWS\System32\profapi.dll
0x00007fffe1500000 - 0x00007fffe154a000 	C:\WINDOWS\System32\powrprof.dll
0x00007fffe14b0000 - 0x00007fffe14c0000 	C:\WINDOWS\System32\UMPDC.dll
0x00007fffe3880000 - 0x00007fffe38d2000 	C:\WINDOWS\System32\shlwapi.dll
0x00007fffe1fa0000 - 0x00007fffe1fb7000 	C:\WINDOWS\System32\cryptsp.dll
0x00007fffaa3b0000 - 0x00007fffaa52e000 	C:\Program Files\Java\jdk-1.8\jre\bin\awt.dll
0x00007fffe2990000 - 0x00007fffe2a55000 	C:\WINDOWS\System32\OLEAUT32.dll
0x00007fffded60000 - 0x00007fffdedef000 	C:\WINDOWS\SYSTEM32\apphelp.dll
0x00007fffdef30000 - 0x00007fffdefc9000 	C:\WINDOWS\system32\uxtheme.dll
0x00007fffe3c60000 - 0x00007fffe3d95000 	C:\WINDOWS\System32\MSCTF.dll
0x00007fffe38e0000 - 0x00007fffe3a37000 	C:\WINDOWS\System32\ole32.dll
0x00007fffdf440000 - 0x00007fffdf46d000 	C:\WINDOWS\system32\DWMAPI.DLL
0x00007fffba9c0000 - 0x00007fffbaa0f000 	C:\Program Files\Java\jdk-1.8\jre\bin\fontmanager.dll
0x00007fffcd2e0000 - 0x00007fffcd436000 	C:\WINDOWS\system32\opengl32.dll
0x00007fffd0950000 - 0x00007fffd097c000 	C:\WINDOWS\SYSTEM32\GLU32.dll
0x00007fffdfad0000 - 0x00007fffdfaf0000 	C:\WINDOWS\SYSTEM32\dxcore.dll
0x00007fffe0440000 - 0x00007fffe0473000 	C:\WINDOWS\system32\rsaenh.dll
0x00007fffe1f70000 - 0x00007fffe1f96000 	C:\WINDOWS\System32\bcrypt.dll
0x00007fffe13a0000 - 0x00007fffe13c5000 	C:\WINDOWS\SYSTEM32\USERENV.dll
0x00007fffe0b40000 - 0x00007fffe0b4c000 	C:\WINDOWS\SYSTEM32\CRYPTBASE.dll
0x00007fffcc130000 - 0x00007fffcc14c000 	C:\Program Files\Java\jdk-1.8\jre\bin\net.dll
0x00007fffe08c0000 - 0x00007fffe0927000 	C:\WINDOWS\system32\mswsock.dll
0x00007fffe05d0000 - 0x00007fffe060a000 	C:\WINDOWS\SYSTEM32\IPHLPAPI.DLL
0x00007fffe35f0000 - 0x00007fffe35f8000 	C:\WINDOWS\System32\NSI.dll
0x00007fffd8e40000 - 0x00007fffd8e56000 	C:\WINDOWS\SYSTEM32\dhcpcsvc6.DLL
0x00007fffd8f10000 - 0x00007fffd8f2c000 	C:\WINDOWS\SYSTEM32\dhcpcsvc.DLL
0x00007fffe0610000 - 0x00007fffe06db000 	C:\WINDOWS\SYSTEM32\DNSAPI.dll
0x00007fffca760000 - 0x00007fffca773000 	C:\Program Files\Java\jdk-1.8\jre\bin\nio.dll
0x00007fffd7d70000 - 0x00007fffd7d7a000 	C:\Windows\System32\rasadhlp.dll
0x00007fffd8d60000 - 0x00007fffd8dd7000 	C:\WINDOWS\System32\fwpuclnt.dll
0x00007fffe2a60000 - 0x00007fffe2b02000 	C:\WINDOWS\System32\clbcatq.dll
0x00007fffdbcc0000 - 0x00007fffdbe6f000 	C:\WINDOWS\SYSTEM32\WindowsCodecs.dll
0x00007fffcdb40000 - 0x00007fffcdb7b000 	C:\WINDOWS\system32\dataexchange.dll
0x00007fffde380000 - 0x00007fffde5db000 	C:\WINDOWS\system32\d3d11.dll
0x00007fffde6e0000 - 0x00007fffde8bd000 	C:\WINDOWS\system32\dcomp.dll
0x00007fffdfb60000 - 0x00007fffdfc4b000 	C:\WINDOWS\system32\dxgi.dll
0x00007fffdefd0000 - 0x00007fffdf22a000 	C:\WINDOWS\system32\twinapi.appcore.dll
0x00007fffdf350000 - 0x00007fffdf379000 	C:\WINDOWS\system32\RMCLIENT.dll
0x00007fffb9d80000 - 0x00007fffb9dc3000 	C:\Program Files\Java\jdk-1.8\jre\bin\t2k.dll
0x00007fffd2ce0000 - 0x00007fffd2d7b000 	C:\WINDOWS\System32\TextInputFramework.dll
0x00007fffdc150000 - 0x00007fffdc47a000 	C:\WINDOWS\System32\CoreUIComponents.dll
0x00007fffdde10000 - 0x00007fffddee4000 	C:\WINDOWS\System32\CoreMessaging.dll
0x00007fffe1260000 - 0x00007fffe1291000 	C:\WINDOWS\SYSTEM32\ntmarta.dll
0x00007fffdbff0000 - 0x00007fffdc142000 	C:\WINDOWS\SYSTEM32\wintypes.dll
0x00007fffb4ce0000 - 0x00007fffb4d0a000 	C:\Program Files\Java\jdk-1.8\jre\bin\dcpr.dll
0x00007fffd17e0000 - 0x00007fffd1a87000 	C:\WINDOWS\System32\iertutil.dll
0x00007fffe0f80000 - 0x00007fffe1174000 	C:\WINDOWS\SYSTEM32\dbghelp.dll

VM Arguments:
jvm_args: -Dfile.encoding=UTF-8 -Djava.security.policy=applet.policy 
java_command: jframe.ManageBooks
java_class_path (initial): C:\Program Files\NetBeans-18\netbeans\java\modules\ext\AbsoluteLayout.jar;C:\Users\Oumaima_Rzini\Downloads\1515879047_RSCalendar\RSCalendar.jar;C:\Users\Oumaima_Rzini\Downloads\1515878801_RojeruSan.parte1.jar\RojeruSan.parte1.jar;C:\Users\Oumaima_Rzini\Downloads\mysql-connector-java-8.0.11.jar;C:\Users\Oumaima_Rzini\Downloads\JFreeChart;C:\Users\Oumaima_Rzini\Downloads\JFreeChart.zip;C:\Users\Oumaima_Rzini\Downloads\jcalendar-1.4.jar\jcalendar-1.4.jar;C:\Users\Oumaima_Rzini\Documents\NetBeansProjects\Library_Management_System\build\classes
Launcher Type: SUN_STANDARD

Environment Variables:
PATH=C:\WINDOWS\system32;C:\WINDOWS;C:\WINDOWS\System32\Wbem;C:\WINDOWS\System32\WindowsPowerShell\v1.0\;C:\WINDOWS\System32\OpenSSH\;C:\Program Files\Microsoft SQL Server\Client SDK\ODBC\170\Tools\Binn\;C:\Program Files (x86)\Microsoft SQL Server\150\Tools\Binn\;C:\Program Files\Microsoft SQL Server\150\Tools\Binn\;C:\Program Files\Microsoft SQL Server\150\DTS\Binn\;C:\Program Files (x86)\Microsoft SQL Server\150\DTS\Binn\;C:\Program Files\Azure Data Studio\bin;C:\Program Files\dotnet\;C:\Program Files\Microsoft SQL Server\110\Tools\Binn\;C:\Program Files\Git\cmd;C:\Program Files\MATLAB\R2023a\bin;C:\Users\Oumaima_Rzini\AppData\Local\Programs\Python\Python311\Scripts\;C:\Users\Oumaima_Rzini\AppData\Local\Programs\Python\Python311\;C:\Users\Oumaima_Rzini\AppData\Local\Microsoft\WindowsApps;;C:\Program Files\Azure Data Studio\bin;C:\Users\Oumaima_Rzini\.dotnet\tools;C:\Users\Oumaima_Rzini\AppData\Local\Programs\Microsoft VS Code\bin
USERNAME=Oumaima_Rzini
OS=Windows_NT
PROCESSOR_IDENTIFIER=Intel64 Family 6 Model 142 Stepping 10, GenuineIntel



---------------  S Y S T E M  ---------------

OS: Windows 10 , 64 bit Build 18362 (10.0.18362.1500)

CPU:total 4 (initial active 4) (2 cores per cpu, 2 threads per core) family 6 model 142 stepping 10, cmov, cx8, fxsr, mmx, sse, sse2, sse3, ssse3, sse4.1, sse4.2, popcnt, avx, avx2, aes, clmul, erms, 3dnowpref, lzcnt, ht, tsc, tscinvbit, bmi1, bmi2, adx

Memory: 4k page, physical 3422132k(404984k free), swap 5519284k(252k free)

vm_info: Java HotSpot(TM) 64-Bit Server VM (25.371-b11) for windows-amd64 JRE (1.8.0_371-b11), built on Mar 17 2023 04:03:45 by "java_re" with MS VC++ 17.1 (VS2022)

time: Sun Jun 25 01:52:54 2023
timezone: Maroc (heure d’été)
elapsed time: 58.220276 seconds (0d 0h 0m 58s)

