#
# There is insufficient memory for the Java Runtime Environment to continue.
# Native memory allocation (malloc) failed to allocate 32744 bytes for ChunkPool::allocate
# Possible reasons:
#   The system is out of physical RAM or swap space
#   The process is running with CompressedOops enabled, and the Java Heap may be blocking the growth of the native heap
# Possible solutions:
#   Reduce memory load on the system
#   Increase physical memory or swap space
#   Check if swap backing store is full
#   Decrease Java heap size (-Xmx/-Xms)
#   Decrease number of Java threads
#   Decrease Java thread stack sizes (-Xss)
#   Set larger code cache with -XX:ReservedCodeCacheSize=
#   JVM is running with Unscaled Compressed Oops mode in which the Java heap is
#     placed in the first 4GB address space. The Java Heap base address is the
#     maximum limit for the native heap growth. Please use -XX:HeapBaseMinAddress
#     to set the Java Heap base and to place the Java Heap above 4GB virtual address.
# This output file may be truncated or incomplete.
#
#  Out of Memory Error (allocation.cpp:272), pid=8860, tid=0x0000000000001028
#
# JRE version: Java(TM) SE Runtime Environment (8.0_371) (build 1.8.0_371-b11)
# Java VM: Java HotSpot(TM) 64-Bit Server VM (25.371-b11 mixed mode windows-amd64 compressed oops)
# Failed to write core dump. Minidumps are not enabled by default on client versions of Windows
#

---------------  T H R E A D  ---------------

Current thread (0x000002bff285a000):  JavaThread "C1 CompilerThread2" daemon [_thread_in_native, id=4136, stack(0x000000ffb6400000,0x000000ffb6500000)]

Stack: [0x000000ffb6400000,0x000000ffb6500000]
Native frames: (J=compiled Java code, j=interpreted, Vv=VM code, C=native code)
V  [jvm.dll+0x34d9f9]


Current CompileTask:
C1:   8849 2378   !   3       java.awt.DefaultKeyboardFocusManager::dispatchEvent (1645 bytes)


---------------  P R O C E S S  ---------------

Java Threads: ( => current thread )
  0x000002bff45fe000 JavaThread "Abandoned connection cleanup thread" daemon [_thread_blocked, id=7900, stack(0x000000ffb7100000,0x000000ffb7200000)]
  0x000002bff41a6800 JavaThread "TimerQueue" daemon [_thread_blocked, id=6296, stack(0x000000ffb6c00000,0x000000ffb6d00000)]
  0x000002bfdeb57000 JavaThread "DestroyJavaVM" [_thread_blocked, id=5236, stack(0x000000ffb5800000,0x000000ffb5900000)]
  0x000002bff37d3800 JavaThread "AWT-EventQueue-0" [_thread_in_Java, id=8656, stack(0x000000ffb6a00000,0x000000ffb6b00000)]
  0x000002bff3771800 JavaThread "AWT-Windows" daemon [_thread_in_native, id=7008, stack(0x000000ffb6900000,0x000000ffb6a00000)]
  0x000002bff3771000 JavaThread "AWT-Shutdown" [_thread_blocked, id=1628, stack(0x000000ffb6800000,0x000000ffb6900000)]
  0x000002bff376e000 JavaThread "Java2D Disposer" daemon [_thread_blocked, id=10392, stack(0x000000ffb6700000,0x000000ffb6800000)]
  0x000002bff28cf800 JavaThread "Service Thread" daemon [_thread_blocked, id=5016, stack(0x000000ffb6500000,0x000000ffb6600000)]
=>0x000002bff285a000 JavaThread "C1 CompilerThread2" daemon [_thread_in_native, id=4136, stack(0x000000ffb6400000,0x000000ffb6500000)]
  0x000002bff2852800 JavaThread "C2 CompilerThread1" daemon [_thread_in_native, id=5128, stack(0x000000ffb6300000,0x000000ffb6400000)]
  0x000002bff284c000 JavaThread "C2 CompilerThread0" daemon [_thread_blocked, id=11048, stack(0x000000ffb6200000,0x000000ffb6300000)]
  0x000002bff2848800 JavaThread "Attach Listener" daemon [_thread_blocked, id=6180, stack(0x000000ffb6100000,0x000000ffb6200000)]
  0x000002bff2847000 JavaThread "Signal Dispatcher" daemon [_thread_blocked, id=560, stack(0x000000ffb6000000,0x000000ffb6100000)]
  0x000002bff20f9000 JavaThread "Finalizer" daemon [_thread_blocked, id=7748, stack(0x000000ffb5f00000,0x000000ffb6000000)]
  0x000002bff2826000 JavaThread "Reference Handler" daemon [_thread_blocked, id=5000, stack(0x000000ffb5e00000,0x000000ffb5f00000)]

Other Threads:
  0x000002bff2804800 VMThread [stack: 0x000000ffb5d00000,0x000000ffb5e00000] [id=1496]
  0x000002bff28ec000 WatcherThread [stack: 0x000000ffb6600000,0x000000ffb6700000] [id=2588]

VM state:not at safepoint (normal execution)

VM Mutex/Monitor currently owned by a thread: None

heap address: 0x00000000cbc00000, size: 836 MB, Compressed Oops mode: 32-bit
Narrow klass base: 0x0000000000000000, Narrow klass shift: 3
Compressed class space size: 1073741824 Address: 0x0000000100000000

Heap:
 PSYoungGen      total 72192K, used 15418K [0x00000000ee980000, 0x00000000f3f80000, 0x0000000100000000)
  eden space 57344K, 24% used [0x00000000ee980000,0x00000000ef70e0d8,0x00000000f2180000)
  from space 14848K, 10% used [0x00000000f3100000,0x00000000f3280820,0x00000000f3f80000)
  to   space 15360K, 0% used [0x00000000f2180000,0x00000000f2180000,0x00000000f3080000)
 ParOldGen       total 36864K, used 23035K [0x00000000cbc00000, 0x00000000ce000000, 0x00000000ee980000)
  object space 36864K, 62% used [0x00000000cbc00000,0x00000000cd27ec30,0x00000000ce000000)
 Metaspace       used 19669K, capacity 19962K, committed 20352K, reserved 1067008K
  class space    used 2492K, capacity 2577K, committed 2688K, reserved 1048576K

Card table byte_map: [0x000002bfef960000,0x000002bfefb10000] byte_map_base: 0x000002bfef302000

Marking Bits: (ParMarkBitMap*) 0x000000006e90d980
 Begin Bits: [0x000002bfefc30000, 0x000002bff0940000)
 End Bits:   [0x000002bff0940000, 0x000002bff1650000)

Polling page: 0x000002bfdeae0000

CodeCache: size=245760Kb used=7499Kb max_used=7509Kb free=238260Kb
 bounds [0x000002bfe05a0000, 0x000002bfe0d00000, 0x000002bfef5a0000]
 total_blobs=2943 nmethods=2376 adapters=478
 compilation: enabled

Compilation events (10 events):
Event: 8.708 Thread 0x000002bff285a000 nmethod 2373 0x000002bfe0cf5310 code [0x000002bfe0cf5560, 0x000002bfe0cf6380]
Event: 8.783 Thread 0x000002bff285a000 2374   !   3       java.awt.Container::findComponentAt (42 bytes)
Event: 8.784 Thread 0x000002bff285a000 nmethod 2374 0x000002bfe0cf49d0 code [0x000002bfe0cf4b60, 0x000002bfe0cf5180]
Event: 8.784 Thread 0x000002bff285a000 2375   !   3       sun.awt.AWTAutoShutdown::getPeer (43 bytes)
Event: 8.784 Thread 0x000002bff284c000 2376       4       java.util.concurrent.ConcurrentLinkedQueue::poll (85 bytes)
Event: 8.785 Thread 0x000002bff285a000 nmethod 2375 0x000002bfe0cf4090 code [0x000002bfe0cf4220, 0x000002bfe0cf4790]
Event: 8.789 Thread 0x000002bff284c000 nmethod 2376 0x000002bfe0cf97d0 code [0x000002bfe0cf9920, 0x000002bfe0cf9b18]
Event: 8.822 Thread 0x000002bff285a000 2377       3       sun.awt.SunToolkit::isTouchKeyboardAutoShowEnabled (4 bytes)
Event: 8.822 Thread 0x000002bff285a000 nmethod 2377 0x000002bfe0cf3d90 code [0x000002bfe0cf3ee0, 0x000002bfe0cf4038]
Event: 8.822 Thread 0x000002bff285a000 2378   !   3       java.awt.DefaultKeyboardFocusManager::dispatchEvent (1645 bytes)

GC Heap History (10 events):
Event: 3.031 GC heap before
{Heap before GC invocations=4 (full 0):
 PSYoungGen      total 16384K, used 16213K [0x00000000ee980000, 0x00000000f0980000, 0x0000000100000000)
  eden space 14336K, 99% used [0x00000000ee980000,0x00000000ef75c3e0,0x00000000ef780000)
  from space 2048K, 98% used [0x00000000ef780000,0x00000000ef979070,0x00000000ef980000)
  to   space 2048K, 0% used [0x00000000f0780000,0x00000000f0780000,0x00000000f0980000)
 ParOldGen       total 36864K, used 19142K [0x00000000cbc00000, 0x00000000ce000000, 0x00000000ee980000)
  object space 36864K, 51% used [0x00000000cbc00000,0x00000000cceb1af0,0x00000000ce000000)
 Metaspace       used 18881K, capacity 19162K, committed 19456K, reserved 1067008K
  class space    used 2455K, capacity 2545K, committed 2560K, reserved 1048576K
Event: 3.037 GC heap after
Heap after GC invocations=4 (full 0):
 PSYoungGen      total 30720K, used 2035K [0x00000000ee980000, 0x00000000f0980000, 0x0000000100000000)
  eden space 28672K, 0% used [0x00000000ee980000,0x00000000ee980000,0x00000000f0580000)
  from space 2048K, 99% used [0x00000000f0780000,0x00000000f097cdd8,0x00000000f0980000)
  to   space 2048K, 0% used [0x00000000f0580000,0x00000000f0580000,0x00000000f0780000)
 ParOldGen       total 36864K, used 20542K [0x00000000cbc00000, 0x00000000ce000000, 0x00000000ee980000)
  object space 36864K, 55% used [0x00000000cbc00000,0x00000000cd00f9c0,0x00000000ce000000)
 Metaspace       used 18881K, capacity 19162K, committed 19456K, reserved 1067008K
  class space    used 2455K, capacity 2545K, committed 2560K, reserved 1048576K
}
Event: 5.909 GC heap before
{Heap before GC invocations=5 (full 0):
 PSYoungGen      total 30720K, used 30707K [0x00000000ee980000, 0x00000000f0980000, 0x0000000100000000)
  eden space 28672K, 100% used [0x00000000ee980000,0x00000000f0580000,0x00000000f0580000)
  from space 2048K, 99% used [0x00000000f0780000,0x00000000f097cdd8,0x00000000f0980000)
  to   space 2048K, 0% used [0x00000000f0580000,0x00000000f0580000,0x00000000f0780000)
 ParOldGen       total 36864K, used 20542K [0x00000000cbc00000, 0x00000000ce000000, 0x00000000ee980000)
  object space 36864K, 55% used [0x00000000cbc00000,0x00000000cd00f9c0,0x00000000ce000000)
 Metaspace       used 19308K, capacity 19578K, committed 19840K, reserved 1067008K
  class space    used 2488K, capacity 2577K, committed 2688K, reserved 1048576K
Event: 5.914 GC heap after
Heap after GC invocations=5 (full 0):
 PSYoungGen      total 30720K, used 2035K [0x00000000ee980000, 0x00000000f4080000, 0x0000000100000000)
  eden space 28672K, 0% used [0x00000000ee980000,0x00000000ee980000,0x00000000f0580000)
  from space 2048K, 99% used [0x00000000f0580000,0x00000000f077cdd8,0x00000000f0780000)
  to   space 15872K, 0% used [0x00000000f3100000,0x00000000f3100000,0x00000000f4080000)
 ParOldGen       total 36864K, used 21041K [0x00000000cbc00000, 0x00000000ce000000, 0x00000000ee980000)
  object space 36864K, 57% used [0x00000000cbc00000,0x00000000cd08c4e0,0x00000000ce000000)
 Metaspace       used 19308K, capacity 19578K, committed 19840K, reserved 1067008K
  class space    used 2488K, capacity 2577K, committed 2688K, reserved 1048576K
}
Event: 6.184 GC heap before
{Heap before GC invocations=6 (full 0):
 PSYoungGen      total 30720K, used 30521K [0x00000000ee980000, 0x00000000f4080000, 0x0000000100000000)
  eden space 28672K, 99% used [0x00000000ee980000,0x00000000f0551950,0x00000000f0580000)
  from space 2048K, 99% used [0x00000000f0580000,0x00000000f077cdd8,0x00000000f0780000)
  to   space 15872K, 0% used [0x00000000f3100000,0x00000000f3100000,0x00000000f4080000)
 ParOldGen       total 36864K, used 21041K [0x00000000cbc00000, 0x00000000ce000000, 0x00000000ee980000)
  object space 36864K, 57% used [0x00000000cbc00000,0x00000000cd08c4e0,0x00000000ce000000)
 Metaspace       used 19375K, capacity 19706K, committed 20096K, reserved 1067008K
  class space    used 2488K, capacity 2577K, committed 2688K, reserved 1048576K
Event: 6.190 GC heap after
Heap after GC invocations=6 (full 0):
 PSYoungGen      total 72192K, used 3168K [0x00000000ee980000, 0x00000000f3f80000, 0x0000000100000000)
  eden space 57344K, 0% used [0x00000000ee980000,0x00000000ee980000,0x00000000f2180000)
  from space 14848K, 21% used [0x00000000f3100000,0x00000000f34181e0,0x00000000f3f80000)
  to   space 15360K, 0% used [0x00000000f2180000,0x00000000f2180000,0x00000000f3080000)
 ParOldGen       total 36864K, used 21041K [0x00000000cbc00000, 0x00000000ce000000, 0x00000000ee980000)
  object space 36864K, 57% used [0x00000000cbc00000,0x00000000cd08c4e0,0x00000000ce000000)
 Metaspace       used 19375K, capacity 19706K, committed 20096K, reserved 1067008K
  class space    used 2488K, capacity 2577K, committed 2688K, reserved 1048576K
}
Event: 7.493 GC heap before
{Heap before GC invocations=7 (full 0):
 PSYoungGen      total 72192K, used 60451K [0x00000000ee980000, 0x00000000f3f80000, 0x0000000100000000)
  eden space 57344K, 99% used [0x00000000ee980000,0x00000000f2170c70,0x00000000f2180000)
  from space 14848K, 21% used [0x00000000f3100000,0x00000000f34181e0,0x00000000f3f80000)
  to   space 15360K, 0% used [0x00000000f2180000,0x00000000f2180000,0x00000000f3080000)
 ParOldGen       total 36864K, used 21041K [0x00000000cbc00000, 0x00000000ce000000, 0x00000000ee980000)
  object space 36864K, 57% used [0x00000000cbc00000,0x00000000cd08c4e0,0x00000000ce000000)
 Metaspace       used 19518K, capacity 19834K, committed 20096K, reserved 1067008K
  class space    used 2492K, capacity 2577K, committed 2688K, reserved 1048576K
Event: 7.499 GC heap after
Heap after GC invocations=7 (full 0):
 PSYoungGen      total 72704K, used 1735K [0x00000000ee980000, 0x00000000f3f80000, 0x0000000100000000)
  eden space 57344K, 0% used [0x00000000ee980000,0x00000000ee980000,0x00000000f2180000)
  from space 15360K, 11% used [0x00000000f2180000,0x00000000f2331ed0,0x00000000f3080000)
  to   space 14848K, 0% used [0x00000000f3100000,0x00000000f3100000,0x00000000f3f80000)
 ParOldGen       total 36864K, used 22955K [0x00000000cbc00000, 0x00000000ce000000, 0x00000000ee980000)
  object space 36864K, 62% used [0x00000000cbc00000,0x00000000cd26ac30,0x00000000ce000000)
 Metaspace       used 19518K, capacity 19834K, committed 20096K, reserved 1067008K
  class space    used 2492K, capacity 2577K, committed 2688K, reserved 1048576K
}
Event: 8.719 GC heap before
{Heap before GC invocations=8 (full 0):
 PSYoungGen      total 72704K, used 58938K [0x00000000ee980000, 0x00000000f3f80000, 0x0000000100000000)
  eden space 57344K, 99% used [0x00000000ee980000,0x00000000f215cbd8,0x00000000f2180000)
  from space 15360K, 11% used [0x00000000f2180000,0x00000000f2331ed0,0x00000000f3080000)
  to   space 14848K, 0% used [0x00000000f3100000,0x00000000f3100000,0x00000000f3f80000)
 ParOldGen       total 36864K, used 22955K [0x00000000cbc00000, 0x00000000ce000000, 0x00000000ee980000)
  object space 36864K, 62% used [0x00000000cbc00000,0x00000000cd26ac30,0x00000000ce000000)
 Metaspace       used 19628K, capacity 19898K, committed 20352K, reserved 1067008K
  class space    used 2492K, capacity 2577K, committed 2688K, reserved 1048576K
Event: 8.721 GC heap after
Heap after GC invocations=8 (full 0):
 PSYoungGen      total 72192K, used 1538K [0x00000000ee980000, 0x00000000f3f80000, 0x0000000100000000)
  eden space 57344K, 0% used [0x00000000ee980000,0x00000000ee980000,0x00000000f2180000)
  from space 14848K, 10% used [0x00000000f3100000,0x00000000f3280820,0x00000000f3f80000)
  to   space 15360K, 0% used [0x00000000f2180000,0x00000000f2180000,0x00000000f3080000)
 ParOldGen       total 36864K, used 23035K [0x00000000cbc00000, 0x00000000ce000000, 0x00000000ee980000)
  object space 36864K, 62% used [0x00000000cbc00000,0x00000000cd27ec30,0x00000000ce000000)
 Metaspace       used 19628K, capacity 19898K, committed 20352K, reserved 1067008K
  class space    used 2492K, capacity 2577K, committed 2688K, reserved 1048576K
}

Deoptimization events (10 events):
Event: 2.840 Thread 0x000002bff37d3800 Uncommon trap: reason=predicate action=maybe_recompile pc=0x000002bfe0a9a10c method=efectos.FastGaussianBlur.boxBlurT_4([I[IIID)V @ 20
Event: 2.841 Thread 0x000002bff37d3800 Uncommon trap: reason=unstable_if action=reinterpret pc=0x000002bfe0a9ae98 method=efectos.FastGaussianBlur.boxBlurT_4([I[IIID)V @ 239
Event: 3.863 Thread 0x000002bff37d3800 Uncommon trap: reason=unstable_if action=reinterpret pc=0x000002bfe0add72c method=sun.java2d.pipe.AlphaPaintPipe.renderPathTile(Ljava/lang/Object;[BIIIIII)V @ 38
Event: 5.781 Thread 0x000002bff37d3800 Uncommon trap: reason=class_check action=maybe_recompile pc=0x000002bfe0716dd4 method=java.lang.String.equals(Ljava/lang/Object;)Z @ 8
Event: 5.781 Thread 0x000002bff37d3800 Uncommon trap: reason=class_check action=maybe_recompile pc=0x000002bfe0716dd4 method=java.lang.String.equals(Ljava/lang/Object;)Z @ 8
Event: 5.781 Thread 0x000002bff37d3800 Uncommon trap: reason=class_check action=maybe_recompile pc=0x000002bfe0716dd4 method=java.lang.String.equals(Ljava/lang/Object;)Z @ 8
Event: 5.948 Thread 0x000002bff37d3800 Uncommon trap: reason=unstable_if action=reinterpret pc=0x000002bfe0bb2d24 method=java.awt.MultipleGradientPaintContext.indexIntoGradientsArrays(F)I @ 24
Event: 5.948 Thread 0x000002bff37d3800 Uncommon trap: reason=unstable_if action=reinterpret pc=0x000002bfe0a6e920 method=java.awt.MultipleGradientPaintContext.indexIntoGradientsArrays(F)I @ 24
Event: 7.039 Thread 0x000002bff37d3800 Uncommon trap: reason=class_check action=maybe_recompile pc=0x000002bfe0716dd4 method=java.lang.String.equals(Ljava/lang/Object;)Z @ 8
Event: 7.182 Thread 0x000002bff37d3800 Uncommon trap: reason=unstable_if action=reinterpret pc=0x000002bfe0891218 method=java.util.Calendar.getSetStateFields()I @ 19

Classes redefined (0 events):
No events

Internal exceptions (10 events):
Event: 0.511 Thread 0x000002bfdeb57000 Exception <a 'java/lang/ClassNotFoundException': ToolBarSeparator> (0x00000000eed04398) thrown at [C:\jenkins\workspace\8-2-build-windows-x64-cygwin\jdk8u371\3355\hotspot\src\share\vm\classfile\systemDictionary.cpp, line 212]
Event: 0.511 Thread 0x000002bfdeb57000 Exception <a 'java/lang/ClassNotFoundException': ToolTip> (0x00000000eed04ad8) thrown at [C:\jenkins\workspace\8-2-build-windows-x64-cygwin\jdk8u371\3355\hotspot\src\share\vm\classfile\systemDictionary.cpp, line 212]
Event: 0.512 Thread 0x000002bfdeb57000 Exception <a 'java/lang/ClassNotFoundException': Tree> (0x00000000eed056f8) thrown at [C:\jenkins\workspace\8-2-build-windows-x64-cygwin\jdk8u371\3355\hotspot\src\share\vm\classfile\systemDictionary.cpp, line 212]
Event: 0.512 Thread 0x000002bfdeb57000 Exception <a 'java/lang/ClassNotFoundException': Tree> (0x00000000eed05e38) thrown at [C:\jenkins\workspace\8-2-build-windows-x64-cygwin\jdk8u371\3355\hotspot\src\share\vm\classfile\systemDictionary.cpp, line 212]
Event: 0.512 Thread 0x000002bfdeb57000 Exception <a 'java/lang/ClassNotFoundException': javax/swing/JTreeCell> (0x00000000eed061b8) thrown at [C:\jenkins\workspace\8-2-build-windows-x64-cygwin\jdk8u371\3355\hotspot\src\share\vm\classfile\systemDictionary.cpp, line 212]
Event: 0.513 Thread 0x000002bfdeb57000 Exception <a 'java/lang/ClassNotFoundException': TreeCell> (0x00000000eed06640) thrown at [C:\jenkins\workspace\8-2-build-windows-x64-cygwin\jdk8u371\3355\hotspot\src\share\vm\classfile\systemDictionary.cpp, line 212]
Event: 0.513 Thread 0x000002bfdeb57000 Exception <a 'java/lang/ClassNotFoundException': RootPane> (0x00000000eed070a0) thrown at [C:\jenkins\workspace\8-2-build-windows-x64-cygwin\jdk8u371\3355\hotspot\src\share\vm\classfile\systemDictionary.cpp, line 212]
Event: 1.666 Thread 0x000002bff37d3800 Implicit null exception at 0x000002bfe07fb8b9 to 0x000002bfe07fbac4
Event: 2.817 Thread 0x000002bff37d3800 Implicit null exception at 0x000002bfe0a8cb99 to 0x000002bfe0a8cc6d
Event: 3.863 Thread 0x000002bff37d3800 Implicit null exception at 0x000002bfe0adc76a to 0x000002bfe0add6f1

Events (10 events):
Event: 7.182 Thread 0x000002bff37d3800 DEOPT PACKING pc=0x000002bfe0891218 sp=0x000000ffb6afb630
Event: 7.182 Thread 0x000002bff37d3800 DEOPT UNPACKING pc=0x000002bfe05e58c3 sp=0x000000ffb6afb5c0 mode 2
Event: 7.194 Thread 0x000002bff37d3800 DEOPT PACKING pc=0x000002bfe0bdbae6 sp=0x000000ffb6afb5c0
Event: 7.194 Thread 0x000002bff37d3800 DEOPT UNPACKING pc=0x000002bfe05e7918 sp=0x000000ffb6afb2c0 mode 0
Event: 7.493 Executing VM operation: ParallelGCFailedAllocation
Event: 7.499 Executing VM operation: ParallelGCFailedAllocation done
Event: 8.273 Thread 0x000002bff37d3800 DEOPT PACKING pc=0x000002bfe0bdbae6 sp=0x000000ffb6afb6b0
Event: 8.273 Thread 0x000002bff37d3800 DEOPT UNPACKING pc=0x000002bfe05e7918 sp=0x000000ffb6afb3b0 mode 0
Event: 8.719 Executing VM operation: ParallelGCFailedAllocation
Event: 8.721 Executing VM operation: ParallelGCFailedAllocation done


Dynamic libraries:
0x00007ff7ec0d0000 - 0x00007ff7ec11a000 	C:\Program Files\Java\jdk-1.8\bin\java.exe
0x00007ffe26000000 - 0x00007ffe261f0000 	C:\WINDOWS\SYSTEM32\ntdll.dll
0x00007ffe24af0000 - 0x00007ffe24ba2000 	C:\WINDOWS\System32\KERNEL32.DLL
0x00007ffe23d80000 - 0x00007ffe24025000 	C:\WINDOWS\System32\KERNELBASE.dll
0x00007ffe25c20000 - 0x00007ffe25cc3000 	C:\WINDOWS\System32\ADVAPI32.dll
0x00007ffe24ef0000 - 0x00007ffe24f8e000 	C:\WINDOWS\System32\msvcrt.dll
0x00007ffe259e0000 - 0x00007ffe25a77000 	C:\WINDOWS\System32\sechost.dll
0x00007ffe241a0000 - 0x00007ffe242bf000 	C:\WINDOWS\System32\RPCRT4.dll
0x00007ffe25de0000 - 0x00007ffe25f74000 	C:\WINDOWS\System32\USER32.dll
0x00007ffe23d50000 - 0x00007ffe23d71000 	C:\WINDOWS\System32\win32u.dll
0x00007ffe25560000 - 0x00007ffe25586000 	C:\WINDOWS\System32\GDI32.dll
0x00007ffe22ff0000 - 0x00007ffe23188000 	C:\WINDOWS\System32\gdi32full.dll
0x00007ffe23ad0000 - 0x00007ffe23b6e000 	C:\WINDOWS\System32\msvcp_win.dll
0x00007ffe23c50000 - 0x00007ffe23d4a000 	C:\WINDOWS\System32\ucrtbase.dll
0x00007ffe13b90000 - 0x00007ffe13e14000 	C:\WINDOWS\WinSxS\amd64_microsoft.windows.common-controls_6595b64144ccf1df_6.0.18362.1556_none_9e7e372fe45e41d5\COMCTL32.dll
0x00007ffe24bb0000 - 0x00007ffe24ee6000 	C:\WINDOWS\System32\combase.dll
0x00007ffe23b70000 - 0x00007ffe23bf1000 	C:\WINDOWS\System32\bcryptPrimitives.dll
0x00007ffe25530000 - 0x00007ffe2555e000 	C:\WINDOWS\System32\IMM32.DLL
0x00007ffe0dca0000 - 0x00007ffe0dcbb000 	C:\Program Files\Java\jdk-1.8\jre\bin\vcruntime140.dll
0x00007ffe0f7f0000 - 0x00007ffe0f7fc000 	C:\Program Files\Java\jdk-1.8\jre\bin\vcruntime140_1.dll
0x00007ffdf3970000 - 0x00007ffdf39fe000 	C:\Program Files\Java\jdk-1.8\jre\bin\msvcp140.dll
0x000000006e0e0000 - 0x000000006e987000 	C:\Program Files\Java\jdk-1.8\jre\bin\server\jvm.dll
0x00007ffe25fb0000 - 0x00007ffe25fb8000 	C:\WINDOWS\System32\PSAPI.DLL
0x00007ffe11220000 - 0x00007ffe11229000 	C:\WINDOWS\SYSTEM32\WSOCK32.dll
0x00007ffe24130000 - 0x00007ffe2419f000 	C:\WINDOWS\System32\WS2_32.dll
0x00007ffe206f0000 - 0x00007ffe20714000 	C:\WINDOWS\SYSTEM32\WINMM.dll
0x00007ffe1b8e0000 - 0x00007ffe1b8ea000 	C:\WINDOWS\SYSTEM32\VERSION.dll
0x00007ffe206c0000 - 0x00007ffe206ed000 	C:\WINDOWS\SYSTEM32\winmmbase.dll
0x00007ffe240e0000 - 0x00007ffe2412a000 	C:\WINDOWS\System32\cfgmgr32.dll
0x00007ffe22f40000 - 0x00007ffe22f51000 	C:\WINDOWS\System32\kernel.appcore.dll
0x00007ffe146d0000 - 0x00007ffe146e0000 	C:\Program Files\Java\jdk-1.8\jre\bin\verify.dll
0x00007ffdf7590000 - 0x00007ffdf75bb000 	C:\Program Files\Java\jdk-1.8\jre\bin\java.dll
0x00007ffe035a0000 - 0x00007ffe035b8000 	C:\Program Files\Java\jdk-1.8\jre\bin\zip.dll
0x00007ffe24330000 - 0x00007ffe24a17000 	C:\WINDOWS\System32\SHELL32.dll
0x00007ffe25930000 - 0x00007ffe259d8000 	C:\WINDOWS\System32\shcore.dll
0x00007ffe232f0000 - 0x00007ffe23a6b000 	C:\WINDOWS\System32\windows.storage.dll
0x00007ffe22fb0000 - 0x00007ffe22fce000 	C:\WINDOWS\System32\profapi.dll
0x00007ffe22f60000 - 0x00007ffe22faa000 	C:\WINDOWS\System32\powrprof.dll
0x00007ffe22f30000 - 0x00007ffe22f40000 	C:\WINDOWS\System32\UMPDC.dll
0x00007ffe25bc0000 - 0x00007ffe25c12000 	C:\WINDOWS\System32\shlwapi.dll
0x00007ffe23c30000 - 0x00007ffe23c47000 	C:\WINDOWS\System32\cryptsp.dll
0x00007ffde0e80000 - 0x00007ffde0ffe000 	C:\Program Files\Java\jdk-1.8\jre\bin\awt.dll
0x00007ffe24f90000 - 0x00007ffe25055000 	C:\WINDOWS\System32\OLEAUT32.dll
0x00007ffe20d70000 - 0x00007ffe20dff000 	C:\WINDOWS\SYSTEM32\apphelp.dll
0x00007ffe20f20000 - 0x00007ffe20fb9000 	C:\WINDOWS\system32\uxtheme.dll
0x00007ffe25a80000 - 0x00007ffe25bb5000 	C:\WINDOWS\System32\MSCTF.dll
0x00007ffe25740000 - 0x00007ffe25897000 	C:\WINDOWS\System32\ole32.dll
0x00007ffe21530000 - 0x00007ffe2155d000 	C:\WINDOWS\system32\DWMAPI.DLL
0x00007ffdf3570000 - 0x00007ffdf35bf000 	C:\Program Files\Java\jdk-1.8\jre\bin\fontmanager.dll
0x00007ffdfea50000 - 0x00007ffdfeba6000 	C:\WINDOWS\system32\opengl32.dll
0x00007ffe11890000 - 0x00007ffe118bc000 	C:\WINDOWS\SYSTEM32\GLU32.dll
0x00007ffe21b70000 - 0x00007ffe21b90000 	C:\WINDOWS\SYSTEM32\dxcore.dll
0x00007ffe005b0000 - 0x00007ffe005cc000 	C:\Program Files\Java\jdk-1.8\jre\bin\net.dll
0x00007ffe22770000 - 0x00007ffe227d7000 	C:\WINDOWS\system32\mswsock.dll
0x00007ffdffa00000 - 0x00007ffdffa13000 	C:\Program Files\Java\jdk-1.8\jre\bin\nio.dll
0x00007ffdf27b0000 - 0x00007ffdf27f3000 	C:\Program Files\Java\jdk-1.8\jre\bin\t2k.dll
0x00007ffe22290000 - 0x00007ffe222c3000 	C:\WINDOWS\system32\rsaenh.dll
0x00007ffe23c00000 - 0x00007ffe23c26000 	C:\WINDOWS\System32\bcrypt.dll
0x00007ffe22e50000 - 0x00007ffe22e75000 	C:\WINDOWS\SYSTEM32\USERENV.dll
0x00007ffe22940000 - 0x00007ffe2294c000 	C:\WINDOWS\SYSTEM32\CRYPTBASE.dll
0x00007ffe22480000 - 0x00007ffe224ba000 	C:\WINDOWS\SYSTEM32\IPHLPAPI.DLL
0x00007ffe25fa0000 - 0x00007ffe25fa8000 	C:\WINDOWS\System32\NSI.dll
0x00007ffe16b00000 - 0x00007ffe16b16000 	C:\WINDOWS\SYSTEM32\dhcpcsvc6.DLL
0x00007ffe16de0000 - 0x00007ffe16dfc000 	C:\WINDOWS\SYSTEM32\dhcpcsvc.DLL
0x00007ffe224d0000 - 0x00007ffe2259b000 	C:\WINDOWS\SYSTEM32\DNSAPI.dll
0x00007ffe25cd0000 - 0x00007ffe25d72000 	C:\WINDOWS\System32\clbcatq.dll
0x00007ffe1e9f0000 - 0x00007ffe1eb9f000 	C:\WINDOWS\SYSTEM32\WindowsCodecs.dll
0x00007ffe0d760000 - 0x00007ffe0d79b000 	C:\WINDOWS\system32\dataexchange.dll
0x00007ffe204e0000 - 0x00007ffe206bd000 	C:\WINDOWS\system32\dcomp.dll
0x00007ffe20280000 - 0x00007ffe204db000 	C:\WINDOWS\system32\d3d11.dll
0x00007ffe21c00000 - 0x00007ffe21ceb000 	C:\WINDOWS\system32\dxgi.dll
0x00007ffe21000000 - 0x00007ffe2125a000 	C:\WINDOWS\system32\twinapi.appcore.dll
0x00007ffe21360000 - 0x00007ffe21389000 	C:\WINDOWS\system32\RMCLIENT.dll
0x00007ffe16330000 - 0x00007ffe1633a000 	C:\Windows\System32\rasadhlp.dll
0x00007ffe16a20000 - 0x00007ffe16a97000 	C:\WINDOWS\System32\fwpuclnt.dll
0x00007ffe1c6b0000 - 0x00007ffe1c74b000 	C:\WINDOWS\System32\TextInputFramework.dll
0x00007ffe1ed60000 - 0x00007ffe1f08a000 	C:\WINDOWS\System32\CoreUIComponents.dll
0x00007ffe20b60000 - 0x00007ffe20c34000 	C:\WINDOWS\System32\CoreMessaging.dll
0x00007ffe21f70000 - 0x00007ffe21fa1000 	C:\WINDOWS\SYSTEM32\ntmarta.dll
0x00007ffe1ebd0000 - 0x00007ffe1ed22000 	C:\WINDOWS\SYSTEM32\wintypes.dll
0x00007ffdfb470000 - 0x00007ffdfb49a000 	C:\Program Files\Java\jdk-1.8\jre\bin\dcpr.dll
0x00007ffe136e0000 - 0x00007ffe13987000 	C:\WINDOWS\System32\iertutil.dll

VM Arguments:
jvm_args: -Dfile.encoding=UTF-8 -Djava.security.policy=applet.policy 
java_command: jframe.ViewAllRecord
java_class_path (initial): C:\Program Files\NetBeans-18\netbeans\java\modules\ext\AbsoluteLayout.jar;C:\Users\Oumaima_Rzini\Downloads\1515879047_RSCalendar\RSCalendar.jar;C:\Users\Oumaima_Rzini\Downloads\1515878801_RojeruSan.parte1.jar\RojeruSan.parte1.jar;C:\Users\Oumaima_Rzini\Downloads\JFreeChart;C:\Users\Oumaima_Rzini\Downloads\JFreeChart.zip;C:\Users\Oumaima_Rzini\Downloads\jcalendar-1.4.jar\jcalendar-1.4.jar;C:\Users\Oumaima_Rzini\Downloads\mysql-connector-java-8.0.11.jar;C:\Users\Oumaima_Rzini\Documents\NetBeansProjects\Library_Management_System\build\classes
Launcher Type: SUN_STANDARD

Environment Variables:
PATH=C:\WINDOWS\system32;C:\WINDOWS;C:\WINDOWS\System32\Wbem;C:\WINDOWS\System32\WindowsPowerShell\v1.0\;C:\WINDOWS\System32\OpenSSH\;C:\Program Files\Microsoft SQL Server\Client SDK\ODBC\170\Tools\Binn\;C:\Program Files (x86)\Microsoft SQL Server\150\Tools\Binn\;C:\Program Files\Microsoft SQL Server\150\Tools\Binn\;C:\Program Files\Microsoft SQL Server\150\DTS\Binn\;C:\Program Files (x86)\Microsoft SQL Server\150\DTS\Binn\;C:\Program Files\Azure Data Studio\bin;C:\Program Files\dotnet\;C:\Program Files\Microsoft SQL Server\110\Tools\Binn\;C:\Program Files\Git\cmd;C:\Program Files\MATLAB\R2023a\bin;C:\Users\Oumaima_Rzini\AppData\Local\Programs\Python\Python311\Scripts\;C:\Users\Oumaima_Rzini\AppData\Local\Programs\Python\Python311\;C:\Users\Oumaima_Rzini\AppData\Local\Microsoft\WindowsApps;;C:\Program Files\Azure Data Studio\bin;C:\Users\Oumaima_Rzini\.dotnet\tools;C:\Users\Oumaima_Rzini\AppData\Local\Programs\Microsoft VS Code\bin
USERNAME=Oumaima_Rzini
OS=Windows_NT
PROCESSOR_IDENTIFIER=Intel64 Family 6 Model 142 Stepping 10, GenuineIntel



---------------  S Y S T E M  ---------------

OS: Windows 10 , 64 bit Build 18362 (10.0.18362.1500)

CPU:total 4 (initial active 4) (2 cores per cpu, 2 threads per core) family 6 model 142 stepping 10, cmov, cx8, fxsr, mmx, sse, sse2, sse3, ssse3, sse4.1, sse4.2, popcnt, avx, avx2, aes, clmul, erms, 3dnowpref, lzcnt, ht, tsc, tscinvbit, bmi1, bmi2, adx

Memory: 4k page, physical 3422132k(331236k free), swap 5519284k(2068k free)

vm_info: Java HotSpot(TM) 64-Bit Server VM (25.371-b11) for windows-amd64 JRE (1.8.0_371-b11), built on Mar 17 2023 04:03:45 by "java_re" with MS VC++ 17.1 (VS2022)

time: Sun Jul 16 22:28:19 2023
timezone: Maroc (heure d’été)
elapsed time: 8.865599 seconds (0d 0h 0m 8s)

