#
# There is insufficient memory for the Java Runtime Environment to continue.
# Native memory allocation (malloc) failed to allocate 131088 bytes for Chunk::new
# Possible reasons:
#   The system is out of physical RAM or swap space
#   The process is running with CompressedOops enabled, and the Java Heap may be blocking the growth of the native heap
# Possible solutions:
#   Reduce memory load on the system
#   Increase physical memory or swap space
#   Check if swap backing store is full
#   Decrease Java heap size (-Xmx/-Xms)
#   Decrease number of Java threads
#   Decrease Java thread stack sizes (-Xss)
#   Set larger code cache with -XX:ReservedCodeCacheSize=
#   JVM is running with Unscaled Compressed Oops mode in which the Java heap is
#     placed in the first 4GB address space. The Java Heap base address is the
#     maximum limit for the native heap growth. Please use -XX:HeapBaseMinAddress
#     to set the Java Heap base and to place the Java Heap above 4GB virtual address.
# This output file may be truncated or incomplete.
#
#  Out of Memory Error (allocation.cpp:389), pid=9120, tid=0x0000000000002254
#
# JRE version: Java(TM) SE Runtime Environment (8.0_371) (build 1.8.0_371-b11)
# Java VM: Java HotSpot(TM) 64-Bit Server VM (25.371-b11 mixed mode windows-amd64 compressed oops)
# Failed to write core dump. Minidumps are not enabled by default on client versions of Windows
#

---------------  T H R E A D  ---------------

Current thread (0x000002514e91c000):  JavaThread "C2 CompilerThread0" daemon [_thread_in_native, id=8788, stack(0x000000ae37200000,0x000000ae37300000)]

Stack: [0x000000ae37200000,0x000000ae37300000]
Native frames: (J=compiled Java code, j=interpreted, Vv=VM code, C=native code)
V  [jvm.dll+0x34d9f9]
V  [jvm.dll+0x28aa12]
V  [jvm.dll+0x28b5dd]
V  [jvm.dll+0x281da5]
V  [jvm.dll+0xdb51c]
V  [jvm.dll+0xdbd2c]
V  [jvm.dll+0xdb876]
V  [jvm.dll+0x4f4a9f]
V  [jvm.dll+0x4b7aeb]
V  [jvm.dll+0x465a70]
V  [jvm.dll+0x463622]
V  [jvm.dll+0x44d45b]
V  [jvm.dll+0xb02c6]
V  [jvm.dll+0xae99f]
V  [jvm.dll+0x24e572]
V  [jvm.dll+0x2a76ac]
C  [ucrtbase.dll+0x210b2]
C  [KERNEL32.DLL+0x17c24]
C  [ntdll.dll+0x6d721]


Current CompileTask:
C2:  23983 1706   !   4       java.awt.EventDispatchThread::pumpOneEventForFilters (190 bytes)


---------------  P R O C E S S  ---------------

Java Threads: ( => current thread )
  0x000002514f5bc800 JavaThread "Abandoned connection cleanup thread" daemon [_thread_blocked, id=6324, stack(0x000000ae37c00000,0x000000ae37d00000)]
  0x00000251501b8800 JavaThread "TimerQueue" daemon [_thread_blocked, id=2336, stack(0x000000ae37b00000,0x000000ae37c00000)]
  0x000002513ad27800 JavaThread "DestroyJavaVM" [_thread_blocked, id=9344, stack(0x000000ae36800000,0x000000ae36900000)]
  0x000002514f8b5800 JavaThread "AWT-EventQueue-0" [_thread_blocked, id=6464, stack(0x000000ae37a00000,0x000000ae37b00000)]
  0x000002514f853800 JavaThread "AWT-Windows" daemon [_thread_in_native, id=4256, stack(0x000000ae37900000,0x000000ae37a00000)]
  0x000002514f850800 JavaThread "AWT-Shutdown" [_thread_blocked, id=6748, stack(0x000000ae37800000,0x000000ae37900000)]
  0x000002514f84f800 JavaThread "Java2D Disposer" daemon [_thread_blocked, id=8688, stack(0x000000ae37700000,0x000000ae37800000)]
  0x000002514e9a9000 JavaThread "Service Thread" daemon [_thread_blocked, id=248, stack(0x000000ae37500000,0x000000ae37600000)]
  0x000002514e938800 JavaThread "C1 CompilerThread2" daemon [_thread_blocked, id=8636, stack(0x000000ae37400000,0x000000ae37500000)]
  0x000002514e91e000 JavaThread "C2 CompilerThread1" daemon [_thread_blocked, id=8408, stack(0x000000ae37300000,0x000000ae37400000)]
=>0x000002514e91c000 JavaThread "C2 CompilerThread0" daemon [_thread_in_native, id=8788, stack(0x000000ae37200000,0x000000ae37300000)]
  0x000002514e917000 JavaThread "Attach Listener" daemon [_thread_blocked, id=6460, stack(0x000000ae37100000,0x000000ae37200000)]
  0x000002514e916000 JavaThread "Signal Dispatcher" daemon [_thread_blocked, id=8256, stack(0x000000ae37000000,0x000000ae37100000)]
  0x000002514e1cb000 JavaThread "Finalizer" daemon [_thread_blocked, id=7528, stack(0x000000ae36f00000,0x000000ae37000000)]
  0x000002514e8f6000 JavaThread "Reference Handler" daemon [_thread_blocked, id=2820, stack(0x000000ae36e00000,0x000000ae36f00000)]

Other Threads:
  0x000002514e8d3800 VMThread [stack: 0x000000ae36d00000,0x000000ae36e00000] [id=988]
  0x000002514e9bd800 WatcherThread [stack: 0x000000ae37600000,0x000000ae37700000] [id=5164]

VM state:not at safepoint (normal execution)

VM Mutex/Monitor currently owned by a thread: None

heap address: 0x00000000cbc00000, size: 836 MB, Compressed Oops mode: 32-bit
Narrow klass base: 0x0000000000000000, Narrow klass shift: 3
Compressed class space size: 1073741824 Address: 0x0000000100000000

Heap:
 PSYoungGen      total 66560K, used 13700K [0x00000000ee980000, 0x00000000f5480000, 0x0000000100000000)
  eden space 57344K, 16% used [0x00000000ee980000,0x00000000ef28e580,0x00000000f2180000)
  from space 9216K, 48% used [0x00000000f2180000,0x00000000f25d2c90,0x00000000f2a80000)
  to   space 8704K, 0% used [0x00000000f4c00000,0x00000000f4c00000,0x00000000f5480000)
 ParOldGen       total 36864K, used 18747K [0x00000000cbc00000, 0x00000000ce000000, 0x00000000ee980000)
  object space 36864K, 50% used [0x00000000cbc00000,0x00000000cce4eef8,0x00000000ce000000)
 Metaspace       used 17606K, capacity 17886K, committed 18176K, reserved 1064960K
  class space    used 2144K, capacity 2243K, committed 2304K, reserved 1048576K

Card table byte_map: [0x000002514bb50000,0x000002514bd00000] byte_map_base: 0x000002514b4f2000

Marking Bits: (ParMarkBitMap*) 0x000000006be5d980
 Begin Bits: [0x000002514bd00000, 0x000002514ca10000)
 End Bits:   [0x000002514ca10000, 0x000002514d720000)

Polling page: 0x000002513ac90000

CodeCache: size=245760Kb used=5812Kb max_used=5825Kb free=239947Kb
 bounds [0x000002513c790000, 0x000002513cd50000, 0x000002514b790000]
 total_blobs=2263 nmethods=1708 adapters=467
 compilation: enabled

Compilation events (10 events):
Event: 23.320 Thread 0x000002514e91c000 1702   !   4       java.util.concurrent.DelayQueue::take (214 bytes)
Event: 23.335 Thread 0x000002514e91e000 1703       4       java.util.PriorityQueue::poll (64 bytes)
Event: 23.349 Thread 0x000002514e91e000 nmethod 1703 0x000002513cd3b1d0 code [0x000002513cd3b360, 0x000002513cd3ba38]
Event: 23.358 Thread 0x000002514e91c000 nmethod 1702 0x000002513cd3edd0 code [0x000002513cd3f020, 0x000002513cd40210]
Event: 23.663 Thread 0x000002514e91e000 1704       4       java.awt.EventQueue::dispatchEvent (80 bytes)
Event: 23.679 Thread 0x000002514e91c000 1705   !   4       java.awt.EventDispatchThread::filterAndCheckEvent (108 bytes)
Event: 23.686 Thread 0x000002514e91c000 nmethod 1705 0x000002513cd34850 code [0x000002513cd349a0, 0x000002513cd34e58]
Event: 23.686 Thread 0x000002514e91c000 1706   !   4       java.awt.EventDispatchThread::pumpOneEventForFilters (190 bytes)
Event: 23.694 Thread 0x000002514e91e000 nmethod 1704 0x000002513cd41f50 code [0x000002513cd421a0, 0x000002513cd43360]
Event: 23.789 Thread 0x000002514e91e000 1707   !   4       javax.swing.TimerQueue::addTimer (82 bytes)

GC Heap History (10 events):
Event: 16.928 GC heap before
{Heap before GC invocations=5 (full 0):
 PSYoungGen      total 16384K, used 16185K [0x00000000ee980000, 0x00000000f0980000, 0x0000000100000000)
  eden space 14336K, 98% used [0x00000000ee980000,0x00000000ef751a58,0x00000000ef780000)
  from space 2048K, 99% used [0x00000000ef980000,0x00000000efb7cc80,0x00000000efb80000)
  to   space 2048K, 0% used [0x00000000ef780000,0x00000000ef780000,0x00000000ef980000)
 ParOldGen       total 36864K, used 14711K [0x00000000cbc00000, 0x00000000ce000000, 0x00000000ee980000)
  object space 36864K, 39% used [0x00000000cbc00000,0x00000000cca5df38,0x00000000ce000000)
 Metaspace       used 14136K, capacity 14352K, committed 14720K, reserved 1062912K
  class space    used 1773K, capacity 1838K, committed 1920K, reserved 1048576K
Event: 16.932 GC heap after
Heap after GC invocations=5 (full 0):
 PSYoungGen      total 16384K, used 2035K [0x00000000ee980000, 0x00000000f1680000, 0x0000000100000000)
  eden space 14336K, 0% used [0x00000000ee980000,0x00000000ee980000,0x00000000ef780000)
  from space 2048K, 99% used [0x00000000ef780000,0x00000000ef97cc80,0x00000000ef980000)
  to   space 8704K, 0% used [0x00000000f0e00000,0x00000000f0e00000,0x00000000f1680000)
 ParOldGen       total 36864K, used 17220K [0x00000000cbc00000, 0x00000000ce000000, 0x00000000ee980000)
  object space 36864K, 46% used [0x00000000cbc00000,0x00000000cccd1348,0x00000000ce000000)
 Metaspace       used 14136K, capacity 14352K, committed 14720K, reserved 1062912K
  class space    used 1773K, capacity 1838K, committed 1920K, reserved 1048576K
}
Event: 17.031 GC heap before
{Heap before GC invocations=6 (full 0):
 PSYoungGen      total 16384K, used 16157K [0x00000000ee980000, 0x00000000f1680000, 0x0000000100000000)
  eden space 14336K, 98% used [0x00000000ee980000,0x00000000ef74a780,0x00000000ef780000)
  from space 2048K, 99% used [0x00000000ef780000,0x00000000ef97cc80,0x00000000ef980000)
  to   space 8704K, 0% used [0x00000000f0e00000,0x00000000f0e00000,0x00000000f1680000)
 ParOldGen       total 36864K, used 17220K [0x00000000cbc00000, 0x00000000ce000000, 0x00000000ee980000)
  object space 36864K, 46% used [0x00000000cbc00000,0x00000000cccd1348,0x00000000ce000000)
 Metaspace       used 14146K, capacity 14352K, committed 14720K, reserved 1062912K
  class space    used 1774K, capacity 1838K, committed 1920K, reserved 1048576K
Event: 17.035 GC heap after
Heap after GC invocations=6 (full 0):
 PSYoungGen      total 37376K, used 5052K [0x00000000ee980000, 0x00000000f1680000, 0x0000000100000000)
  eden space 28672K, 0% used [0x00000000ee980000,0x00000000ee980000,0x00000000f0580000)
  from space 8704K, 58% used [0x00000000f0e00000,0x00000000f12ef160,0x00000000f1680000)
  to   space 8704K, 0% used [0x00000000f0580000,0x00000000f0580000,0x00000000f0e00000)
 ParOldGen       total 36864K, used 17228K [0x00000000cbc00000, 0x00000000ce000000, 0x00000000ee980000)
  object space 36864K, 46% used [0x00000000cbc00000,0x00000000cccd3348,0x00000000ce000000)
 Metaspace       used 14146K, capacity 14352K, committed 14720K, reserved 1062912K
  class space    used 1774K, capacity 1838K, committed 1920K, reserved 1048576K
}
Event: 20.768 GC heap before
{Heap before GC invocations=7 (full 0):
 PSYoungGen      total 37376K, used 33724K [0x00000000ee980000, 0x00000000f1680000, 0x0000000100000000)
  eden space 28672K, 100% used [0x00000000ee980000,0x00000000f0580000,0x00000000f0580000)
  from space 8704K, 58% used [0x00000000f0e00000,0x00000000f12ef160,0x00000000f1680000)
  to   space 8704K, 0% used [0x00000000f0580000,0x00000000f0580000,0x00000000f0e00000)
 ParOldGen       total 36864K, used 17228K [0x00000000cbc00000, 0x00000000ce000000, 0x00000000ee980000)
  object space 36864K, 46% used [0x00000000cbc00000,0x00000000cccd3348,0x00000000ce000000)
 Metaspace       used 16425K, capacity 16656K, committed 17024K, reserved 1064960K
  class space    used 2029K, capacity 2112K, committed 2176K, reserved 1048576K
Event: 20.775 GC heap after
Heap after GC invocations=7 (full 0):
 PSYoungGen      total 37376K, used 1463K [0x00000000ee980000, 0x00000000f3380000, 0x0000000100000000)
  eden space 28672K, 0% used [0x00000000ee980000,0x00000000ee980000,0x00000000f0580000)
  from space 8704K, 16% used [0x00000000f0580000,0x00000000f06ede58,0x00000000f0e00000)
  to   space 9216K, 0% used [0x00000000f2a80000,0x00000000f2a80000,0x00000000f3380000)
 ParOldGen       total 36864K, used 18707K [0x00000000cbc00000, 0x00000000ce000000, 0x00000000ee980000)
  object space 36864K, 50% used [0x00000000cbc00000,0x00000000cce44ef8,0x00000000ce000000)
 Metaspace       used 16425K, capacity 16656K, committed 17024K, reserved 1064960K
  class space    used 2029K, capacity 2112K, committed 2176K, reserved 1048576K
}
Event: 21.115 GC heap before
{Heap before GC invocations=8 (full 0):
 PSYoungGen      total 37376K, used 30000K [0x00000000ee980000, 0x00000000f3380000, 0x0000000100000000)
  eden space 28672K, 99% used [0x00000000ee980000,0x00000000f055e490,0x00000000f0580000)
  from space 8704K, 16% used [0x00000000f0580000,0x00000000f06ede58,0x00000000f0e00000)
  to   space 9216K, 0% used [0x00000000f2a80000,0x00000000f2a80000,0x00000000f3380000)
 ParOldGen       total 36864K, used 18707K [0x00000000cbc00000, 0x00000000ce000000, 0x00000000ee980000)
  object space 36864K, 50% used [0x00000000cbc00000,0x00000000cce44ef8,0x00000000ce000000)
 Metaspace       used 17510K, capacity 17758K, committed 18176K, reserved 1064960K
  class space    used 2144K, capacity 2243K, committed 2304K, reserved 1048576K
Event: 21.120 GC heap after
Heap after GC invocations=8 (full 0):
 PSYoungGen      total 66560K, used 5970K [0x00000000ee980000, 0x00000000f3380000, 0x0000000100000000)
  eden space 57344K, 0% used [0x00000000ee980000,0x00000000ee980000,0x00000000f2180000)
  from space 9216K, 64% used [0x00000000f2a80000,0x00000000f3054bd0,0x00000000f3380000)
  to   space 9216K, 0% used [0x00000000f2180000,0x00000000f2180000,0x00000000f2a80000)
 ParOldGen       total 36864K, used 18731K [0x00000000cbc00000, 0x00000000ce000000, 0x00000000ee980000)
  object space 36864K, 50% used [0x00000000cbc00000,0x00000000cce4aef8,0x00000000ce000000)
 Metaspace       used 17510K, capacity 17758K, committed 18176K, reserved 1064960K
  class space    used 2144K, capacity 2243K, committed 2304K, reserved 1048576K
}
Event: 21.681 GC heap before
{Heap before GC invocations=9 (full 0):
 PSYoungGen      total 66560K, used 62911K [0x00000000ee980000, 0x00000000f3380000, 0x0000000100000000)
  eden space 57344K, 99% used [0x00000000ee980000,0x00000000f211b0f0,0x00000000f2180000)
  from space 9216K, 64% used [0x00000000f2a80000,0x00000000f3054bd0,0x00000000f3380000)
  to   space 9216K, 0% used [0x00000000f2180000,0x00000000f2180000,0x00000000f2a80000)
 ParOldGen       total 36864K, used 18731K [0x00000000cbc00000, 0x00000000ce000000, 0x00000000ee980000)
  object space 36864K, 50% used [0x00000000cbc00000,0x00000000cce4aef8,0x00000000ce000000)
 Metaspace       used 17568K, capacity 17822K, committed 18176K, reserved 1064960K
  class space    used 2144K, capacity 2243K, committed 2304K, reserved 1048576K
Event: 21.686 GC heap after
Heap after GC invocations=9 (full 0):
 PSYoungGen      total 66560K, used 4427K [0x00000000ee980000, 0x00000000f5480000, 0x0000000100000000)
  eden space 57344K, 0% used [0x00000000ee980000,0x00000000ee980000,0x00000000f2180000)
  from space 9216K, 48% used [0x00000000f2180000,0x00000000f25d2c90,0x00000000f2a80000)
  to   space 8704K, 0% used [0x00000000f4c00000,0x00000000f4c00000,0x00000000f5480000)
 ParOldGen       total 36864K, used 18747K [0x00000000cbc00000, 0x00000000ce000000, 0x00000000ee980000)
  object space 36864K, 50% used [0x00000000cbc00000,0x00000000cce4eef8,0x00000000ce000000)
 Metaspace       used 17568K, capacity 17822K, committed 18176K, reserved 1064960K
  class space    used 2144K, capacity 2243K, committed 2304K, reserved 1048576K
}

Deoptimization events (10 events):
Event: 16.448 Thread 0x000002514f8b5800 Uncommon trap: reason=unstable_if action=reinterpret pc=0x000002513cbb88a4 method=java.awt.EventQueue.postEvent(Ljava/awt/AWTEvent;I)V @ 6
Event: 16.523 Thread 0x000002514f8b5800 Uncommon trap: reason=unstable_if action=reinterpret pc=0x000002513cbe54b4 method=efectos.FastGaussianBlur.blur(Ljava/awt/image/BufferedImage;D)V @ 73
Event: 16.590 Thread 0x000002514f8b5800 Uncommon trap: reason=unstable_if action=reinterpret pc=0x000002513cc03188 method=java.awt.image.BufferedImage.setRGB(IIII[III)V @ 16
Event: 16.597 Thread 0x000002514f8b5800 Uncommon trap: reason=unstable_if action=reinterpret pc=0x000002513cbeacd4 method=java.awt.image.BufferedImage.getRGB(IIII[III)[I @ 163
Event: 16.637 Thread 0x000002514f8b5800 Uncommon trap: reason=unstable_if action=reinterpret pc=0x000002513cbf9184 method=java.awt.image.DirectColorModel.getDataElements(ILjava/lang/Object;)Ljava/lang/Object; @ 11
Event: 16.646 Thread 0x000002514f8b5800 Uncommon trap: reason=unstable_if action=reinterpret pc=0x000002513cc041c8 method=java.awt.image.BufferedImage.setRGB(IIII[III)V @ 16
Event: 16.659 Thread 0x000002514f8b5800 Uncommon trap: reason=predicate action=maybe_recompile pc=0x000002513cbe9360 method=efectos.FastGaussianBlur.boxBlurH_4([I[IIID)V @ 20
Event: 16.659 Thread 0x000002514f8b5800 Uncommon trap: reason=unstable_if action=reinterpret pc=0x000002513cbf1fb0 method=efectos.FastGaussianBlur.boxBlurH_4([I[IIID)V @ 219
Event: 16.678 Thread 0x000002514f8b5800 Uncommon trap: reason=predicate action=maybe_recompile pc=0x000002513cbf62f8 method=efectos.FastGaussianBlur.boxBlurT_4([I[IIID)V @ 20
Event: 16.678 Thread 0x000002514f8b5800 Uncommon trap: reason=unstable_if action=reinterpret pc=0x000002513cbf30d8 method=efectos.FastGaussianBlur.boxBlurT_4([I[IIID)V @ 239

Classes redefined (0 events):
No events

Internal exceptions (10 events):
Event: 0.418 Thread 0x000002513ad27800 Exception <a 'java/lang/ClassNotFoundException': ToggleButton> (0x00000000eecfc700) thrown at [C:\jenkins\workspace\8-2-build-windows-x64-cygwin\jdk8u371\3355\hotspot\src\share\vm\classfile\systemDictionary.cpp, line 212]
Event: 0.418 Thread 0x000002513ad27800 Exception <a 'java/lang/ClassNotFoundException': javax/swing/JToolBarSeparator> (0x00000000eecfcb60) thrown at [C:\jenkins\workspace\8-2-build-windows-x64-cygwin\jdk8u371\3355\hotspot\src\share\vm\classfile\systemDictionary.cpp, line 212]
Event: 0.418 Thread 0x000002513ad27800 Exception <a 'java/lang/ClassNotFoundException': ToolBarSeparator> (0x00000000eecfcff8) thrown at [C:\jenkins\workspace\8-2-build-windows-x64-cygwin\jdk8u371\3355\hotspot\src\share\vm\classfile\systemDictionary.cpp, line 212]
Event: 0.419 Thread 0x000002513ad27800 Exception <a 'java/lang/ClassNotFoundException': ToolTip> (0x00000000eecfd738) thrown at [C:\jenkins\workspace\8-2-build-windows-x64-cygwin\jdk8u371\3355\hotspot\src\share\vm\classfile\systemDictionary.cpp, line 212]
Event: 0.421 Thread 0x000002513ad27800 Exception <a 'java/lang/ClassNotFoundException': Tree> (0x00000000eecfe358) thrown at [C:\jenkins\workspace\8-2-build-windows-x64-cygwin\jdk8u371\3355\hotspot\src\share\vm\classfile\systemDictionary.cpp, line 212]
Event: 0.421 Thread 0x000002513ad27800 Exception <a 'java/lang/ClassNotFoundException': Tree> (0x00000000eecfea98) thrown at [C:\jenkins\workspace\8-2-build-windows-x64-cygwin\jdk8u371\3355\hotspot\src\share\vm\classfile\systemDictionary.cpp, line 212]
Event: 0.421 Thread 0x000002513ad27800 Exception <a 'java/lang/ClassNotFoundException': javax/swing/JTreeCell> (0x00000000eecfee18) thrown at [C:\jenkins\workspace\8-2-build-windows-x64-cygwin\jdk8u371\3355\hotspot\src\share\vm\classfile\systemDictionary.cpp, line 212]
Event: 0.422 Thread 0x000002513ad27800 Exception <a 'java/lang/ClassNotFoundException': TreeCell> (0x00000000eecff2a0) thrown at [C:\jenkins\workspace\8-2-build-windows-x64-cygwin\jdk8u371\3355\hotspot\src\share\vm\classfile\systemDictionary.cpp, line 212]
Event: 0.422 Thread 0x000002513ad27800 Exception <a 'java/lang/ClassNotFoundException': RootPane> (0x00000000eecffd00) thrown at [C:\jenkins\workspace\8-2-build-windows-x64-cygwin\jdk8u371\3355\hotspot\src\share\vm\classfile\systemDictionary.cpp, line 212]
Event: 16.637 Thread 0x000002514f8b5800 Implicit null exception at 0x000002513cbf9099 to 0x000002513cbf916d

Events (10 events):
Event: 21.120 Executing VM operation: RevokeBias
Event: 21.120 Executing VM operation: RevokeBias done
Event: 21.120 Executing VM operation: RevokeBias
Event: 21.121 Executing VM operation: RevokeBias done
Event: 21.681 Executing VM operation: ParallelGCFailedAllocation
Event: 21.686 Executing VM operation: ParallelGCFailedAllocation done
Event: 21.687 Executing VM operation: RevokeBias
Event: 21.687 Executing VM operation: RevokeBias done
Event: 21.929 loading class java/security/DomainCombiner
Event: 21.929 loading class java/security/DomainCombiner done


Dynamic libraries:
0x00007ff70ee40000 - 0x00007ff70ee8a000 	C:\Program Files\Java\jdk-1.8\bin\java.exe
0x00007ffdfbf20000 - 0x00007ffdfc110000 	C:\WINDOWS\SYSTEM32\ntdll.dll
0x00007ffdfb910000 - 0x00007ffdfb9c2000 	C:\WINDOWS\System32\KERNEL32.DLL
0x00007ffdf8fd0000 - 0x00007ffdf9275000 	C:\WINDOWS\System32\KERNELBASE.dll
0x00007ffdfbd60000 - 0x00007ffdfbe03000 	C:\WINDOWS\System32\ADVAPI32.dll
0x00007ffdfa4b0000 - 0x00007ffdfa54e000 	C:\WINDOWS\System32\msvcrt.dll
0x00007ffdfa550000 - 0x00007ffdfa5e7000 	C:\WINDOWS\System32\sechost.dll
0x00007ffdfb480000 - 0x00007ffdfb59f000 	C:\WINDOWS\System32\RPCRT4.dll
0x00007ffdfbbb0000 - 0x00007ffdfbd44000 	C:\WINDOWS\System32\USER32.dll
0x00007ffdf9280000 - 0x00007ffdf92a1000 	C:\WINDOWS\System32\win32u.dll
0x00007ffdfbb20000 - 0x00007ffdfbb46000 	C:\WINDOWS\System32\GDI32.dll
0x00007ffdf9f10000 - 0x00007ffdfa0a8000 	C:\WINDOWS\System32\gdi32full.dll
0x00007ffdf95f0000 - 0x00007ffdf968e000 	C:\WINDOWS\System32\msvcp_win.dll
0x00007ffdf9e10000 - 0x00007ffdf9f0a000 	C:\WINDOWS\System32\ucrtbase.dll
0x00007ffdf7c40000 - 0x00007ffdf7ec4000 	C:\WINDOWS\WinSxS\amd64_microsoft.windows.common-controls_6595b64144ccf1df_6.0.18362.1556_none_9e7e372fe45e41d5\COMCTL32.dll
0x00007ffdfa170000 - 0x00007ffdfa4a6000 	C:\WINDOWS\System32\combase.dll
0x00007ffdf93b0000 - 0x00007ffdf9431000 	C:\WINDOWS\System32\bcryptPrimitives.dll
0x00007ffdfa0b0000 - 0x00007ffdfa0de000 	C:\WINDOWS\System32\IMM32.DLL
0x00007ffdd4d60000 - 0x00007ffdd4d7b000 	C:\Program Files\Java\jdk-1.8\jre\bin\vcruntime140.dll
0x00007ffdd2220000 - 0x00007ffdd222c000 	C:\Program Files\Java\jdk-1.8\jre\bin\vcruntime140_1.dll
0x00007ffdc6bd0000 - 0x00007ffdc6c5e000 	C:\Program Files\Java\jdk-1.8\jre\bin\msvcp140.dll
0x000000006b630000 - 0x000000006bed7000 	C:\Program Files\Java\jdk-1.8\jre\bin\server\jvm.dll
0x00007ffdfa160000 - 0x00007ffdfa168000 	C:\WINDOWS\System32\PSAPI.DLL
0x00007ffde57c0000 - 0x00007ffde57c9000 	C:\WINDOWS\SYSTEM32\WSOCK32.dll
0x00007ffdf6530000 - 0x00007ffdf6554000 	C:\WINDOWS\SYSTEM32\WINMM.dll
0x00007ffdf17b0000 - 0x00007ffdf17ba000 	C:\WINDOWS\SYSTEM32\VERSION.dll
0x00007ffdfa0e0000 - 0x00007ffdfa14f000 	C:\WINDOWS\System32\WS2_32.dll
0x00007ffdf6500000 - 0x00007ffdf652d000 	C:\WINDOWS\SYSTEM32\winmmbase.dll
0x00007ffdf95a0000 - 0x00007ffdf95ea000 	C:\WINDOWS\System32\cfgmgr32.dll
0x00007ffdf8ee0000 - 0x00007ffdf8ef1000 	C:\WINDOWS\System32\kernel.appcore.dll
0x00007ffdd4ae0000 - 0x00007ffdd4af0000 	C:\Program Files\Java\jdk-1.8\jre\bin\verify.dll
0x00007ffdc8fd0000 - 0x00007ffdc8ffb000 	C:\Program Files\Java\jdk-1.8\jre\bin\java.dll
0x00007ffdc8fb0000 - 0x00007ffdc8fc8000 	C:\Program Files\Java\jdk-1.8\jre\bin\zip.dll
0x00007ffdface0000 - 0x00007ffdfb3c7000 	C:\WINDOWS\System32\SHELL32.dll
0x00007ffdfbe30000 - 0x00007ffdfbed8000 	C:\WINDOWS\System32\shcore.dll
0x00007ffdf9690000 - 0x00007ffdf9e0b000 	C:\WINDOWS\System32\windows.storage.dll
0x00007ffdf8f50000 - 0x00007ffdf8f6e000 	C:\WINDOWS\System32\profapi.dll
0x00007ffdf8f00000 - 0x00007ffdf8f4a000 	C:\WINDOWS\System32\powrprof.dll
0x00007ffdf8eb0000 - 0x00007ffdf8ec0000 	C:\WINDOWS\System32\UMPDC.dll
0x00007ffdfac80000 - 0x00007ffdfacd2000 	C:\WINDOWS\System32\shlwapi.dll
0x00007ffdf9390000 - 0x00007ffdf93a7000 	C:\WINDOWS\System32\cryptsp.dll
0x00007ffdc59e0000 - 0x00007ffdc5b5e000 	C:\Program Files\Java\jdk-1.8\jre\bin\awt.dll
0x00007ffdfb5a0000 - 0x00007ffdfb665000 	C:\WINDOWS\System32\OLEAUT32.dll
0x00007ffdf6760000 - 0x00007ffdf67ef000 	C:\WINDOWS\SYSTEM32\apphelp.dll
0x00007ffdf6930000 - 0x00007ffdf69c9000 	C:\WINDOWS\system32\uxtheme.dll
0x00007ffdfb670000 - 0x00007ffdfb7a5000 	C:\WINDOWS\System32\MSCTF.dll
0x00007ffdfb7b0000 - 0x00007ffdfb907000 	C:\WINDOWS\System32\ole32.dll
0x00007ffdf6e40000 - 0x00007ffdf6e6d000 	C:\WINDOWS\system32\DWMAPI.DLL
0x00007ffdc6b80000 - 0x00007ffdc6bcf000 	C:\Program Files\Java\jdk-1.8\jre\bin\fontmanager.dll
0x00007ffdd1360000 - 0x00007ffdd14b6000 	C:\WINDOWS\system32\opengl32.dll
0x00007ffdd12f0000 - 0x00007ffdd131c000 	C:\WINDOWS\SYSTEM32\GLU32.dll
0x00007ffdf74d0000 - 0x00007ffdf74f0000 	C:\WINDOWS\SYSTEM32\dxcore.dll
0x00007ffdf7bb0000 - 0x00007ffdf7be3000 	C:\WINDOWS\system32\rsaenh.dll
0x00007ffdf92b0000 - 0x00007ffdf92d6000 	C:\WINDOWS\System32\bcrypt.dll
0x00007ffdf8dd0000 - 0x00007ffdf8df5000 	C:\WINDOWS\SYSTEM32\USERENV.dll
0x00007ffdf8660000 - 0x00007ffdf866c000 	C:\WINDOWS\SYSTEM32\CRYPTBASE.dll
0x00007ffdc8f90000 - 0x00007ffdc8fac000 	C:\Program Files\Java\jdk-1.8\jre\bin\net.dll
0x00007ffdf82c0000 - 0x00007ffdf8327000 	C:\WINDOWS\system32\mswsock.dll
0x00007ffdf7fd0000 - 0x00007ffdf800a000 	C:\WINDOWS\SYSTEM32\IPHLPAPI.DLL
0x00007ffdfbd50000 - 0x00007ffdfbd58000 	C:\WINDOWS\System32\NSI.dll
0x00007ffdec540000 - 0x00007ffdec556000 	C:\WINDOWS\SYSTEM32\dhcpcsvc6.DLL
0x00007ffdec790000 - 0x00007ffdec7ac000 	C:\WINDOWS\SYSTEM32\dhcpcsvc.DLL
0x00007ffdf8010000 - 0x00007ffdf80db000 	C:\WINDOWS\SYSTEM32\DNSAPI.dll
0x00007ffdc8b50000 - 0x00007ffdc8b63000 	C:\Program Files\Java\jdk-1.8\jre\bin\nio.dll
0x00007ffdfb3d0000 - 0x00007ffdfb472000 	C:\WINDOWS\System32\clbcatq.dll
0x00007ffdf40d0000 - 0x00007ffdf427f000 	C:\WINDOWS\SYSTEM32\WindowsCodecs.dll
0x00007ffdd0ab0000 - 0x00007ffdd0aeb000 	C:\WINDOWS\system32\dataexchange.dll
0x00007ffdf5c70000 - 0x00007ffdf5ecb000 	C:\WINDOWS\system32\d3d11.dll
0x00007ffdf5ed0000 - 0x00007ffdf60ad000 	C:\WINDOWS\system32\dcomp.dll
0x00007ffdf7560000 - 0x00007ffdf764b000 	C:\WINDOWS\system32\dxgi.dll
0x00007ffdf69d0000 - 0x00007ffdf6c2a000 	C:\WINDOWS\system32\twinapi.appcore.dll
0x00007ffdf6d50000 - 0x00007ffdf6d79000 	C:\WINDOWS\system32\RMCLIENT.dll
0x00007ffdc6b30000 - 0x00007ffdc6b73000 	C:\Program Files\Java\jdk-1.8\jre\bin\t2k.dll
0x00007ffdea720000 - 0x00007ffdea7bb000 	C:\WINDOWS\System32\TextInputFramework.dll
0x00007ffdf6420000 - 0x00007ffdf64f4000 	C:\WINDOWS\System32\CoreMessaging.dll
0x00007ffdf4500000 - 0x00007ffdf482a000 	C:\WINDOWS\System32\CoreUIComponents.dll
0x00007ffdf4370000 - 0x00007ffdf44c2000 	C:\WINDOWS\SYSTEM32\wintypes.dll
0x00007ffdf8c60000 - 0x00007ffdf8c91000 	C:\WINDOWS\SYSTEM32\ntmarta.dll
0x00007ffdc8b20000 - 0x00007ffdc8b4a000 	C:\Program Files\Java\jdk-1.8\jre\bin\dcpr.dll
0x00007ffde91f0000 - 0x00007ffde9497000 	C:\WINDOWS\System32\iertutil.dll
0x00007ffdebd70000 - 0x00007ffdebd7a000 	C:\Windows\System32\rasadhlp.dll
0x00007ffdec210000 - 0x00007ffdec287000 	C:\WINDOWS\System32\fwpuclnt.dll
0x00007ffdf8980000 - 0x00007ffdf8b74000 	C:\WINDOWS\SYSTEM32\dbghelp.dll

VM Arguments:
jvm_args: -Dfile.encoding=UTF-8 -Djava.security.policy=applet.policy 
java_command: jframe.ReturnBook
java_class_path (initial): C:\Program Files\NetBeans-18\netbeans\java\modules\ext\AbsoluteLayout.jar;C:\Users\Oumaima_Rzini\Downloads\1515879047_RSCalendar\RSCalendar.jar;C:\Users\Oumaima_Rzini\Downloads\1515878801_RojeruSan.parte1.jar\RojeruSan.parte1.jar;C:\Users\Oumaima_Rzini\Downloads\JFreeChart;C:\Users\Oumaima_Rzini\Downloads\JFreeChart.zip;C:\Users\Oumaima_Rzini\Downloads\jcalendar-1.4.jar\jcalendar-1.4.jar;C:\Users\Oumaima_Rzini\Downloads\mysql-connector-java-8.0.11.jar;C:\Users\Oumaima_Rzini\Documents\NetBeansProjects\Library_Management_System\build\classes
Launcher Type: SUN_STANDARD

Environment Variables:
PATH=C:\WINDOWS\system32;C:\WINDOWS;C:\WINDOWS\System32\Wbem;C:\WINDOWS\System32\WindowsPowerShell\v1.0\;C:\WINDOWS\System32\OpenSSH\;C:\Program Files\Microsoft SQL Server\Client SDK\ODBC\170\Tools\Binn\;C:\Program Files (x86)\Microsoft SQL Server\150\Tools\Binn\;C:\Program Files\Microsoft SQL Server\150\Tools\Binn\;C:\Program Files\Microsoft SQL Server\150\DTS\Binn\;C:\Program Files (x86)\Microsoft SQL Server\150\DTS\Binn\;C:\Program Files\Azure Data Studio\bin;C:\Program Files\dotnet\;C:\Program Files\Microsoft SQL Server\110\Tools\Binn\;C:\Program Files\Git\cmd;C:\Program Files\MATLAB\R2023a\bin;C:\Users\Oumaima_Rzini\AppData\Local\Programs\Python\Python311\Scripts\;C:\Users\Oumaima_Rzini\AppData\Local\Programs\Python\Python311\;C:\Users\Oumaima_Rzini\AppData\Local\Microsoft\WindowsApps;;C:\Program Files\Azure Data Studio\bin;C:\Users\Oumaima_Rzini\.dotnet\tools;C:\Users\Oumaima_Rzini\AppData\Local\Programs\Microsoft VS Code\bin
USERNAME=Oumaima_Rzini
OS=Windows_NT
PROCESSOR_IDENTIFIER=Intel64 Family 6 Model 142 Stepping 10, GenuineIntel



---------------  S Y S T E M  ---------------

OS: Windows 10 , 64 bit Build 18362 (10.0.18362.1500)

CPU:total 4 (initial active 4) (2 cores per cpu, 2 threads per core) family 6 model 142 stepping 10, cmov, cx8, fxsr, mmx, sse, sse2, sse3, ssse3, sse4.1, sse4.2, popcnt, avx, avx2, aes, clmul, erms, 3dnowpref, lzcnt, ht, tsc, tscinvbit, bmi1, bmi2, adx

Memory: 4k page, physical 3422132k(351268k free), swap 5519284k(3152k free)

vm_info: Java HotSpot(TM) 64-Bit Server VM (25.371-b11) for windows-amd64 JRE (1.8.0_371-b11), built on Mar 17 2023 04:03:45 by "java_re" with MS VC++ 17.1 (VS2022)

time: Mon Jul 17 17:10:31 2023
timezone: Maroc (heure d’été)
elapsed time: 23.998648 seconds (0d 0h 0m 23s)

